#
# A fatal error has been detected by the Java Runtime Environment:
#
#  SIGSEGV (0xb) at pc=0x00007fff9a60de5d, pid=15262, tid=2571
#
# JRE version: Java(TM) SE Runtime Environment (8.0_20-b26) (build 1.8.0_20-b26)
# Java VM: Java HotSpot(TM) 64-Bit Server VM (25.20-b23 mixed mode bsd-amd64 compressed oops)
# Problematic frame:
# C  [libobjc.A.dylib+0x7e5d]  objc_msgSend+0x1d
#
# Failed to write core dump. Core dumps have been disabled. To enable core dumping, try "ulimit -c unlimited" before starting Java again
#
# If you would like to submit a bug report, please visit:
#   http://bugreport.sun.com/bugreport/crash.jsp
# The crash happened outside the Java Virtual Machine in native code.
# See problematic frame for where to report the bug.
#

---------------  T H R E A D  ---------------

Current thread (0x00007f9dd88a2000):  JavaThread "AppKit Thread" daemon [_thread_in_native, id=2571, stack(0x00007fff5c8c1000,0x00007fff5d0c1000)]

siginfo: si_signo: 11 (SIGSEGV), si_code: 1 (SEGV_MAPERR), si_addr: 0x0000438700010028

Registers:
RAX=0x00007f9dd85591a0, RBX=0x00007fff5d0bc038, RCX=0x00007f9ddacd8bd8, RDX=0x00007f9dd856ad70
RSP=0x00007fff5d0bbff8, RBP=0x00007fff5d0bc000, RSI=0x00007fff9c6f5a75, RDI=0x00007f9dd85591a0
R8 =0x000000000000003f, R9 =0x00007f9ddae029c0, R10=0x00007fff9c6f5a75, R11=0x0000438700010010
R12=0x00007f9dd856ad70, R13=0x00007f9ddae029c0, R14=0x00007f9ddacd8bd0, R15=0x0000000000000000
RIP=0x00007fff9a60de5d, EFLAGS=0x0000000000010202, ERR=0x0000000000000004
  TRAPNO=0x000000000000000e

Top of Stack: (sp=0x00007fff5d0bbff8)
0x00007fff5d0bbff8:   00007fff91158a0c 00007fff5d0bc020
0x00007fff5d0bc008:   00007fff9115899f 0000000000000000
0x00007fff5d0bc018:   0000000000000000 00007fff5d0bc090
0x00007fff5d0bc028:   00007fff91158917 00007fff5d0bc060
0x00007fff5d0bc038:   00007fff7acac0a0 0000000042000000
0x00007fff5d0bc048:   00007fff91158960 00007fff7b09b6f0
0x00007fff5d0bc058:   00007f9ddae029c0 00007f9dd856ad70
0x00007fff5d0bc068:   00007fff5d0bc838 00007fff7b1c6bd0
0x00007fff5d0bc078:   00007fff5d0bc838 00007f9ddae029c0
0x00007fff5d0bc088:   00007fff91517955 00007fff5d0bc0d0
0x00007fff5d0bc098:   00007fff91158682 00007fff5d0bc6b0
0x00007fff5d0bc0a8:   0000000000000001 00007fff7b1c6bd0
0x00007fff5d0bc0b8:   00007fff5d0bc838 00007fff9a60de40
0x00007fff5d0bc0c8:   00007fff91517955 00007fff5d0bc7e0
0x00007fff5d0bc0d8:   00007fff91115442 00007f9dd846b260
0x00007fff5d0bc0e8:   ffff806227b94da0 00007fff7c534e80
0x00007fff5d0bc0f8:   00007f9dd8510860 00007f9dd98030b8
0x00007fff5d0bc108:   00007f9dd848c7a0 0000000000000000
0x00007fff5d0bc118:   0000000000000000 0000000000000000
0x00007fff5d0bc128:   00007f9dd848d530 00007fff7b0d85b0
0x00007fff5d0bc138:   00007fff5d0bc6b0 0000000000000002
0x00007fff5d0bc148:   0000000000000100 00007fff5d0bc100
0x00007fff5d0bc158:   00007fff5d0bc5b0 0000000000000000
0x00007fff5d0bc168:   0000000000000100 00007fff5d0bc100
0x00007fff5d0bc178:   00007fff7b1c6bd0 0000000000000000
0x00007fff5d0bc188:   00007fff7b09c490 00007fff7b1c6bd0
0x00007fff5d0bc198:   0000000000000000 00007fff7b09c490
0x00007fff5d0bc1a8:   00007fff7c534e80 00007fff5d0bc220
0x00007fff5d0bc1b8:   00007fff9a616240 0000000000000000
0x00007fff5d0bc1c8:   00007fff7c536990 0000000100000000
0x00007fff5d0bc1d8:   0000000000000000 ffff806227ac36e0
0x00007fff5d0bc1e8:   00007f9dd915b530 00007f9dd915b600 

Instructions: (pc=0x00007fff9a60de5d)
0x00007fff9a60de3d:   44 00 00 48 85 ff 2e 74 62 40 f6 c7 01 2e 75 66
0x00007fff9a60de4d:   49 bb f8 ff ff ff ff 7f 00 00 4c 23 1f 49 89 f2
0x00007fff9a60de5d:   45 23 53 18 49 c1 e2 04 4d 03 53 10 49 3b 32 75
0x00007fff9a60de6d:   04 41 ff 62 08 49 83 3a 01 76 0d 49 83 c2 10 49 

Register to memory mapping:

RAX=0x00007f9dd85591a0 is an unknown value
RBX=0x00007fff5d0bc038 is pointing into the stack for thread: 0x00007f9dd88a2000
RCX=0x00007f9ddacd8bd8 is an unknown value
RDX=0x00007f9dd856ad70 is an unknown value
RSP=0x00007fff5d0bbff8 is pointing into the stack for thread: 0x00007f9dd88a2000
RBP=0x00007fff5d0bc000 is pointing into the stack for thread: 0x00007f9dd88a2000
RSI=0x00007fff9c6f5a75: -[NSTitlebarContainerView transparent]+0x630eb in /System/Library/Frameworks/AppKit.framework/Versions/C/AppKit at 0x00007fff9bc6e000
RDI=0x00007f9dd85591a0 is an unknown value
R8 =0x000000000000003f is an unknown value
R9 =0x00007f9ddae029c0 is an unknown value
R10=0x00007fff9c6f5a75: -[NSTitlebarContainerView transparent]+0x630eb in /System/Library/Frameworks/AppKit.framework/Versions/C/AppKit at 0x00007fff9bc6e000
R11=0x0000438700010010 is an unknown value
R12=0x00007f9dd856ad70 is an unknown value
R13=0x00007f9ddae029c0 is an unknown value
R14=0x00007f9ddacd8bd0 is an unknown value
R15=0x0000000000000000 is an unknown value


Stack: [0x00007fff5c8c1000,0x00007fff5d0c1000],  sp=0x00007fff5d0bbff8,  free space=8171k
Native frames: (J=compiled Java code, j=interpreted, Vv=VM code, C=native code)
C  [libobjc.A.dylib+0x7e5d]  objc_msgSend+0x1d
C  [CoreFoundation+0xa099f]  ___CFXRegistrationPost_block_invoke+0x3f
C  [CoreFoundation+0xa0917]  _CFXRegistrationPost+0x197
C  [CoreFoundation+0xa0682]  ___CFXNotificationPost_block_invoke+0x32
C  [CoreFoundation+0x5d442]  -[_CFXNotificationRegistrar find:object:observer:enumerator:]+0x782
C  [CoreFoundation+0x5c695]  _CFXNotificationPost+0x2b5
C  [Foundation+0x731a]  -[NSNotificationCenter postNotificationName:object:userInfo:]+0x42
C  [AppKit+0x266af6]  -[NSSurface _disposeSurface]+0xa9
C  [AppKit+0x26654f]  -[NSSurface setWindow:]+0x42
C  [AppKit+0x29cbf]  -[NSView _setWindow:]+0x9be
C  [AppKit+0x2caab]  -[NSView removeFromSuperview]+0x1d7
C  [AppKit+0x156957]  -[NSView removeFromSuperviewWithoutNeedingDisplay]+0x26
C  [liblwjgl.dylib+0xa205]  +[MacOSXKeyableWindow destroyWindow]+0xb5
C  [Foundation+0x7754e]  __NSThreadPerformPerform+0x117
C  [CoreFoundation+0xaa621]  __CFRUNLOOP_IS_CALLING_OUT_TO_A_SOURCE0_PERFORM_FUNCTION__+0x11
C  [CoreFoundation+0x89e1c]  __CFRunLoopDoSources0+0x22c
C  [CoreFoundation+0x8933f]  __CFRunLoopRun+0x39f
C  [CoreFoundation+0x88d38]  CFRunLoopRunSpecific+0x128
C  [HIToolbox+0x30d55]  RunCurrentEventLoopInMode+0xeb
C  [HIToolbox+0x30b8f]  ReceiveNextEventCommon+0x1b0
C  [HIToolbox+0x309cf]  _BlockUntilNextEventMatchingListInModeWithFilter+0x47
C  [AppKit+0x49f3a]  _DPSNextEvent+0x42b
C  [AppKit+0x49369]  -[NSApplication _nextEventMatchingEventMask:untilDate:inMode:dequeue:]+0x1c6
C  [libosxapp.dylib+0x242a]  -[NSApplicationAWT nextEventMatchingMask:untilDate:inMode:dequeue:]+0x7c
C  [AppKit+0x3decc]  -[NSApplication run]+0x2aa
C  [libosxapp.dylib+0x223e]  +[NSApplicationAWT runAWTLoopWithApp:]+0x9c
C  [libawt_lwawt.dylib+0x4494f]  -[AWTStarter starter:]+0x389
C  [Foundation+0x7754e]  __NSThreadPerformPerform+0x117
C  [CoreFoundation+0xaa621]  __CFRUNLOOP_IS_CALLING_OUT_TO_A_SOURCE0_PERFORM_FUNCTION__+0x11
C  [CoreFoundation+0x89e1c]  __CFRunLoopDoSources0+0x22c
C  [CoreFoundation+0x8933f]  __CFRunLoopRun+0x39f
C  [CoreFoundation+0x88d38]  CFRunLoopRunSpecific+0x128
C  [java+0x56cc]  CreateExecutionEnvironment+0x367
C  [java+0x165c]  JLI_Launch+0x7a0
C  [java+0x768a]  main+0x65
C  [java+0xeb4]  start+0x34
C  0x0000000000000006


---------------  P R O C E S S  ---------------

Java Threads: ( => current thread )
  0x00007f9dd928b800 JavaThread "AWT-Shutdown" [_thread_blocked, id=29987, stack(0x00007000011d3000,0x00007000012d3000)]
  0x00007f9dd99a6000 JavaThread "Timer-0" [_thread_blocked, id=30395, stack(0x0000700001662000,0x0000700001762000)]
  0x00007f9dd928f000 JavaThread "Thread-2" [_thread_in_native, id=56239, stack(0x000070000155f000,0x000070000165f000)]
  0x00007f9dda14a800 JavaThread "Java2D Disposer" daemon [_thread_blocked, id=54791, stack(0x000070000145c000,0x000070000155c000)]
  0x00007f9dda090800 JavaThread "Java2D Queue Flusher" daemon [_thread_blocked, id=54535, stack(0x0000700001359000,0x0000700001459000)]
=>0x00007f9dd88a2000 JavaThread "AppKit Thread" daemon [_thread_in_native, id=2571, stack(0x00007fff5c8c1000,0x00007fff5d0c1000)]
  0x00007f9dd907a000 JavaThread "Service Thread" daemon [_thread_blocked, id=18435, stack(0x0000700000dc1000,0x0000700000ec1000)]
  0x00007f9dda01f800 JavaThread "C1 CompilerThread2" daemon [_thread_blocked, id=17923, stack(0x0000700000cbe000,0x0000700000dbe000)]
  0x00007f9dd902e800 JavaThread "C2 CompilerThread1" daemon [_thread_blocked, id=17411, stack(0x0000700000bbb000,0x0000700000cbb000)]
  0x00007f9dd902d000 JavaThread "C2 CompilerThread0" daemon [_thread_blocked, id=16899, stack(0x0000700000ab8000,0x0000700000bb8000)]
  0x00007f9dd902c800 JavaThread "Signal Dispatcher" daemon [_thread_blocked, id=12815, stack(0x00007000009b5000,0x0000700000ab5000)]
  0x00007f9dd8841000 JavaThread "Finalizer" daemon [_thread_blocked, id=12291, stack(0x000070000082f000,0x000070000092f000)]
  0x00007f9dd8840800 JavaThread "Reference Handler" daemon [_thread_blocked, id=11779, stack(0x000070000072c000,0x000070000082c000)]
  0x00007f9dda000800 JavaThread "main" [_thread_in_native, id=5891, stack(0x000070000011a000,0x000070000021a000)]

Other Threads:
  0x00007f9dd883c000 VMThread [stack: 0x0000700000629000,0x0000700000729000] [id=11267]
  0x00007f9dd884f000 WatcherThread [stack: 0x0000700000ec4000,0x0000700000fc4000] [id=18947]

VM state:not at safepoint (normal execution)

VM Mutex/Monitor currently owned by a thread: None

Heap:
 PSYoungGen      total 52736K, used 32199K [0x00000007aab00000, 0x00000007af200000, 0x00000007c0000000)
  eden space 52224K, 61% used [0x00000007aab00000,0x00000007aca71f58,0x00000007ade00000)
  from space 512K, 0% used [0x00000007af180000,0x00000007af180000,0x00000007af200000)
  to   space 9728K, 0% used [0x00000007adf00000,0x00000007adf00000,0x00000007ae880000)
 ParOldGen       total 96256K, used 28690K [0x0000000780000000, 0x0000000785e00000, 0x00000007aab00000)
  object space 96256K, 29% used [0x0000000780000000,0x0000000781c04918,0x0000000785e00000)
 Metaspace       used 9587K, capacity 9677K, committed 9856K, reserved 1058816K
  class space    used 1006K, capacity 1049K, committed 1152K, reserved 1048576K

Card table byte_map: [0x00000001138ee000,0x0000000113aef000] byte_map_base: 0x000000010fcee000

Marking Bits: (ParMarkBitMap*) 0x0000000103e9c330
 Begin Bits: [0x0000000113c45000, 0x0000000114c45000)
 End Bits:   [0x0000000114c45000, 0x0000000115c45000)

Polling page: 0x000000010451b000

CodeCache: size=245760Kb used=3878Kb max_used=3889Kb free=241881Kb
 bounds [0x000000010452e000, 0x00000001048fe000, 0x000000011352e000]
 total_blobs=1518 nmethods=1009 adapters=424
 compilation: enabled

Compilation events (10 events):
Event: 10.611 Thread 0x00007f9dda01f800 1005       3       org.newdawn.slick.state.StateBasedGame::inputEnded (1 bytes)
Event: 10.611 Thread 0x00007f9dda01f800 nmethod 1005 0x00000001048f8510 code [0x00000001048f8660, 0x00000001048f87b0]
Event: 10.611 Thread 0x00007f9dda01f800 1006       3       org.newdawn.slick.AppGameContainer::hasFocus (4 bytes)
Event: 10.612 Thread 0x00007f9dda01f800 nmethod 1006 0x00000001048f8850 code [0x00000001048f89c0, 0x00000001048f8b48]
Event: 10.623 Thread 0x00007f9dda01f800 1007       3       org.newdawn.slick.state.StateBasedGame::preUpdateState (1 bytes)
Event: 10.624 Thread 0x00007f9dda01f800 nmethod 1007 0x00000001048f8bd0 code [0x00000001048f8d20, 0x00000001048f8e70]
Event: 10.624 Thread 0x00007f9dda01f800 1008       3       org.newdawn.slick.state.StateBasedGame::postUpdateState (1 bytes)
Event: 10.624 Thread 0x00007f9dda01f800 nmethod 1008 0x00000001048f8f10 code [0x00000001048f9060, 0x00000001048f91b0]
Event: 11.409 Thread 0x00007f9dd902d000 1009       4       org.newdawn.slick.opengl.renderer.ImmediateModeOGLRenderer::glDisable (5 bytes)
Event: 11.413 Thread 0x00007f9dd902d000 nmethod 1009 0x00000001048fbf50 code [0x00000001048fc0c0, 0x00000001048fc1e8]

GC Heap History (10 events):
Event: 3.848 GC heap before
{Heap before GC invocations=4 (full 0):
 PSYoungGen      total 18944K, used 18912K [0x00000007aab00000, 0x00000007ad000000, 0x00000007c0000000)
  eden space 16384K, 100% used [0x00000007aab00000,0x00000007abb00000,0x00000007abb00000)
  from space 2560K, 98% used [0x00000007abb00000,0x00000007abd78010,0x00000007abd80000)
  to   space 2560K, 0% used [0x00000007acd80000,0x00000007acd80000,0x00000007ad000000)
 ParOldGen       total 44032K, used 8849K [0x0000000780000000, 0x0000000782b00000, 0x00000007aab00000)
  object space 44032K, 20% used [0x0000000780000000,0x00000007808a4578,0x0000000782b00000)
 Metaspace       used 9292K, capacity 9391K, committed 9472K, reserved 1058816K
  class space    used 986K, capacity 1018K, committed 1024K, reserved 1048576K
Event: 3.863 GC heap after
Heap after GC invocations=4 (full 0):
 PSYoungGen      total 35328K, used 1600K [0x00000007aab00000, 0x00000007ad000000, 0x00000007c0000000)
  eden space 32768K, 0% used [0x00000007aab00000,0x00000007aab00000,0x00000007acb00000)
  from space 2560K, 62% used [0x00000007acd80000,0x00000007acf10000,0x00000007ad000000)
  to   space 2560K, 0% used [0x00000007acb00000,0x00000007acb00000,0x00000007acd80000)
 ParOldGen       total 44032K, used 27082K [0x0000000780000000, 0x0000000782b00000, 0x00000007aab00000)
  object space 44032K, 61% used [0x0000000780000000,0x0000000781a729a8,0x0000000782b00000)
 Metaspace       used 9292K, capacity 9391K, committed 9472K, reserved 1058816K
  class space    used 986K, capacity 1018K, committed 1024K, reserved 1048576K
}
Event: 3.863 GC heap before
{Heap before GC invocations=5 (full 1):
 PSYoungGen      total 35328K, used 1600K [0x00000007aab00000, 0x00000007ad000000, 0x00000007c0000000)
  eden space 32768K, 0% used [0x00000007aab00000,0x00000007aab00000,0x00000007acb00000)
  from space 2560K, 62% used [0x00000007acd80000,0x00000007acf10000,0x00000007ad000000)
  to   space 2560K, 0% used [0x00000007acb00000,0x00000007acb00000,0x00000007acd80000)
 ParOldGen       total 44032K, used 27082K [0x0000000780000000, 0x0000000782b00000, 0x00000007aab00000)
  object space 44032K, 61% used [0x0000000780000000,0x0000000781a729a8,0x0000000782b00000)
 Metaspace       used 9292K, capacity 9391K, committed 9472K, reserved 1058816K
  class space    used 986K, capacity 1018K, committed 1024K, reserved 1048576K
Event: 3.890 GC heap after
Heap after GC invocations=5 (full 1):
 PSYoungGen      total 35328K, used 0K [0x00000007aab00000, 0x00000007ad000000, 0x00000007c0000000)
  eden space 32768K, 0% used [0x00000007aab00000,0x00000007aab00000,0x00000007acb00000)
  from space 2560K, 0% used [0x00000007acd80000,0x00000007acd80000,0x00000007ad000000)
  to   space 2560K, 0% used [0x00000007acb00000,0x00000007acb00000,0x00000007acd80000)
 ParOldGen       total 45056K, used 8299K [0x0000000780000000, 0x0000000782c00000, 0x00000007aab00000)
  object space 45056K, 18% used [0x0000000780000000,0x000000078081aee0,0x0000000782c00000)
 Metaspace       used 9291K, capacity 9389K, committed 9472K, reserved 1058816K
  class space    used 985K, capacity 1017K, committed 1024K, reserved 1048576K
}
Event: 4.043 GC heap before
{Heap before GC invocations=6 (full 1):
 PSYoungGen      total 35328K, used 32768K [0x00000007aab00000, 0x00000007ad000000, 0x00000007c0000000)
  eden space 32768K, 100% used [0x00000007aab00000,0x00000007acb00000,0x00000007acb00000)
  from space 2560K, 0% used [0x00000007acd80000,0x00000007acd80000,0x00000007ad000000)
  to   space 2560K, 0% used [0x00000007acb00000,0x00000007acb00000,0x00000007acd80000)
 ParOldGen       total 45056K, used 8299K [0x0000000780000000, 0x0000000782c00000, 0x00000007aab00000)
  object space 45056K, 18% used [0x0000000780000000,0x000000078081aee0,0x0000000782c00000)
 Metaspace       used 9293K, capacity 9389K, committed 9472K, reserved 1058816K
  class space    used 986K, capacity 1017K, committed 1024K, reserved 1048576K
Event: 4.060 GC heap after
Heap after GC invocations=6 (full 1):
 PSYoungGen      total 35328K, used 160K [0x00000007aab00000, 0x00000007afb00000, 0x00000007c0000000)
  eden space 32768K, 0% used [0x00000007aab00000,0x00000007aab00000,0x00000007acb00000)
  from space 2560K, 6% used [0x00000007acb00000,0x00000007acb28000,0x00000007acd80000)
  to   space 9728K, 0% used [0x00000007af180000,0x00000007af180000,0x00000007afb00000)
 ParOldGen       total 57856K, used 53263K [0x0000000780000000, 0x0000000783880000, 0x00000007aab00000)
  object space 57856K, 92% used [0x0000000780000000,0x0000000783403f20,0x0000000783880000)
 Metaspace       used 9293K, capacity 9389K, committed 9472K, reserved 1058816K
  class space    used 986K, capacity 1017K, committed 1024K, reserved 1048576K
}
Event: 4.060 GC heap before
{Heap before GC invocations=7 (full 2):
 PSYoungGen      total 35328K, used 160K [0x00000007aab00000, 0x00000007afb00000, 0x00000007c0000000)
  eden space 32768K, 0% used [0x00000007aab00000,0x00000007aab00000,0x00000007acb00000)
  from space 2560K, 6% used [0x00000007acb00000,0x00000007acb28000,0x00000007acd80000)
  to   space 9728K, 0% used [0x00000007af180000,0x00000007af180000,0x00000007afb00000)
 ParOldGen       total 57856K, used 53263K [0x0000000780000000, 0x0000000783880000, 0x00000007aab00000)
  object space 57856K, 92% used [0x0000000780000000,0x0000000783403f20,0x0000000783880000)
 Metaspace       used 9293K, capacity 9389K, committed 9472K, reserved 1058816K
  class space    used 986K, capacity 1017K, committed 1024K, reserved 1048576K
Event: 4.071 GC heap after
Heap after GC invocations=7 (full 2):
 PSYoungGen      total 35328K, used 0K [0x00000007aab00000, 0x00000007afb00000, 0x00000007c0000000)
  eden space 32768K, 0% used [0x00000007aab00000,0x00000007aab00000,0x00000007acb00000)
  from space 2560K, 0% used [0x00000007acb00000,0x00000007acb00000,0x00000007acd80000)
  to   space 9728K, 0% used [0x00000007af180000,0x00000007af180000,0x00000007afb00000)
 ParOldGen       total 96256K, used 28690K [0x0000000780000000, 0x0000000785e00000, 0x00000007aab00000)
  object space 96256K, 29% used [0x0000000780000000,0x0000000781c04918,0x0000000785e00000)
 Metaspace       used 9293K, capacity 9389K, committed 9472K, reserved 1058816K
  class space    used 986K, capacity 1017K, committed 1024K, reserved 1048576K
}
Event: 4.125 GC heap before
{Heap before GC invocations=8 (full 2):
 PSYoungGen      total 35328K, used 32768K [0x00000007aab00000, 0x00000007afb00000, 0x00000007c0000000)
  eden space 32768K, 100% used [0x00000007aab00000,0x00000007acb00000,0x00000007acb00000)
  from space 2560K, 0% used [0x00000007acb00000,0x00000007acb00000,0x00000007acd80000)
  to   space 9728K, 0% used [0x00000007af180000,0x00000007af180000,0x00000007afb00000)
 ParOldGen       total 96256K, used 28690K [0x0000000780000000, 0x0000000785e00000, 0x00000007aab00000)
  object space 96256K, 29% used [0x0000000780000000,0x0000000781c04918,0x0000000785e00000)
 Metaspace       used 9293K, capacity 9389K, committed 9472K, reserved 1058816K
  class space    used 986K, capacity 1017K, committed 1024K, reserved 1048576K
Event: 4.126 GC heap after
Heap after GC invocations=8 (full 2):
 PSYoungGen      total 52736K, used 0K [0x00000007aab00000, 0x00000007af200000, 0x00000007c0000000)
  eden space 52224K, 0% used [0x00000007aab00000,0x00000007aab00000,0x00000007ade00000)
  from space 512K, 0% used [0x00000007af180000,0x00000007af180000,0x00000007af200000)
  to   space 9728K, 0% used [0x00000007adf00000,0x00000007adf00000,0x00000007ae880000)
 ParOldGen       total 96256K, used 28690K [0x0000000780000000, 0x0000000785e00000, 0x00000007aab00000)
  object space 96256K, 29% used [0x0000000780000000,0x0000000781c04918,0x0000000785e00000)
 Metaspace       used 9293K, capacity 9389K, committed 9472K, reserved 1058816K
  class space    used 986K, capacity 1017K, committed 1024K, reserved 1048576K
}

Deoptimization events (1 events):
Event: 3.296 Thread 0x00007f9dda000800 Uncommon trap: reason=unreached action=reinterpret pc=0x000000010478ed14 method=sun.java2d.loops.GraphicsPrimitiveMgr.locate(Lsun/java2d/loops/GraphicsPrimitiveMgr$PrimitiveSpec;)Lsun/java2d/loops/GraphicsPrimitive; @ 85

Internal exceptions (10 events):
Event: 5.557 Thread 0x00007f9dda000800 Exception <a 'java/security/PrivilegedActionException'> (0x00000007ac78c730) thrown at [/HUDSON3/workspace/8-2-build-macosx-x86_64/jdk8u20/1074/hotspot/src/share/vm/prims/jvm.cpp, line 1275]
Event: 5.558 Thread 0x00007f9dda000800 Exception <a 'java/security/PrivilegedActionException'> (0x00000007ac78fa10) thrown at [/HUDSON3/workspace/8-2-build-macosx-x86_64/jdk8u20/1074/hotspot/src/share/vm/prims/jvm.cpp, line 1275]
Event: 5.558 Thread 0x00007f9dda000800 Exception <a 'java/security/PrivilegedActionException'> (0x00000007ac792c90) thrown at [/HUDSON3/workspace/8-2-build-macosx-x86_64/jdk8u20/1074/hotspot/src/share/vm/prims/jvm.cpp, line 1275]
Event: 5.558 Thread 0x00007f9dda000800 Exception <a 'java/security/PrivilegedActionException'> (0x00000007ac795d10) thrown at [/HUDSON3/workspace/8-2-build-macosx-x86_64/jdk8u20/1074/hotspot/src/share/vm/prims/jvm.cpp, line 1275]
Event: 5.559 Thread 0x00007f9dda000800 Exception <a 'java/security/PrivilegedActionException'> (0x00000007ac798cf0) thrown at [/HUDSON3/workspace/8-2-build-macosx-x86_64/jdk8u20/1074/hotspot/src/share/vm/prims/jvm.cpp, line 1275]
Event: 5.559 Thread 0x00007f9dda000800 Exception <a 'java/security/PrivilegedActionException'> (0x00000007ac79be50) thrown at [/HUDSON3/workspace/8-2-build-macosx-x86_64/jdk8u20/1074/hotspot/src/share/vm/prims/jvm.cpp, line 1275]
Event: 5.559 Thread 0x00007f9dda000800 Exception <a 'java/security/PrivilegedActionException'> (0x00000007ac79ee80) thrown at [/HUDSON3/workspace/8-2-build-macosx-x86_64/jdk8u20/1074/hotspot/src/share/vm/prims/jvm.cpp, line 1275]
Event: 5.562 Thread 0x00007f9dda000800 Exception <a 'java/security/PrivilegedActionException'> (0x00000007ac7ab800) thrown at [/HUDSON3/workspace/8-2-build-macosx-x86_64/jdk8u20/1074/hotspot/src/share/vm/prims/jvm.cpp, line 1275]
Event: 5.565 Thread 0x00007f9dda000800 Exception <a 'java/security/PrivilegedActionException'> (0x00000007ac7af930) thrown at [/HUDSON3/workspace/8-2-build-macosx-x86_64/jdk8u20/1074/hotspot/src/share/vm/prims/jvm.cpp, line 1275]
Event: 11.925 Thread 0x00007f9dda000800 Exception <a 'java/security/PrivilegedActionException'> (0x00000007ac822a68) thrown at [/HUDSON3/workspace/8-2-build-macosx-x86_64/jdk8u20/1074/hotspot/src/share/vm/prims/jvm.cpp, line 1275]

Events (10 events):
Event: 5.567 Executing VM operation: RevokeBias
Event: 5.567 Executing VM operation: RevokeBias done
Event: 11.508 loading class sun/awt/AppContext$PostShutdownEventRunnable
Event: 11.509 loading class sun/awt/AppContext$PostShutdownEventRunnable done
Event: 11.509 loading class sun/awt/AWTAutoShutdown$1
Event: 11.509 loading class sun/awt/AWTAutoShutdown$1 done
Event: 11.509 Thread 0x00007f9dd928b800 Thread exited: 0x00007f9dd928b800
Event: 11.717 Thread 0x00007f9dd928b800 Thread added: 0x00007f9dd928b800
Event: 11.924 loading class org/lwjgl/opengl/CallbackUtil
Event: 11.924 loading class org/lwjgl/opengl/CallbackUtil done


Dynamic libraries:
0x000000000a04e000 	/System/Library/Frameworks/Cocoa.framework/Versions/A/Cocoa
0x000000000a04e000 	/System/Library/Frameworks/Security.framework/Versions/A/Security
0x000000000a04e000 	/System/Library/Frameworks/ApplicationServices.framework/Versions/A/ApplicationServices
0x000000000a04e000 	/usr/lib/libz.1.dylib
0x000000000a04e000 	/usr/lib/libSystem.B.dylib
0x000000000a04e000 	/usr/lib/libobjc.A.dylib
0x000000000a04e000 	/System/Library/Frameworks/CoreFoundation.framework/Versions/A/CoreFoundation
0x000000000a04e000 	/System/Library/Frameworks/Foundation.framework/Versions/C/Foundation
0x000000000a04e000 	/System/Library/Frameworks/AppKit.framework/Versions/C/AppKit
0x000000000a04e000 	/System/Library/Frameworks/CoreData.framework/Versions/A/CoreData
0x000000000a04e000 	/System/Library/PrivateFrameworks/RemoteViewServices.framework/Versions/A/RemoteViewServices
0x000000000a04e000 	/System/Library/PrivateFrameworks/UIFoundation.framework/Versions/A/UIFoundation
0x000000000a04e000 	/usr/lib/libScreenReader.dylib
0x000000000a04e000 	/System/Library/Frameworks/Accelerate.framework/Versions/A/Accelerate
0x000000000a04e000 	/System/Library/Frameworks/IOSurface.framework/Versions/A/IOSurface
0x000000000a04e000 	/System/Library/Frameworks/AudioToolbox.framework/Versions/A/AudioToolbox
0x000000000a04e000 	/System/Library/Frameworks/AudioUnit.framework/Versions/A/AudioUnit
0x000000000a04e000 	/System/Library/PrivateFrameworks/DataDetectorsCore.framework/Versions/A/DataDetectorsCore
0x000000000a04e000 	/System/Library/PrivateFrameworks/DesktopServicesPriv.framework/Versions/A/DesktopServicesPriv
0x000000000a04e000 	/System/Library/Frameworks/Carbon.framework/Versions/A/Frameworks/HIToolbox.framework/Versions/A/HIToolbox
0x000000000a04e000 	/System/Library/Frameworks/QuartzCore.framework/Versions/A/QuartzCore
0x000000000a04e000 	/System/Library/Frameworks/Carbon.framework/Versions/A/Frameworks/SpeechRecognition.framework/Versions/A/SpeechRecognition
0x000000000a04e000 	/usr/lib/libauto.dylib
0x000000000a04e000 	/usr/lib/libicucore.A.dylib
0x000000000a04e000 	/usr/lib/libxml2.2.dylib
0x000000000a04e000 	/System/Library/PrivateFrameworks/CoreUI.framework/Versions/A/CoreUI
0x000000000a04e000 	/System/Library/Frameworks/CoreAudio.framework/Versions/A/CoreAudio
0x000000000a04e000 	/System/Library/Frameworks/DiskArbitration.framework/Versions/A/DiskArbitration
0x000000000a04e000 	/usr/lib/liblangid.dylib
0x000000000a04e000 	/System/Library/PrivateFrameworks/MultitouchSupport.framework/Versions/A/MultitouchSupport
0x000000000a04e000 	/System/Library/Frameworks/IOKit.framework/Versions/A/IOKit
0x000000000a04e000 	/usr/lib/libDiagnosticMessagesClient.dylib
0x000000000a04e000 	/System/Library/Frameworks/CoreServices.framework/Versions/A/CoreServices
0x000000000a04e000 	/System/Library/PrivateFrameworks/PerformanceAnalysis.framework/Versions/A/PerformanceAnalysis
0x000000000a04e000 	/System/Library/PrivateFrameworks/GenerationalStorage.framework/Versions/A/GenerationalStorage
0x000000000a04e000 	/System/Library/Frameworks/OpenGL.framework/Versions/A/OpenGL
0x000000000a04e000 	/System/Library/PrivateFrameworks/Sharing.framework/Versions/A/Sharing
0x000000000a04e000 	/System/Library/Frameworks/CoreGraphics.framework/Versions/A/CoreGraphics
0x000000000a04e000 	/System/Library/Frameworks/CoreImage.framework/Versions/A/CoreImage
0x000000000a04e000 	/System/Library/Frameworks/CoreText.framework/Versions/A/CoreText
0x000000000a04e000 	/System/Library/Frameworks/ImageIO.framework/Versions/A/ImageIO
0x000000000a04e000 	/System/Library/PrivateFrameworks/Backup.framework/Versions/A/Backup
0x000000000a04e000 	/usr/lib/libextension.dylib
0x000000000a04e000 	/usr/lib/libarchive.2.dylib
0x000000000a04e000 	/System/Library/Frameworks/CFNetwork.framework/Versions/A/CFNetwork
0x000000000a04e000 	/System/Library/Frameworks/SystemConfiguration.framework/Versions/A/SystemConfiguration
0x000000000a04e000 	/usr/lib/libCRFSuite.dylib
0x000000000a04e000 	/usr/lib/libc++.1.dylib
0x000000000a04e000 	/usr/lib/libc++abi.dylib
0x000000000a04e000 	/usr/lib/system/libcache.dylib
0x000000000a04e000 	/usr/lib/system/libcommonCrypto.dylib
0x000000000a04e000 	/usr/lib/system/libcompiler_rt.dylib
0x000000000a04e000 	/usr/lib/system/libcopyfile.dylib
0x000000000a04e000 	/usr/lib/system/libcorecrypto.dylib
0x000000000a04e000 	/usr/lib/system/libdispatch.dylib
0x000000000a04e000 	/usr/lib/system/libdyld.dylib
0x000000000a04e000 	/usr/lib/system/libkeymgr.dylib
0x000000000a04e000 	/usr/lib/system/liblaunch.dylib
0x000000000a04e000 	/usr/lib/system/libmacho.dylib
0x000000000a04e000 	/usr/lib/system/libquarantine.dylib
0x000000000a04e000 	/usr/lib/system/libremovefile.dylib
0x000000000a04e000 	/usr/lib/system/libsystem_asl.dylib
0x000000000a04e000 	/usr/lib/system/libsystem_blocks.dylib
0x000000000a04e000 	/usr/lib/system/libsystem_c.dylib
0x000000000a04e000 	/usr/lib/system/libsystem_configuration.dylib
0x000000000a04e000 	/usr/lib/system/libsystem_coreservices.dylib
0x000000000a04e000 	/usr/lib/system/libsystem_coretls.dylib
0x000000000a04e000 	/usr/lib/system/libsystem_dnssd.dylib
0x000000000a04e000 	/usr/lib/system/libsystem_info.dylib
0x000000000a04e000 	/usr/lib/system/libsystem_kernel.dylib
0x000000000a04e000 	/usr/lib/system/libsystem_m.dylib
0x000000000a04e000 	/usr/lib/system/libsystem_malloc.dylib
0x000000000a04e000 	/usr/lib/system/libsystem_network.dylib
0x000000000a04e000 	/usr/lib/system/libsystem_networkextension.dylib
0x000000000a04e000 	/usr/lib/system/libsystem_notify.dylib
0x000000000a04e000 	/usr/lib/system/libsystem_platform.dylib
0x000000000a04e000 	/usr/lib/system/libsystem_pthread.dylib
0x000000000a04e000 	/usr/lib/system/libsystem_sandbox.dylib
0x000000000a04e000 	/usr/lib/system/libsystem_secinit.dylib
0x000000000a04e000 	/usr/lib/system/libsystem_trace.dylib
0x000000000a04e000 	/usr/lib/system/libunc.dylib
0x000000000a04e000 	/usr/lib/system/libunwind.dylib
0x000000000a04e000 	/usr/lib/system/libxpc.dylib
0x000000000a04e000 	/usr/lib/libenergytrace.dylib
0x000000000a04e000 	/usr/lib/libbsm.0.dylib
0x000000000a04e000 	/usr/lib/system/libkxld.dylib
0x000000000a04e000 	/usr/lib/libxar.1.dylib
0x000000000a04e000 	/usr/lib/libsqlite3.dylib
0x000000000a04e000 	/usr/lib/libpam.2.dylib
0x000000000a04e000 	/usr/lib/libOpenScriptingUtil.dylib
0x000000000a04e000 	/usr/lib/libbz2.1.0.dylib
0x000000000a04e000 	/usr/lib/liblzma.5.dylib
0x000000000a04e000 	/System/Library/Frameworks/CoreServices.framework/Versions/A/Frameworks/FSEvents.framework/Versions/A/FSEvents
0x000000000a04e000 	/System/Library/Frameworks/CoreServices.framework/Versions/A/Frameworks/CarbonCore.framework/Versions/A/CarbonCore
0x000000000a04e000 	/System/Library/Frameworks/CoreServices.framework/Versions/A/Frameworks/Metadata.framework/Versions/A/Metadata
0x000000000a04e000 	/System/Library/Frameworks/CoreServices.framework/Versions/A/Frameworks/OSServices.framework/Versions/A/OSServices
0x000000000a04e000 	/System/Library/Frameworks/CoreServices.framework/Versions/A/Frameworks/SearchKit.framework/Versions/A/SearchKit
0x000000000a04e000 	/System/Library/Frameworks/CoreServices.framework/Versions/A/Frameworks/AE.framework/Versions/A/AE
0x000000000a04e000 	/System/Library/Frameworks/CoreServices.framework/Versions/A/Frameworks/LaunchServices.framework/Versions/A/LaunchServices
0x000000000a04e000 	/System/Library/Frameworks/CoreServices.framework/Versions/A/Frameworks/DictionaryServices.framework/Versions/A/DictionaryServices
0x000000000a04e000 	/System/Library/Frameworks/CoreServices.framework/Versions/A/Frameworks/SharedFileList.framework/Versions/A/SharedFileList
0x000000000a04e000 	/System/Library/Frameworks/NetFS.framework/Versions/A/NetFS
0x000000000a04e000 	/System/Library/PrivateFrameworks/NetAuth.framework/Versions/A/NetAuth
0x000000000a04e000 	/System/Library/PrivateFrameworks/login.framework/Versions/A/Frameworks/loginsupport.framework/Versions/A/loginsupport
0x000000000a04e000 	/System/Library/PrivateFrameworks/TCC.framework/Versions/A/TCC
0x000000000a04e000 	/usr/lib/libmecabra.dylib
0x000000000a04e000 	/System/Library/Frameworks/ApplicationServices.framework/Versions/A/Frameworks/ATS.framework/Versions/A/ATS
0x000000000a04e000 	/System/Library/Frameworks/ApplicationServices.framework/Versions/A/Frameworks/ColorSync.framework/Versions/A/ColorSync
0x000000000a04e000 	/System/Library/Frameworks/ApplicationServices.framework/Versions/A/Frameworks/HIServices.framework/Versions/A/HIServices
0x000000000a04e000 	/System/Library/Frameworks/ApplicationServices.framework/Versions/A/Frameworks/LangAnalysis.framework/Versions/A/LangAnalysis
0x000000000a04e000 	/System/Library/Frameworks/ApplicationServices.framework/Versions/A/Frameworks/PrintCore.framework/Versions/A/PrintCore
0x000000000a04e000 	/System/Library/Frameworks/ApplicationServices.framework/Versions/A/Frameworks/QD.framework/Versions/A/QD
0x000000000a04e000 	/System/Library/Frameworks/ApplicationServices.framework/Versions/A/Frameworks/SpeechSynthesis.framework/Versions/A/SpeechSynthesis
0x000000000a04e000 	/System/Library/Frameworks/Metal.framework/Versions/A/Metal
0x000000000a04e000 	/System/Library/Frameworks/Accelerate.framework/Versions/A/Frameworks/vImage.framework/Versions/A/vImage
0x000000000a04e000 	/System/Library/Frameworks/Accelerate.framework/Versions/A/Frameworks/vecLib.framework/Versions/A/vecLib
0x000000000a04e000 	/System/Library/Frameworks/Accelerate.framework/Versions/A/Frameworks/vecLib.framework/Versions/A/libvDSP.dylib
0x000000000a04e000 	/System/Library/Frameworks/Accelerate.framework/Versions/A/Frameworks/vecLib.framework/Versions/A/libvMisc.dylib
0x000000000a04e000 	/System/Library/Frameworks/Accelerate.framework/Versions/A/Frameworks/vecLib.framework/Versions/A/libLAPACK.dylib
0x000000000a04e000 	/System/Library/Frameworks/Accelerate.framework/Versions/A/Frameworks/vecLib.framework/Versions/A/libBLAS.dylib
0x000000000a04e000 	/System/Library/Frameworks/Accelerate.framework/Versions/A/Frameworks/vecLib.framework/Versions/A/libLinearAlgebra.dylib
0x000000000a04e000 	/System/Library/Frameworks/Accelerate.framework/Versions/A/Frameworks/vecLib.framework/Versions/A/libSparseBLAS.dylib
0x000000000a04e000 	/System/Library/PrivateFrameworks/GPUCompiler.framework/libmetal_timestamp.dylib
0x000000000a04e000 	/System/Library/Frameworks/OpenGL.framework/Versions/A/Libraries/libCoreFSCache.dylib
0x000000000a04e000 	/System/Library/PrivateFrameworks/IOAccelerator.framework/Versions/A/IOAccelerator
0x000000000a04e000 	/System/Library/Frameworks/ApplicationServices.framework/Versions/A/Frameworks/ATS.framework/Versions/A/Resources/libFontParser.dylib
0x000000000a04e000 	/System/Library/Frameworks/ApplicationServices.framework/Versions/A/Frameworks/ATS.framework/Versions/A/Resources/libFontRegistry.dylib
0x000000000a04e000 	/System/Library/PrivateFrameworks/AppleVPA.framework/Versions/A/AppleVPA
0x000000000a04e000 	/System/Library/PrivateFrameworks/AppleJPEG.framework/Versions/A/AppleJPEG
0x000000000a04e000 	/System/Library/Frameworks/ImageIO.framework/Versions/A/Resources/libJPEG.dylib
0x000000000a04e000 	/System/Library/Frameworks/ImageIO.framework/Versions/A/Resources/libTIFF.dylib
0x000000000a04e000 	/System/Library/Frameworks/ImageIO.framework/Versions/A/Resources/libPng.dylib
0x000000000a04e000 	/System/Library/Frameworks/ImageIO.framework/Versions/A/Resources/libGIF.dylib
0x000000000a04e000 	/System/Library/Frameworks/ImageIO.framework/Versions/A/Resources/libJP2.dylib
0x000000000a04e000 	/System/Library/Frameworks/ImageIO.framework/Versions/A/Resources/libRadiance.dylib
0x000000000a04e000 	/System/Library/Frameworks/CoreVideo.framework/Versions/A/CoreVideo
0x000000000a04e000 	/System/Library/Frameworks/OpenGL.framework/Versions/A/Libraries/libGLU.dylib
0x000000000a04e000 	/System/Library/Frameworks/OpenGL.framework/Versions/A/Libraries/libGFXShared.dylib
0x000000000a04e000 	/System/Library/Frameworks/OpenGL.framework/Versions/A/Libraries/libGL.dylib
0x000000000a04e000 	/System/Library/Frameworks/OpenGL.framework/Versions/A/Libraries/libGLImage.dylib
0x000000000a04e000 	/System/Library/Frameworks/OpenGL.framework/Versions/A/Libraries/libCVMSPluginSupport.dylib
0x000000000a04e000 	/System/Library/Frameworks/OpenGL.framework/Versions/A/Libraries/libCoreVMClient.dylib
0x000000000a04e000 	/usr/lib/libcups.2.dylib
0x000000000a04e000 	/System/Library/Frameworks/Kerberos.framework/Versions/A/Kerberos
0x000000000a04e000 	/System/Library/Frameworks/GSS.framework/Versions/A/GSS
0x000000000a04e000 	/usr/lib/libresolv.9.dylib
0x000000000a04e000 	/usr/lib/libiconv.2.dylib
0x000000000a04e000 	/System/Library/PrivateFrameworks/Heimdal.framework/Versions/A/Heimdal
0x000000000a04e000 	/usr/lib/libheimdal-asn1.dylib
0x000000000a04e000 	/System/Library/Frameworks/OpenDirectory.framework/Versions/A/OpenDirectory
0x000000000a04e000 	/System/Library/PrivateFrameworks/CommonAuth.framework/Versions/A/CommonAuth
0x000000000a04e000 	/System/Library/Frameworks/OpenDirectory.framework/Versions/A/Frameworks/CFOpenDirectory.framework/Versions/A/CFOpenDirectory
0x000000000a04e000 	/System/Library/Frameworks/SecurityFoundation.framework/Versions/A/SecurityFoundation
0x000000000a04e000 	/System/Library/PrivateFrameworks/LanguageModeling.framework/Versions/A/LanguageModeling
0x000000000a04e000 	/usr/lib/libmarisa.dylib
0x000000000a04e000 	/usr/lib/libChineseTokenizer.dylib
0x000000000a04e000 	/usr/lib/libcmph.dylib
0x000000000a04e000 	/usr/lib/libcompression.dylib
0x000000000a04e000 	/System/Library/Frameworks/ServiceManagement.framework/Versions/A/ServiceManagement
0x000000000a04e000 	/usr/lib/libxslt.1.dylib
0x000000000a04e000 	/System/Library/Frameworks/Carbon.framework/Versions/A/Frameworks/Ink.framework/Versions/A/Ink
0x000000000a04e000 	/usr/lib/libFosl_dynamic.dylib
0x000000000a04e000 	/System/Library/PrivateFrameworks/FaceCore.framework/Versions/A/FaceCore
0x000000000a04e000 	/System/Library/Frameworks/OpenCL.framework/Versions/A/OpenCL
0x000000000a04e000 	/System/Library/PrivateFrameworks/CrashReporterSupport.framework/Versions/A/CrashReporterSupport
0x000000000a04e000 	/System/Library/PrivateFrameworks/IconServices.framework/Versions/A/IconServices
0x000000000a04e000 	/System/Library/PrivateFrameworks/Apple80211.framework/Versions/A/Apple80211
0x000000000a04e000 	/System/Library/Frameworks/CoreWLAN.framework/Versions/A/CoreWLAN
0x000000000a04e000 	/System/Library/Frameworks/IOBluetooth.framework/Versions/A/IOBluetooth
0x000000000a04e000 	/System/Library/PrivateFrameworks/CoreWiFi.framework/Versions/A/CoreWiFi
0x000000000a04e000 	/System/Library/Frameworks/CoreBluetooth.framework/Versions/A/CoreBluetooth
0x000000000a04e000 	/System/Library/PrivateFrameworks/ChunkingLibrary.framework/Versions/A/ChunkingLibrary
0x000000000a04e000 	/System/Library/PrivateFrameworks/DebugSymbols.framework/Versions/A/DebugSymbols
0x000000000a04e000 	/System/Library/PrivateFrameworks/CoreSymbolication.framework/Versions/A/CoreSymbolication
0x000000000a04e000 	/System/Library/PrivateFrameworks/Symbolication.framework/Versions/A/Symbolication
0x000000000a04e000 	/System/Library/PrivateFrameworks/SpeechRecognitionCore.framework/Versions/A/SpeechRecognitionCore
0x0000000103600000 	/Library/Java/JavaVirtualMachines/jdk1.8.0_20.jdk/Contents/Home/jre/lib/server/libjvm.dylib
0x000000000a04e000 	/usr/lib/libstdc++.6.dylib
0x0000000102dbe000 	/Library/Java/JavaVirtualMachines/jdk1.8.0_20.jdk/Contents/Home/jre/lib/libverify.dylib
0x0000000102dcc000 	/Library/Java/JavaVirtualMachines/jdk1.8.0_20.jdk/Contents/Home/jre/lib/libjava.dylib
0x0000000104525000 	/Library/Java/JavaVirtualMachines/jdk1.8.0_20.jdk/Contents/Home/jre/lib/libzip.dylib
0x0000000117925000 	/System/Library/Frameworks/JavaVM.framework/Frameworks/JavaRuntimeSupport.framework/JavaRuntimeSupport
0x0000000117940000 	/System/Library/Frameworks/JavaVM.framework/Versions/A/Frameworks/JavaNativeFoundation.framework/Versions/A/JavaNativeFoundation
0x0000000117955000 	/System/Library/Frameworks/JavaVM.framework/Versions/A/JavaVM
0x000000000a04e000 	/System/Library/Frameworks/Carbon.framework/Versions/A/Carbon
0x0000000117962000 	/System/Library/PrivateFrameworks/JavaLaunching.framework/Versions/A/JavaLaunching
0x000000000a04e000 	/System/Library/Frameworks/Carbon.framework/Versions/A/Frameworks/CommonPanels.framework/Versions/A/CommonPanels
0x000000000a04e000 	/System/Library/Frameworks/Carbon.framework/Versions/A/Frameworks/Help.framework/Versions/A/Help
0x000000000a04e000 	/System/Library/Frameworks/Carbon.framework/Versions/A/Frameworks/ImageCapture.framework/Versions/A/ImageCapture
0x000000000a04e000 	/System/Library/Frameworks/Carbon.framework/Versions/A/Frameworks/OpenScripting.framework/Versions/A/OpenScripting
0x000000000a04e000 	/System/Library/Frameworks/Carbon.framework/Versions/A/Frameworks/Print.framework/Versions/A/Print
0x000000000a04e000 	/System/Library/Frameworks/Carbon.framework/Versions/A/Frameworks/SecurityHI.framework/Versions/A/SecurityHI
0x00000001192e6000 	/Library/Java/JavaVirtualMachines/jdk1.8.0_20.jdk/Contents/Home/jre/lib/libawt.dylib
0x0000000119395000 	/Library/Java/JavaVirtualMachines/jdk1.8.0_20.jdk/Contents/Home/jre/lib/./libmlib_image.dylib
0x0000000119461000 	/Library/Java/JavaVirtualMachines/jdk1.8.0_20.jdk/Contents/Home/jre/lib/libawt_lwawt.dylib
0x0000000119514000 	/Library/Java/JavaVirtualMachines/jdk1.8.0_20.jdk/Contents/Home/jre/lib/./libosxapp.dylib
0x000000000a04e000 	/System/Library/Frameworks/ExceptionHandling.framework/Versions/A/ExceptionHandling
0x000000000a04e000 	/System/Library/PrivateFrameworks/CoreServicesInternal.framework/Versions/A/CoreServicesInternal
0x000000000a04e000 	/System/Library/Frameworks/CoreGraphics.framework/Versions/A/Resources/libRIP.A.dylib
0x000000000a04e000 	/System/Library/Frameworks/Accelerate.framework/Versions/A/Frameworks/vImage.framework/Versions/A/Libraries/libCGInterfaces.dylib
0x000000000a04e000 	/System/Library/Frameworks/CoreGraphics.framework/Versions/A/Resources/libCGXType.A.dylib
0x000000000a04e000 	/System/Library/Frameworks/OpenCL.framework/Versions/A/Libraries/libcldcpuengine.dylib
0x000000000a04e000 	/System/Library/PrivateFrameworks/DiskImages.framework/Versions/A/DiskImages
0x000000000a04e000 	/System/Library/Frameworks/DiscRecording.framework/Versions/A/DiscRecording
0x000000000a04e000 	/usr/lib/libcsfde.dylib
0x000000000a04e000 	/usr/lib/libcurl.4.dylib
0x000000000a04e000 	/System/Library/PrivateFrameworks/MediaKit.framework/Versions/A/MediaKit
0x000000000a04e000 	/System/Library/PrivateFrameworks/ProtectedCloudStorage.framework/Versions/A/ProtectedCloudStorage
0x000000000a04e000 	/usr/lib/libCoreStorage.dylib
0x000000000a04e000 	/System/Library/PrivateFrameworks/EFILogin.framework/Versions/A/EFILogin
0x000000000a04e000 	/usr/lib/libutil.dylib
0x000000000a04e000 	/System/Library/PrivateFrameworks/FindMyDevice.framework/Versions/A/FindMyDevice
0x000000000a04e000 	/System/Library/Frameworks/LDAP.framework/Versions/A/LDAP
0x000000000a04e000 	/usr/lib/libsasl2.2.dylib
0x000000000a04e000 	/System/Library/PrivateFrameworks/CoreDaemon.framework/Versions/B/CoreDaemon
0x000000000a04e000 	/usr/lib/libcrypto.0.9.8.dylib
0x000000000a04e000 	/System/Library/PrivateFrameworks/AppleSRP.framework/Versions/A/AppleSRP
0x000000000a04e000 	/System/Library/PrivateFrameworks/TrustEvaluationAgent.framework/Versions/A/TrustEvaluationAgent
0x000000011ae65000 	cl_kernels
0x000000000a04e000 	/System/Library/Frameworks/OpenCL.framework/Versions/A/Libraries/ImageFormats/unorm8_bgra.dylib
0x000000000a04e000 	/System/Library/Frameworks/OpenCL.framework/Versions/A/Libraries/ImageFormats/unorm8_rgba.dylib
0x000000000a04e000 	/System/Library/PrivateFrameworks/FamilyControls.framework/Versions/A/FamilyControls
0x000000000a04e000 	/System/Library/PrivateFrameworks/CommerceKit.framework/Versions/A/Frameworks/CommerceCore.framework/Versions/A/CommerceCore
0x000000000a04e000 	/System/Library/PrivateFrameworks/SystemAdministration.framework/Versions/A/SystemAdministration
0x000000000a04e000 	/System/Library/PrivateFrameworks/AppContainer.framework/Versions/A/AppContainer
0x000000000a04e000 	/System/Library/PrivateFrameworks/SecCodeWrapper.framework/Versions/A/SecCodeWrapper
0x000000000a04e000 	/System/Library/Frameworks/DirectoryService.framework/Versions/A/DirectoryService
0x000000000a04e000 	/System/Library/PrivateFrameworks/LoginUIKit.framework/Versions/A/Frameworks/LoginUICore.framework/Versions/A/LoginUICore
0x000000000a04e000 	/usr/lib/libodfde.dylib
0x000000011be82000 	/Library/Java/JavaVirtualMachines/jdk1.8.0_20.jdk/Contents/Home/jre/lib/libfontmanager.dylib
0x000000011bee8000 	/Users/Ben/Desktop/workspace/SpaceAndy/slick/liblwjgl.dylib
0x000000011a339000 	/Library/Java/JavaVirtualMachines/jdk1.8.0_20.jdk/Contents/Home/jre/lib/libjawt.dylib
0x000000011a33c000 	/Library/Java/JavaVirtualMachines/jdk1.8.0_20.jdk/Contents/Home/jre/lib/libnet.dylib
0x000000000a04e000 	/System/Library/Frameworks/OpenGL.framework/Versions/A/Resources/GLEngine.bundle/GLEngine
0x000000000a04e000 	/System/Library/Frameworks/OpenGL.framework/Versions/A/Libraries/libGLProgrammability.dylib
0x000000011bfce000 	/System/Library/Extensions/AppleIntelHD4000GraphicsGLDriver.bundle/Contents/MacOS/AppleIntelHD4000GraphicsGLDriver
0x000000000a04e000 	/System/Library/PrivateFrameworks/GPUSupport.framework/Versions/A/Libraries/libGPUSupportMercury.dylib
0x000000000a04e000 	/System/Library/Frameworks/OpenGL.framework/Versions/A/Resources/GLRendererFloat.bundle/GLRendererFloat
0x000000011e3e1000 	/Library/Java/JavaVirtualMachines/jdk1.8.0_20.jdk/Contents/Home/jre/lib/libnio.dylib
0x000000000a04e000 	/System/Library/Frameworks/ApplicationServices.framework/Versions/A/Frameworks/ATS.framework/Versions/A/Resources/libTrueTypeScaler.dylib
0x000000000a04e000 	/System/Library/Frameworks/ApplicationServices.framework/Versions/A/Frameworks/ATS.framework/Versions/A/Resources/libType1Scaler.dylib
0x000000011acfd000 	/Library/Java/JavaVirtualMachines/jdk1.8.0_20.jdk/Contents/Home/jre/lib/libjpeg.dylib

VM Arguments:
jvm_args: -Djava.library.path=/Users/Ben/Desktop/workspace/SpaceAndy/slick:/Users/Ben/Desktop/workspace/SpaceAndy/slick:/Users/Ben/Desktop/workspace/SpaceAndy/slick:/Users/Ben/Desktop/workspace/SpaceAndy/slick -Dfile.encoding=UTF-8 
java_command: SpaceDriver
java_class_path (initial): /Users/Ben/Desktop/workspace/SpaceAndy/bin:/Users/Ben/Desktop/workspace/SpaceAndy/slick/lib/slick.jar:/Users/Ben/Desktop/workspace/SpaceAndy/slick/lib/lwjgl.jar
Launcher Type: SUN_STANDARD

Environment Variables:
PATH=/usr/bin:/bin:/usr/sbin:/sbin
SHELL=/bin/bash
DISPLAY=/private/tmp/com.apple.launchd.MQKSsJfnJu/org.macosforge.xquartz:0

Signal Handlers:
SIGSEGV: [libjvm.dylib+0x578fd7], sa_mask[0]=11111111011111110111111111111111, sa_flags=SA_ONSTACK|SA_RESTART|SA_SIGINFO
SIGBUS: [libjvm.dylib+0x578fd7], sa_mask[0]=11111111011111110111111111111111, sa_flags=SA_RESTART|SA_SIGINFO
SIGFPE: [libjvm.dylib+0x45ab0c], sa_mask[0]=11111111011111110111111111111111, sa_flags=SA_RESTART|SA_SIGINFO
SIGPIPE: [libjvm.dylib+0x45ab0c], sa_mask[0]=11111111011111110111111111111111, sa_flags=SA_RESTART|SA_SIGINFO
SIGXFSZ: [libjvm.dylib+0x45ab0c], sa_mask[0]=11111111011111110111111111111111, sa_flags=SA_RESTART|SA_SIGINFO
SIGILL: [libjvm.dylib+0x45ab0c], sa_mask[0]=11111111011111110111111111111111, sa_flags=SA_RESTART|SA_SIGINFO
SIGUSR1: SIG_DFL, sa_mask[0]=00000000000000000000000000000000, sa_flags=none
SIGUSR2: [libjvm.dylib+0x45a62a], sa_mask[0]=00100000000000000000000000000000, sa_flags=SA_RESTART|SA_SIGINFO
SIGHUP: [libjvm.dylib+0x458bfd], sa_mask[0]=11111111011111110111111111111111, sa_flags=SA_RESTART|SA_SIGINFO
SIGINT: [libjvm.dylib+0x458bfd], sa_mask[0]=11111111011111110111111111111111, sa_flags=SA_RESTART|SA_SIGINFO
SIGTERM: [libjvm.dylib+0x458bfd], sa_mask[0]=11111111011111110111111111111111, sa_flags=SA_RESTART|SA_SIGINFO
SIGQUIT: [libjvm.dylib+0x458bfd], sa_mask[0]=11111111011111110111111111111111, sa_flags=SA_RESTART|SA_SIGINFO


---------------  S Y S T E M  ---------------

OS:Bsduname:Darwin 15.0.0 Darwin Kernel Version 15.0.0: Wed Aug 26 16:57:32 PDT 2015; root:xnu-3247.1.106~1/RELEASE_X86_64 x86_64
rlimit: STACK 8192k, CORE 0k, NPROC 709, NOFILE 10240, AS infinity
load average:1.90 1.70 1.62

CPU:total 4 (2 cores per cpu, 2 threads per core) family 6 model 58 stepping 9, cmov, cx8, fxsr, mmx, sse, sse2, sse3, ssse3, sse4.1, sse4.2, popcnt, avx, aes, clmul, erms, ht, tsc, tscinvbit, tscinv

Memory: 4k page, physical 4194304k(84240k free)

/proc/meminfo:


vm_info: Java HotSpot(TM) 64-Bit Server VM (25.20-b23) for bsd-amd64 JRE (1.8.0_20-b26), built on Jul 30 2014 13:37:47 by "java_re" with gcc 4.2.1 (Based on Apple Inc. build 5658) (LLVM build 2336.9.00)

time: Fri Dec 11 21:15:55 2015
elapsed time: 11 seconds (0d 0h 0m 11s)

