#
# A fatal error has been detected by the Java Runtime Environment:
#
#  SIGSEGV (0xb) at pc=0x00007fff996588e2, pid=20094, tid=2571
#
# JRE version: Java(TM) SE Runtime Environment (8.0_20-b26) (build 1.8.0_20-b26)
# Java VM: Java HotSpot(TM) 64-Bit Server VM (25.20-b23 mixed mode bsd-amd64 compressed oops)
# Problematic frame:
# C  [libGPUSupportMercury.dylib+0xa8e2]  gldAttachDrawable+0x60
#
# Failed to write core dump. Core dumps have been disabled. To enable core dumping, try "ulimit -c unlimited" before starting Java again
#
# If you would like to submit a bug report, please visit:
#   http://bugreport.sun.com/bugreport/crash.jsp
# The crash happened outside the Java Virtual Machine in native code.
# See problematic frame for where to report the bug.
#

---------------  T H R E A D  ---------------

Current thread (0x00007f964c053000):  JavaThread "AppKit Thread" daemon [_thread_in_native, id=2571, stack(0x00007fff57ecc000,0x00007fff586cc000)]

siginfo: si_signo: 11 (SIGSEGV), si_code: 0 (unknown), si_addr: 0x0000000000000000

Registers:
RAX=0xb000000000000000, RBX=0x000000000000271e, RCX=0x0000000000000000, RDX=0x00007f964dbe6418
RSP=0x00007fff586c71f0, RBP=0x00007fff586c72f0, RSI=0x0000000000000050, RDI=0x0800a6112b6806f2
R8 =0x00007f964e00aa60, R9 =0x00007f964e000000, R10=0x000000000000003c, R11=0x0000000000000206
R12=0x0000000000002718, R13=0x00007f964d151e00, R14=0x0000000000000050, R15=0x0000000000000000
RIP=0x00007fff996588e2, EFLAGS=0x0000000000010212, ERR=0x0000000000000000
  TRAPNO=0x000000000000000d

Top of Stack: (sp=0x00007fff586c71f0)
0x00007fff586c71f0:   0000000015b8461e 00007f964b57f460
0x00007fff586c7200:   00007fff586c7240 00007fff8d39b167
0x00007fff586c7210:   0000000000000000 4036000000000000
0x00007fff586c7220:   4094500000000000 b000000000000000
0x00007fff586c7230:   15b8461e15b8461e 00007fff586c7388
0x00007fff586c7240:   00007fff586c7330 00007fff8d052dac
0x00007fff586c7250:   0000000000000000 4036000000000000
0x00007fff586c7260:   4094500000000000 4089000000000000
0x00007fff586c7270:   7ff0000000000000 7ff0000000000000
0x00007fff586c7280:   0000000000000000 0000000000000000
0x00007fff586c7290:   00007fff586c7368 0001a9f7000003e8
0x00007fff586c72a0:   15b8461e00000dd2 7ff0000000000000
0x00007fff586c72b0:   7ff0000000000000 0000000000000000
0x00007fff586c72c0:   0800a6112b6806f2 00007f964e000c00
0x00007fff586c72d0:   0000000000002718 0000000000000000
0x00007fff586c72e0:   0000000000000050 0000000000000000
0x00007fff586c72f0:   00007fff586c7350 00007fff9faff553
0x00007fff586c7300:   0000000000000000 0000000000000000
0x00007fff586c7310:   00007f964e00aa60 0000000000000000
0x00007fff586c7320:   00007f964dbe6418 00007f964b580220
0x00007fff586c7330:   0000000000000000 00007f964d14fd50
0x00007fff586c7340:   00007f964d14de00 0800a6112b6806f2
0x00007fff586c7350:   00007fff586c7440 00007fff9eee9844
0x00007fff586c7360:   408c200000000000 4051800000000000
0x00007fff586c7370:   403c000000000000 4094500000000000
0x00007fff586c7380:   4089b00000000000 0000000000000000
0x00007fff586c7390:   4036000000000000 4094500000000000
0x00007fff586c73a0:   4089000000000000 0000000000000000
0x00007fff586c73b0:   0000000000000000 0000000000000001
0x00007fff586c73c0:   00007f964dbe6418 0000000000000001
0x00007fff586c73d0:   00007fff586c7440 00007fff9eeee5da
0x00007fff586c73e0:   0000000000000003 0000000100000001 

Instructions: (pc=0x00007fff996588e2)
0x00007fff996588c2:   48 85 d2 b8 01 00 00 00 bb 15 27 00 00 0f 44 d8
0x00007fff996588d2:   e9 29 03 00 00 49 8b 45 08 48 89 85 38 ff ff ff
0x00007fff996588e2:   48 8b 00 48 89 85 30 ff ff ff 83 fe 4f 0f 8f 03
0x00007fff996588f2:   01 00 00 48 89 d0 bb 15 27 00 00 83 fe 35 0f 84 

Register to memory mapping:

RAX=0xb000000000000000 is an unknown value
RBX=0x000000000000271e is an unknown value
RCX=0x0000000000000000 is an unknown value
RDX=0x00007f964dbe6418 is an unknown value
RSP=0x00007fff586c71f0 is pointing into the stack for thread: 0x00007f964c053000
RBP=0x00007fff586c72f0 is pointing into the stack for thread: 0x00007f964c053000
RSI=0x0000000000000050 is an unknown value
RDI=0x0800a6112b6806f2 is an unknown value
R8 =0x00007f964e00aa60 is an unknown value
R9 =0x00007f964e000000 is an unknown value
R10=0x000000000000003c is an unknown value
R11=0x0000000000000206 is an unknown value
R12=0x0000000000002718 is an unknown value
R13=0x00007f964d151e00 is an unknown value
R14=0x0000000000000050 is an unknown value
R15=0x0000000000000000 is an unknown value


Stack: [0x00007fff57ecc000,0x00007fff586cc000],  sp=0x00007fff586c71f0,  free space=8172k
Native frames: (J=compiled Java code, j=interpreted, Vv=VM code, C=native code)
C  [libGPUSupportMercury.dylib+0xa8e2]  gldAttachDrawable+0x60
C  [GLEngine+0x16553]  gliAttachDrawableWithOptions+0x108
C  [OpenGL+0x3844]  glcGetIOAccelService+0xe35
C  [OpenGL+0x7370]  CGLSetPBuffer+0xb38
C  [OpenGL+0x7695]  CGLSetSurface+0x124
C  [AppKit+0x30df20]  NSOpenGLContextAttachOnScreenViewSurface+0x109
C  [AppKit+0x6519ea]  __27-[NSOpenGLContext setView:]_block_invoke+0xc0
C  [AppKit+0x835659]  NSPerformVisuallyAtomicChange+0x93
C  [AppKit+0x2f9204]  -[NSOpenGLContext setView:]+0x77
C  [liblwjgl.dylib+0xa586]  -[MacOSXOpenGLView lockFocus]+0x76
C  [AppKit+0xd77c3]  -[NSView _recursiveDisplayRectIfNeededIgnoringOpacity:isVisibleRect:rectIsVisibleRectForView:topView:]+0x6e2
C  [AppKit+0xd87b1]  -[NSView _recursiveDisplayRectIfNeededIgnoringOpacity:isVisibleRect:rectIsVisibleRectForView:topView:]+0x16d0
C  [AppKit+0xd6c0c]  -[NSThemeFrame _recursiveDisplayRectIfNeededIgnoringOpacity:isVisibleRect:rectIsVisibleRectForView:topView:]+0x14e
C  [AppKit+0xd31ef]  -[NSView _displayRectIgnoringOpacity:isVisibleRect:rectIsVisibleRectForView:]+0x991
C  [AppKit+0x8d971]  -[NSView displayIfNeeded]+0x79e
C  [AppKit+0x8d19c]  -[NSWindow displayIfNeeded]+0xe8
C  [AppKit+0x8096da]  ___NSWindowGetDisplayCycleObserver_block_invoke6367+0x1dc
C  [AppKit+0x4500d6]  __37+[NSDisplayCycle currentDisplayCycle]_block_invoke+0x2e2
C  [QuartzCore+0x173b5d]  _ZN2CA11Transaction19run_commit_handlersE18CATransactionPhase+0x55
C  [QuartzCore+0xdc7c]  _ZN2CA7Context18commit_transactionEPNS_11TransactionE+0xa0
C  [QuartzCore+0xda24]  _ZN2CA11Transaction6commitEv+0x1fc
C  [QuartzCore+0x1c917]  _ZN2CA11Transaction17observer_callbackEP19__CFRunLoopObservermPv+0x47
C  [CoreFoundation+0x7de37]  __CFRUNLOOP_IS_CALLING_OUT_TO_AN_OBSERVER_CALLBACK_FUNCTION__+0x17
C  [CoreFoundation+0x7dda7]  __CFRunLoopDoObservers+0x187
C  [CoreFoundation+0x6f358]  CFRunLoopRunSpecific+0x148
C  [HIToolbox+0x30935]  RunCurrentEventLoopInMode+0xeb
C  [HIToolbox+0x30677]  ReceiveNextEventCommon+0xb8
C  [HIToolbox+0x305af]  _BlockUntilNextEventMatchingListInModeWithFilter+0x47
C  [AppKit+0x8a0ee]  _DPSNextEvent+0x42b
C  [AppKit+0x456943]  -[NSApplication _nextEventMatchingEventMask:untilDate:inMode:dequeue:]+0x1c6
C  [libosxapp.dylib+0x242a]  -[NSApplicationAWT nextEventMatchingMask:untilDate:inMode:dequeue:]+0x7c
C  [AppKit+0x7ffc8]  -[NSApplication run]+0x2aa
C  [libosxapp.dylib+0x223e]  +[NSApplicationAWT runAWTLoopWithApp:]+0x9c
C  [libawt_lwawt.dylib+0x4494f]  -[AWTStarter starter:]+0x389
C  [Foundation+0x8dd4b]  __NSThreadPerformPerform+0x117
C  [CoreFoundation+0x7e5c1]  __CFRUNLOOP_IS_CALLING_OUT_TO_A_SOURCE0_PERFORM_FUNCTION__+0x11
C  [CoreFoundation+0x7041c]  __CFRunLoopDoSources0+0x22c
C  [CoreFoundation+0x6f93f]  __CFRunLoopRun+0x39f
C  [CoreFoundation+0x6f338]  CFRunLoopRunSpecific+0x128
C  [java+0x56cc]  CreateExecutionEnvironment+0x367
C  [java+0x165c]  JLI_Launch+0x7a0
C  [java+0x768a]  main+0x65
C  [java+0xeb4]  start+0x34
C  0x0000000000000006


---------------  P R O C E S S  ---------------

Java Threads: ( => current thread )
  0x00007f964d093800 JavaThread "AWT-Shutdown" [_thread_blocked, id=29223, stack(0x00007000010cd000,0x00007000011cd000)]
  0x00007f964b88f800 JavaThread "Timer-0" [_thread_blocked, id=75099, stack(0x0000700001768000,0x0000700001868000)]
  0x00007f964b886000 JavaThread "Thread-2" [_thread_in_native, id=70243, stack(0x0000700001665000,0x0000700001765000)]
  0x00007f964d104000 JavaThread "Java2D Disposer" daemon [_thread_blocked, id=72199, stack(0x0000700001562000,0x0000700001662000)]
  0x00007f964d18b800 JavaThread "Java2D Queue Flusher" daemon [_thread_blocked, id=72455, stack(0x000070000145f000,0x000070000155f000)]
=>0x00007f964c053000 JavaThread "AppKit Thread" daemon [_thread_in_native, id=2571, stack(0x00007fff57ecc000,0x00007fff586cc000)]
  0x00007f964c029000 JavaThread "Service Thread" daemon [_thread_blocked, id=18435, stack(0x0000700000dc1000,0x0000700000ec1000)]
  0x00007f964c016000 JavaThread "C1 CompilerThread2" daemon [_thread_blocked, id=17923, stack(0x0000700000cbe000,0x0000700000dbe000)]
  0x00007f964c015800 JavaThread "C2 CompilerThread1" daemon [_thread_blocked, id=17411, stack(0x0000700000bbb000,0x0000700000cbb000)]
  0x00007f964c00f800 JavaThread "C2 CompilerThread0" daemon [_thread_blocked, id=16899, stack(0x0000700000ab8000,0x0000700000bb8000)]
  0x00007f964c856000 JavaThread "Signal Dispatcher" daemon [_thread_blocked, id=12815, stack(0x00007000009b5000,0x0000700000ab5000)]
  0x00007f964c00d000 JavaThread "Finalizer" daemon [_thread_blocked, id=12291, stack(0x000070000082f000,0x000070000092f000)]
  0x00007f964c00c800 JavaThread "Reference Handler" daemon [_thread_blocked, id=11779, stack(0x000070000072c000,0x000070000082c000)]
  0x00007f964b808000 JavaThread "main" [_thread_in_native, id=5891, stack(0x000070000011a000,0x000070000021a000)]

Other Threads:
  0x00007f964b834000 VMThread [stack: 0x0000700000629000,0x0000700000729000] [id=11267]
  0x00007f964c832800 WatcherThread [stack: 0x0000700000ec4000,0x0000700000fc4000] [id=18947]

VM state:not at safepoint (normal execution)

VM Mutex/Monitor currently owned by a thread: None

Heap:
 PSYoungGen      total 105472K, used 69709K [0x00000007aab00000, 0x00000007b2380000, 0x00000007c0000000)
  eden space 92672K, 75% used [0x00000007aab00000,0x00000007aef13650,0x00000007b0580000)
  from space 12800K, 0% used [0x00000007b1200000,0x00000007b1200000,0x00000007b1e80000)
  to   space 12800K, 0% used [0x00000007b0580000,0x00000007b0580000,0x00000007b1200000)
 ParOldGen       total 124416K, used 28705K [0x0000000780000000, 0x0000000787980000, 0x00000007aab00000)
  object space 124416K, 23% used [0x0000000780000000,0x0000000781c08460,0x0000000787980000)
 Metaspace       used 11338K, capacity 11437K, committed 11520K, reserved 1058816K
  class space    used 1173K, capacity 1209K, committed 1280K, reserved 1048576K

Card table byte_map: [0x00000001182e4000,0x00000001184e5000] byte_map_base: 0x00000001146e4000

Marking Bits: (ParMarkBitMap*) 0x000000010889c330
 Begin Bits: [0x000000011863b000, 0x000000011963b000)
 End Bits:   [0x000000011963b000, 0x000000011a63b000)

Polling page: 0x00000001077f5000

CodeCache: size=245760Kb used=5262Kb max_used=5288Kb free=240497Kb
 bounds [0x0000000108f24000, 0x0000000109454000, 0x0000000117f24000]
 total_blobs=1899 nmethods=1366 adapters=448
 compilation: enabled

Compilation events (10 events):
Event: 36.535 Thread 0x00007f964c016000 1362  s    3       org.lwjgl.opengl.MacOSXNativeKeyboard::handleKey (101 bytes)
Event: 36.536 Thread 0x00007f964c016000 nmethod 1362 0x000000010943f950 code [0x000000010943fb00, 0x00000001094403a8]
Event: 36.536 Thread 0x00007f964c016000 1363       3       org.lwjgl.opengl.MacOSXNativeKeyboard::getMappedKeyCode (34 bytes)
Event: 36.538 Thread 0x00007f964c016000 nmethod 1363 0x000000010943e450 code [0x000000010943e660, 0x000000010943f308]
Event: 36.538 Thread 0x00007f964c016000 1364       3       org.lwjgl.opengl.MacOSXNativeKeyboard::putKeyboardEvent (61 bytes)
Event: 36.539 Thread 0x00007f964c016000 nmethod 1364 0x000000010943d750 code [0x000000010943d920, 0x000000010943e158]
Event: 36.654 Thread 0x00007f964c015800 1365   !   4       org.lwjgl.opengl.Display::isActive (38 bytes)
Event: 36.657 Thread 0x00007f964c015800 nmethod 1365 0x0000000109427190 code [0x0000000109427320, 0x00000001094276b8]
Event: 36.799 Thread 0x00007f964c016000 1366       3       org.lwjgl.opengl.MacOSXNativeKeyboard::putKeyEvent (81 bytes)
Event: 36.800 Thread 0x00007f964c016000 nmethod 1366 0x000000010943ba90 code [0x000000010943bd00, 0x000000010943cde8]

GC Heap History (10 events):
Event: 5.078 GC heap before
{Heap before GC invocations=7 (full 1):
 PSYoungGen      total 35328K, used 32768K [0x00000007aab00000, 0x00000007b0300000, 0x00000007c0000000)
  eden space 32768K, 100% used [0x00000007aab00000,0x00000007acb00000,0x00000007acb00000)
  from space 2560K, 0% used [0x00000007acb00000,0x00000007acb00000,0x00000007acd80000)
  to   space 12288K, 0% used [0x00000007af700000,0x00000007af700000,0x00000007b0300000)
 ParOldGen       total 44544K, used 8584K [0x0000000780000000, 0x0000000782b80000, 0x00000007aab00000)
  object space 44544K, 19% used [0x0000000780000000,0x00000007808620f0,0x0000000782b80000)
 Metaspace       used 9602K, capacity 9773K, committed 9856K, reserved 1058816K
  class space    used 1012K, capacity 1081K, committed 1152K, reserved 1048576K
Event: 5.091 GC heap after
Heap after GC invocations=7 (full 1):
 PSYoungGen      total 74752K, used 8260K [0x00000007aab00000, 0x00000007b0200000, 0x00000007c0000000)
  eden space 63488K, 0% used [0x00000007aab00000,0x00000007aab00000,0x00000007ae900000)
  from space 11264K, 73% used [0x00000007af700000,0x00000007aff11010,0x00000007b0200000)
  to   space 12800K, 0% used [0x00000007ae900000,0x00000007ae900000,0x00000007af580000)
 ParOldGen       total 60928K, used 57460K [0x0000000780000000, 0x0000000783b80000, 0x00000007aab00000)
  object space 60928K, 94% used [0x0000000780000000,0x000000078381d140,0x0000000783b80000)
 Metaspace       used 9602K, capacity 9773K, committed 9856K, reserved 1058816K
  class space    used 1012K, capacity 1081K, committed 1152K, reserved 1048576K
}
Event: 5.091 GC heap before
{Heap before GC invocations=8 (full 2):
 PSYoungGen      total 74752K, used 8260K [0x00000007aab00000, 0x00000007b0200000, 0x00000007c0000000)
  eden space 63488K, 0% used [0x00000007aab00000,0x00000007aab00000,0x00000007ae900000)
  from space 11264K, 73% used [0x00000007af700000,0x00000007aff11010,0x00000007b0200000)
  to   space 12800K, 0% used [0x00000007ae900000,0x00000007ae900000,0x00000007af580000)
 ParOldGen       total 60928K, used 57460K [0x0000000780000000, 0x0000000783b80000, 0x00000007aab00000)
  object space 60928K, 94% used [0x0000000780000000,0x000000078381d140,0x0000000783b80000)
 Metaspace       used 9602K, capacity 9773K, committed 9856K, reserved 1058816K
  class space    used 1012K, capacity 1081K, committed 1152K, reserved 1048576K
Event: 5.106 GC heap after
Heap after GC invocations=8 (full 2):
 PSYoungGen      total 74752K, used 0K [0x00000007aab00000, 0x00000007b0200000, 0x00000007c0000000)
  eden space 63488K, 0% used [0x00000007aab00000,0x00000007aab00000,0x00000007ae900000)
  from space 11264K, 0% used [0x00000007af700000,0x00000007af700000,0x00000007b0200000)
  to   space 12800K, 0% used [0x00000007ae900000,0x00000007ae900000,0x00000007af580000)
 ParOldGen       total 95232K, used 28973K [0x0000000780000000, 0x0000000785d00000, 0x00000007aab00000)
  object space 95232K, 30% used [0x0000000780000000,0x0000000781c4b4e0,0x0000000785d00000)
 Metaspace       used 9602K, capacity 9773K, committed 9856K, reserved 1058816K
  class space    used 1012K, capacity 1081K, committed 1152K, reserved 1048576K
}
Event: 6.330 GC heap before
{Heap before GC invocations=9 (full 2):
 PSYoungGen      total 74752K, used 63403K [0x00000007aab00000, 0x00000007b0200000, 0x00000007c0000000)
  eden space 63488K, 99% used [0x00000007aab00000,0x00000007ae8eadd8,0x00000007ae900000)
  from space 11264K, 0% used [0x00000007af700000,0x00000007af700000,0x00000007b0200000)
  to   space 12800K, 0% used [0x00000007ae900000,0x00000007ae900000,0x00000007af580000)
 ParOldGen       total 95232K, used 28973K [0x0000000780000000, 0x0000000785d00000, 0x00000007aab00000)
  object space 95232K, 30% used [0x0000000780000000,0x0000000781c4b4e0,0x0000000785d00000)
 Metaspace       used 9698K, capacity 9837K, committed 10112K, reserved 1058816K
  class space    used 1017K, capacity 1081K, committed 1152K, reserved 1048576K
Event: 6.333 GC heap after
Heap after GC invocations=9 (full 2):
 PSYoungGen      total 76288K, used 3296K [0x00000007aab00000, 0x00000007b1e80000, 0x00000007c0000000)
  eden space 63488K, 0% used [0x00000007aab00000,0x00000007aab00000,0x00000007ae900000)
  from space 12800K, 25% used [0x00000007ae900000,0x00000007aec38030,0x00000007af580000)
  to   space 12800K, 0% used [0x00000007b1200000,0x00000007b1200000,0x00000007b1e80000)
 ParOldGen       total 95232K, used 28981K [0x0000000780000000, 0x0000000785d00000, 0x00000007aab00000)
  object space 95232K, 30% used [0x0000000780000000,0x0000000781c4d4e0,0x0000000785d00000)
 Metaspace       used 9698K, capacity 9837K, committed 10112K, reserved 1058816K
  class space    used 1017K, capacity 1081K, committed 1152K, reserved 1048576K
}
Event: 6.574 GC heap before
{Heap before GC invocations=10 (full 2):
 PSYoungGen      total 76288K, used 66784K [0x00000007aab00000, 0x00000007b1e80000, 0x00000007c0000000)
  eden space 63488K, 100% used [0x00000007aab00000,0x00000007ae900000,0x00000007ae900000)
  from space 12800K, 25% used [0x00000007ae900000,0x00000007aec38030,0x00000007af580000)
  to   space 12800K, 0% used [0x00000007b1200000,0x00000007b1200000,0x00000007b1e80000)
 ParOldGen       total 95232K, used 28981K [0x0000000780000000, 0x0000000785d00000, 0x00000007aab00000)
  object space 95232K, 30% used [0x0000000780000000,0x0000000781c4d4e0,0x0000000785d00000)
 Metaspace       used 9707K, capacity 9837K, committed 10112K, reserved 1058816K
  class space    used 1017K, capacity 1081K, committed 1152K, reserved 1048576K
Event: 6.599 GC heap after
Heap after GC invocations=10 (full 2):
 PSYoungGen      total 105472K, used 8260K [0x00000007aab00000, 0x00000007b2380000, 0x00000007c0000000)
  eden space 92672K, 0% used [0x00000007aab00000,0x00000007aab00000,0x00000007b0580000)
  from space 12800K, 64% used [0x00000007b1200000,0x00000007b1a11010,0x00000007b1e80000)
  to   space 12800K, 0% used [0x00000007b0580000,0x00000007b0580000,0x00000007b1200000)
 ParOldGen       total 101376K, used 100270K [0x0000000780000000, 0x0000000786300000, 0x00000007aab00000)
  object space 101376K, 98% used [0x0000000780000000,0x00000007861eb960,0x0000000786300000)
 Metaspace       used 9707K, capacity 9837K, committed 10112K, reserved 1058816K
  class space    used 1017K, capacity 1081K, committed 1152K, reserved 1048576K
}
Event: 6.599 GC heap before
{Heap before GC invocations=11 (full 3):
 PSYoungGen      total 105472K, used 8260K [0x00000007aab00000, 0x00000007b2380000, 0x00000007c0000000)
  eden space 92672K, 0% used [0x00000007aab00000,0x00000007aab00000,0x00000007b0580000)
  from space 12800K, 64% used [0x00000007b1200000,0x00000007b1a11010,0x00000007b1e80000)
  to   space 12800K, 0% used [0x00000007b0580000,0x00000007b0580000,0x00000007b1200000)
 ParOldGen       total 101376K, used 100270K [0x0000000780000000, 0x0000000786300000, 0x00000007aab00000)
  object space 101376K, 98% used [0x0000000780000000,0x00000007861eb960,0x0000000786300000)
 Metaspace       used 9707K, capacity 9837K, committed 10112K, reserved 1058816K
  class space    used 1017K, capacity 1081K, committed 1152K, reserved 1048576K
Event: 6.629 GC heap after
Heap after GC invocations=11 (full 3):
 PSYoungGen      total 105472K, used 0K [0x00000007aab00000, 0x00000007b2380000, 0x00000007c0000000)
  eden space 92672K, 0% used [0x00000007aab00000,0x00000007aab00000,0x00000007b0580000)
  from space 12800K, 0% used [0x00000007b1200000,0x00000007b1200000,0x00000007b1e80000)
  to   space 12800K, 0% used [0x00000007b0580000,0x00000007b0580000,0x00000007b1200000)
 ParOldGen       total 124416K, used 28705K [0x0000000780000000, 0x0000000787980000, 0x00000007aab00000)
  object space 124416K, 23% used [0x0000000780000000,0x0000000781c08460,0x0000000787980000)
 Metaspace       used 9707K, capacity 9837K, committed 10112K, reserved 1058816K
  class space    used 1017K, capacity 1081K, committed 1152K, reserved 1048576K
}

Deoptimization events (1 events):
Event: 3.301 Thread 0x00007f964b808000 Uncommon trap: reason=unreached action=reinterpret pc=0x00000001091970d4 method=sun.java2d.loops.GraphicsPrimitiveMgr.locate(Lsun/java2d/loops/GraphicsPrimitiveMgr$PrimitiveSpec;)Lsun/java2d/loops/GraphicsPrimitive; @ 85

Internal exceptions (10 events):
Event: 6.844 Thread 0x00007f964b808000 Exception <a 'java/security/PrivilegedActionException'> (0x00000007ae719530) thrown at [/HUDSON3/workspace/8-2-build-macosx-x86_64/jdk8u20/1074/hotspot/src/share/vm/prims/jvm.cpp, line 1275]
Event: 6.844 Thread 0x00007f964b808000 Exception <a 'java/security/PrivilegedActionException'> (0x00000007ae71ea88) thrown at [/HUDSON3/workspace/8-2-build-macosx-x86_64/jdk8u20/1074/hotspot/src/share/vm/prims/jvm.cpp, line 1275]
Event: 6.844 Thread 0x00007f964b808000 Exception <a 'java/security/PrivilegedActionException'> (0x00000007ae7240d0) thrown at [/HUDSON3/workspace/8-2-build-macosx-x86_64/jdk8u20/1074/hotspot/src/share/vm/prims/jvm.cpp, line 1275]
Event: 6.845 Thread 0x00007f964b808000 Exception <a 'java/security/PrivilegedActionException'> (0x00000007ae728468) thrown at [/HUDSON3/workspace/8-2-build-macosx-x86_64/jdk8u20/1074/hotspot/src/share/vm/prims/jvm.cpp, line 1275]
Event: 6.846 Thread 0x00007f964b808000 Exception <a 'java/security/PrivilegedActionException'> (0x00000007ae72fba8) thrown at [/HUDSON3/workspace/8-2-build-macosx-x86_64/jdk8u20/1074/hotspot/src/share/vm/prims/jvm.cpp, line 1275]
Event: 6.849 Thread 0x00007f964b808000 Exception <a 'java/security/PrivilegedActionException'> (0x00000007ae737608) thrown at [/HUDSON3/workspace/8-2-build-macosx-x86_64/jdk8u20/1074/hotspot/src/share/vm/prims/jvm.cpp, line 1275]
Event: 6.850 Thread 0x00007f964b808000 Exception <a 'java/security/PrivilegedActionException'> (0x00000007ae769488) thrown at [/HUDSON3/workspace/8-2-build-macosx-x86_64/jdk8u20/1074/hotspot/src/share/vm/prims/jvm.cpp, line 1275]
Event: 6.853 Thread 0x00007f964b808000 Exception <a 'java/security/PrivilegedActionException'> (0x00000007ae76d428) thrown at [/HUDSON3/workspace/8-2-build-macosx-x86_64/jdk8u20/1074/hotspot/src/share/vm/prims/jvm.cpp, line 1275]
Event: 6.862 Thread 0x00007f964b808000 Exception <a 'java/security/PrivilegedActionException'> (0x00000007ae7734a8) thrown at [/HUDSON3/workspace/8-2-build-macosx-x86_64/jdk8u20/1074/hotspot/src/share/vm/prims/jvm.cpp, line 1275]
Event: 6.865 Thread 0x00007f964b808000 Exception <a 'java/security/PrivilegedActionException'> (0x00000007ae7a1638) thrown at [/HUDSON3/workspace/8-2-build-macosx-x86_64/jdk8u20/1074/hotspot/src/share/vm/prims/jvm.cpp, line 1275]

Events (10 events):
Event: 26.613 loading class sun/awt/AppContext$PostShutdownEventRunnable
Event: 26.613 loading class sun/awt/AppContext$PostShutdownEventRunnable done
Event: 26.613 Executing VM operation: RevokeBias
Event: 26.613 Executing VM operation: RevokeBias done
Event: 26.613 loading class sun/awt/AWTAutoShutdown$1
Event: 26.613 loading class sun/awt/AWTAutoShutdown$1 done
Event: 26.613 Thread 0x00007f964d093800 Thread exited: 0x00007f964d093800
Event: 27.105 Thread 0x00007f964d093800 Thread added: 0x00007f964d093800
Event: 39.273 loading class org/lwjgl/opengl/CallbackUtil
Event: 39.273 loading class org/lwjgl/opengl/CallbackUtil done


Dynamic libraries:
0x000000000b746000 	/System/Library/Frameworks/Cocoa.framework/Versions/A/Cocoa
0x000000000b746000 	/System/Library/Frameworks/Security.framework/Versions/A/Security
0x000000000b746000 	/System/Library/Frameworks/ApplicationServices.framework/Versions/A/ApplicationServices
0x000000000b746000 	/usr/lib/libz.1.dylib
0x000000000b746000 	/usr/lib/libSystem.B.dylib
0x000000000b746000 	/usr/lib/libobjc.A.dylib
0x000000000b746000 	/System/Library/Frameworks/CoreFoundation.framework/Versions/A/CoreFoundation
0x000000000b746000 	/System/Library/Frameworks/Foundation.framework/Versions/C/Foundation
0x000000000b746000 	/System/Library/Frameworks/AppKit.framework/Versions/C/AppKit
0x000000000b746000 	/System/Library/Frameworks/CoreData.framework/Versions/A/CoreData
0x000000000b746000 	/System/Library/PrivateFrameworks/RemoteViewServices.framework/Versions/A/RemoteViewServices
0x000000000b746000 	/System/Library/PrivateFrameworks/UIFoundation.framework/Versions/A/UIFoundation
0x000000000b746000 	/usr/lib/libScreenReader.dylib
0x000000000b746000 	/System/Library/Frameworks/Accelerate.framework/Versions/A/Accelerate
0x000000000b746000 	/System/Library/Frameworks/IOSurface.framework/Versions/A/IOSurface
0x000000000b746000 	/System/Library/Frameworks/AudioToolbox.framework/Versions/A/AudioToolbox
0x000000000b746000 	/System/Library/Frameworks/AudioUnit.framework/Versions/A/AudioUnit
0x000000000b746000 	/System/Library/PrivateFrameworks/DataDetectorsCore.framework/Versions/A/DataDetectorsCore
0x000000000b746000 	/System/Library/PrivateFrameworks/DesktopServicesPriv.framework/Versions/A/DesktopServicesPriv
0x000000000b746000 	/System/Library/Frameworks/Carbon.framework/Versions/A/Frameworks/HIToolbox.framework/Versions/A/HIToolbox
0x000000000b746000 	/System/Library/Frameworks/QuartzCore.framework/Versions/A/QuartzCore
0x000000000b746000 	/System/Library/Frameworks/Carbon.framework/Versions/A/Frameworks/SpeechRecognition.framework/Versions/A/SpeechRecognition
0x000000000b746000 	/usr/lib/libauto.dylib
0x000000000b746000 	/usr/lib/libicucore.A.dylib
0x000000000b746000 	/usr/lib/libxml2.2.dylib
0x000000000b746000 	/System/Library/PrivateFrameworks/CoreUI.framework/Versions/A/CoreUI
0x000000000b746000 	/System/Library/Frameworks/CoreAudio.framework/Versions/A/CoreAudio
0x000000000b746000 	/System/Library/Frameworks/DiskArbitration.framework/Versions/A/DiskArbitration
0x000000000b746000 	/usr/lib/liblangid.dylib
0x000000000b746000 	/System/Library/PrivateFrameworks/MultitouchSupport.framework/Versions/A/MultitouchSupport
0x000000000b746000 	/System/Library/Frameworks/IOKit.framework/Versions/A/IOKit
0x000000000b746000 	/usr/lib/libDiagnosticMessagesClient.dylib
0x000000000b746000 	/System/Library/Frameworks/CoreServices.framework/Versions/A/CoreServices
0x000000000b746000 	/System/Library/PrivateFrameworks/PerformanceAnalysis.framework/Versions/A/PerformanceAnalysis
0x000000000b746000 	/System/Library/PrivateFrameworks/GenerationalStorage.framework/Versions/A/GenerationalStorage
0x000000000b746000 	/System/Library/Frameworks/OpenGL.framework/Versions/A/OpenGL
0x000000000b746000 	/System/Library/PrivateFrameworks/Sharing.framework/Versions/A/Sharing
0x000000000b746000 	/System/Library/Frameworks/CoreGraphics.framework/Versions/A/CoreGraphics
0x000000000b746000 	/System/Library/Frameworks/CoreImage.framework/Versions/A/CoreImage
0x000000000b746000 	/System/Library/Frameworks/CoreText.framework/Versions/A/CoreText
0x000000000b746000 	/System/Library/Frameworks/ImageIO.framework/Versions/A/ImageIO
0x000000000b746000 	/System/Library/PrivateFrameworks/Backup.framework/Versions/A/Backup
0x000000000b746000 	/usr/lib/libextension.dylib
0x000000000b746000 	/usr/lib/libarchive.2.dylib
0x000000000b746000 	/System/Library/Frameworks/CFNetwork.framework/Versions/A/CFNetwork
0x000000000b746000 	/System/Library/Frameworks/SystemConfiguration.framework/Versions/A/SystemConfiguration
0x000000000b746000 	/usr/lib/libCRFSuite.dylib
0x000000000b746000 	/usr/lib/libc++.1.dylib
0x000000000b746000 	/usr/lib/libc++abi.dylib
0x000000000b746000 	/usr/lib/system/libcache.dylib
0x000000000b746000 	/usr/lib/system/libcommonCrypto.dylib
0x000000000b746000 	/usr/lib/system/libcompiler_rt.dylib
0x000000000b746000 	/usr/lib/system/libcopyfile.dylib
0x000000000b746000 	/usr/lib/system/libcorecrypto.dylib
0x000000000b746000 	/usr/lib/system/libdispatch.dylib
0x000000000b746000 	/usr/lib/system/libdyld.dylib
0x000000000b746000 	/usr/lib/system/libkeymgr.dylib
0x000000000b746000 	/usr/lib/system/liblaunch.dylib
0x000000000b746000 	/usr/lib/system/libmacho.dylib
0x000000000b746000 	/usr/lib/system/libquarantine.dylib
0x000000000b746000 	/usr/lib/system/libremovefile.dylib
0x000000000b746000 	/usr/lib/system/libsystem_asl.dylib
0x000000000b746000 	/usr/lib/system/libsystem_blocks.dylib
0x000000000b746000 	/usr/lib/system/libsystem_c.dylib
0x000000000b746000 	/usr/lib/system/libsystem_configuration.dylib
0x000000000b746000 	/usr/lib/system/libsystem_coreservices.dylib
0x000000000b746000 	/usr/lib/system/libsystem_coretls.dylib
0x000000000b746000 	/usr/lib/system/libsystem_dnssd.dylib
0x000000000b746000 	/usr/lib/system/libsystem_info.dylib
0x000000000b746000 	/usr/lib/system/libsystem_kernel.dylib
0x000000000b746000 	/usr/lib/system/libsystem_m.dylib
0x000000000b746000 	/usr/lib/system/libsystem_malloc.dylib
0x000000000b746000 	/usr/lib/system/libsystem_network.dylib
0x000000000b746000 	/usr/lib/system/libsystem_networkextension.dylib
0x000000000b746000 	/usr/lib/system/libsystem_notify.dylib
0x000000000b746000 	/usr/lib/system/libsystem_platform.dylib
0x000000000b746000 	/usr/lib/system/libsystem_pthread.dylib
0x000000000b746000 	/usr/lib/system/libsystem_sandbox.dylib
0x000000000b746000 	/usr/lib/system/libsystem_secinit.dylib
0x000000000b746000 	/usr/lib/system/libsystem_trace.dylib
0x000000000b746000 	/usr/lib/system/libunc.dylib
0x000000000b746000 	/usr/lib/system/libunwind.dylib
0x000000000b746000 	/usr/lib/system/libxpc.dylib
0x000000000b746000 	/usr/lib/libenergytrace.dylib
0x000000000b746000 	/usr/lib/libbsm.0.dylib
0x000000000b746000 	/usr/lib/system/libkxld.dylib
0x000000000b746000 	/usr/lib/libxar.1.dylib
0x000000000b746000 	/usr/lib/libsqlite3.dylib
0x000000000b746000 	/usr/lib/libpam.2.dylib
0x000000000b746000 	/usr/lib/libOpenScriptingUtil.dylib
0x000000000b746000 	/usr/lib/libbz2.1.0.dylib
0x000000000b746000 	/usr/lib/liblzma.5.dylib
0x000000000b746000 	/System/Library/Frameworks/CoreServices.framework/Versions/A/Frameworks/FSEvents.framework/Versions/A/FSEvents
0x000000000b746000 	/System/Library/Frameworks/CoreServices.framework/Versions/A/Frameworks/CarbonCore.framework/Versions/A/CarbonCore
0x000000000b746000 	/System/Library/Frameworks/CoreServices.framework/Versions/A/Frameworks/Metadata.framework/Versions/A/Metadata
0x000000000b746000 	/System/Library/Frameworks/CoreServices.framework/Versions/A/Frameworks/OSServices.framework/Versions/A/OSServices
0x000000000b746000 	/System/Library/Frameworks/CoreServices.framework/Versions/A/Frameworks/SearchKit.framework/Versions/A/SearchKit
0x000000000b746000 	/System/Library/Frameworks/CoreServices.framework/Versions/A/Frameworks/AE.framework/Versions/A/AE
0x000000000b746000 	/System/Library/Frameworks/CoreServices.framework/Versions/A/Frameworks/LaunchServices.framework/Versions/A/LaunchServices
0x000000000b746000 	/System/Library/Frameworks/CoreServices.framework/Versions/A/Frameworks/DictionaryServices.framework/Versions/A/DictionaryServices
0x000000000b746000 	/System/Library/Frameworks/CoreServices.framework/Versions/A/Frameworks/SharedFileList.framework/Versions/A/SharedFileList
0x000000000b746000 	/System/Library/Frameworks/NetFS.framework/Versions/A/NetFS
0x000000000b746000 	/System/Library/PrivateFrameworks/NetAuth.framework/Versions/A/NetAuth
0x000000000b746000 	/System/Library/PrivateFrameworks/login.framework/Versions/A/Frameworks/loginsupport.framework/Versions/A/loginsupport
0x000000000b746000 	/System/Library/PrivateFrameworks/TCC.framework/Versions/A/TCC
0x000000000b746000 	/usr/lib/libmecabra.dylib
0x000000000b746000 	/System/Library/Frameworks/ApplicationServices.framework/Versions/A/Frameworks/ATS.framework/Versions/A/ATS
0x000000000b746000 	/System/Library/Frameworks/ApplicationServices.framework/Versions/A/Frameworks/ColorSync.framework/Versions/A/ColorSync
0x000000000b746000 	/System/Library/Frameworks/ApplicationServices.framework/Versions/A/Frameworks/HIServices.framework/Versions/A/HIServices
0x000000000b746000 	/System/Library/Frameworks/ApplicationServices.framework/Versions/A/Frameworks/LangAnalysis.framework/Versions/A/LangAnalysis
0x000000000b746000 	/System/Library/Frameworks/ApplicationServices.framework/Versions/A/Frameworks/PrintCore.framework/Versions/A/PrintCore
0x000000000b746000 	/System/Library/Frameworks/ApplicationServices.framework/Versions/A/Frameworks/QD.framework/Versions/A/QD
0x000000000b746000 	/System/Library/Frameworks/ApplicationServices.framework/Versions/A/Frameworks/SpeechSynthesis.framework/Versions/A/SpeechSynthesis
0x000000000b746000 	/System/Library/Frameworks/Metal.framework/Versions/A/Metal
0x000000000b746000 	/System/Library/Frameworks/Accelerate.framework/Versions/A/Frameworks/vImage.framework/Versions/A/vImage
0x000000000b746000 	/System/Library/Frameworks/Accelerate.framework/Versions/A/Frameworks/vecLib.framework/Versions/A/vecLib
0x000000000b746000 	/System/Library/Frameworks/Accelerate.framework/Versions/A/Frameworks/vecLib.framework/Versions/A/libvDSP.dylib
0x000000000b746000 	/System/Library/Frameworks/Accelerate.framework/Versions/A/Frameworks/vecLib.framework/Versions/A/libvMisc.dylib
0x000000000b746000 	/System/Library/Frameworks/Accelerate.framework/Versions/A/Frameworks/vecLib.framework/Versions/A/libLAPACK.dylib
0x000000000b746000 	/System/Library/Frameworks/Accelerate.framework/Versions/A/Frameworks/vecLib.framework/Versions/A/libBLAS.dylib
0x000000000b746000 	/System/Library/Frameworks/Accelerate.framework/Versions/A/Frameworks/vecLib.framework/Versions/A/libLinearAlgebra.dylib
0x000000000b746000 	/System/Library/Frameworks/Accelerate.framework/Versions/A/Frameworks/vecLib.framework/Versions/A/libSparseBLAS.dylib
0x000000000b746000 	/System/Library/PrivateFrameworks/GPUCompiler.framework/libmetal_timestamp.dylib
0x000000000b746000 	/System/Library/Frameworks/OpenGL.framework/Versions/A/Libraries/libCoreFSCache.dylib
0x000000000b746000 	/System/Library/PrivateFrameworks/IOAccelerator.framework/Versions/A/IOAccelerator
0x000000000b746000 	/System/Library/Frameworks/ApplicationServices.framework/Versions/A/Frameworks/ATS.framework/Versions/A/Resources/libFontParser.dylib
0x000000000b746000 	/System/Library/Frameworks/ApplicationServices.framework/Versions/A/Frameworks/ATS.framework/Versions/A/Resources/libFontRegistry.dylib
0x000000000b746000 	/System/Library/PrivateFrameworks/AppleVPA.framework/Versions/A/AppleVPA
0x000000000b746000 	/System/Library/PrivateFrameworks/AppleJPEG.framework/Versions/A/AppleJPEG
0x000000000b746000 	/System/Library/Frameworks/ImageIO.framework/Versions/A/Resources/libJPEG.dylib
0x000000000b746000 	/System/Library/Frameworks/ImageIO.framework/Versions/A/Resources/libTIFF.dylib
0x000000000b746000 	/System/Library/Frameworks/ImageIO.framework/Versions/A/Resources/libPng.dylib
0x000000000b746000 	/System/Library/Frameworks/ImageIO.framework/Versions/A/Resources/libGIF.dylib
0x000000000b746000 	/System/Library/Frameworks/ImageIO.framework/Versions/A/Resources/libJP2.dylib
0x000000000b746000 	/System/Library/Frameworks/ImageIO.framework/Versions/A/Resources/libRadiance.dylib
0x000000000b746000 	/System/Library/Frameworks/CoreVideo.framework/Versions/A/CoreVideo
0x000000000b746000 	/System/Library/Frameworks/OpenGL.framework/Versions/A/Libraries/libGLU.dylib
0x000000000b746000 	/System/Library/Frameworks/OpenGL.framework/Versions/A/Libraries/libGFXShared.dylib
0x000000000b746000 	/System/Library/Frameworks/OpenGL.framework/Versions/A/Libraries/libGL.dylib
0x000000000b746000 	/System/Library/Frameworks/OpenGL.framework/Versions/A/Libraries/libGLImage.dylib
0x000000000b746000 	/System/Library/Frameworks/OpenGL.framework/Versions/A/Libraries/libCVMSPluginSupport.dylib
0x000000000b746000 	/System/Library/Frameworks/OpenGL.framework/Versions/A/Libraries/libCoreVMClient.dylib
0x000000000b746000 	/usr/lib/libcups.2.dylib
0x000000000b746000 	/System/Library/Frameworks/Kerberos.framework/Versions/A/Kerberos
0x000000000b746000 	/System/Library/Frameworks/GSS.framework/Versions/A/GSS
0x000000000b746000 	/usr/lib/libresolv.9.dylib
0x000000000b746000 	/usr/lib/libiconv.2.dylib
0x000000000b746000 	/System/Library/PrivateFrameworks/Heimdal.framework/Versions/A/Heimdal
0x000000000b746000 	/usr/lib/libheimdal-asn1.dylib
0x000000000b746000 	/System/Library/Frameworks/OpenDirectory.framework/Versions/A/OpenDirectory
0x000000000b746000 	/System/Library/PrivateFrameworks/CommonAuth.framework/Versions/A/CommonAuth
0x000000000b746000 	/System/Library/Frameworks/OpenDirectory.framework/Versions/A/Frameworks/CFOpenDirectory.framework/Versions/A/CFOpenDirectory
0x000000000b746000 	/System/Library/Frameworks/SecurityFoundation.framework/Versions/A/SecurityFoundation
0x000000000b746000 	/System/Library/PrivateFrameworks/LanguageModeling.framework/Versions/A/LanguageModeling
0x000000000b746000 	/usr/lib/libmarisa.dylib
0x000000000b746000 	/usr/lib/libChineseTokenizer.dylib
0x000000000b746000 	/usr/lib/libcmph.dylib
0x000000000b746000 	/usr/lib/libcompression.dylib
0x000000000b746000 	/System/Library/Frameworks/ServiceManagement.framework/Versions/A/ServiceManagement
0x000000000b746000 	/usr/lib/libxslt.1.dylib
0x000000000b746000 	/System/Library/Frameworks/Carbon.framework/Versions/A/Frameworks/Ink.framework/Versions/A/Ink
0x000000000b746000 	/usr/lib/libFosl_dynamic.dylib
0x000000000b746000 	/System/Library/PrivateFrameworks/FaceCore.framework/Versions/A/FaceCore
0x000000000b746000 	/System/Library/Frameworks/OpenCL.framework/Versions/A/OpenCL
0x000000000b746000 	/System/Library/PrivateFrameworks/CrashReporterSupport.framework/Versions/A/CrashReporterSupport
0x000000000b746000 	/System/Library/PrivateFrameworks/IconServices.framework/Versions/A/IconServices
0x000000000b746000 	/System/Library/PrivateFrameworks/Apple80211.framework/Versions/A/Apple80211
0x000000000b746000 	/System/Library/Frameworks/CoreWLAN.framework/Versions/A/CoreWLAN
0x000000000b746000 	/System/Library/Frameworks/IOBluetooth.framework/Versions/A/IOBluetooth
0x000000000b746000 	/System/Library/PrivateFrameworks/CoreWiFi.framework/Versions/A/CoreWiFi
0x000000000b746000 	/System/Library/Frameworks/CoreBluetooth.framework/Versions/A/CoreBluetooth
0x000000000b746000 	/System/Library/PrivateFrameworks/ChunkingLibrary.framework/Versions/A/ChunkingLibrary
0x000000000b746000 	/System/Library/PrivateFrameworks/DebugSymbols.framework/Versions/A/DebugSymbols
0x000000000b746000 	/System/Library/PrivateFrameworks/CoreSymbolication.framework/Versions/A/CoreSymbolication
0x000000000b746000 	/System/Library/PrivateFrameworks/Symbolication.framework/Versions/A/Symbolication
0x000000000b746000 	/System/Library/PrivateFrameworks/SpeechRecognitionCore.framework/Versions/A/SpeechRecognitionCore
0x0000000108000000 	/Library/Java/JavaVirtualMachines/jdk1.8.0_20.jdk/Contents/Home/jre/lib/server/libjvm.dylib
0x000000000b746000 	/usr/lib/libstdc++.6.dylib
0x00000001077b3000 	/Library/Java/JavaVirtualMachines/jdk1.8.0_20.jdk/Contents/Home/jre/lib/libverify.dylib
0x00000001077c1000 	/Library/Java/JavaVirtualMachines/jdk1.8.0_20.jdk/Contents/Home/jre/lib/libjava.dylib
0x0000000108f1b000 	/Library/Java/JavaVirtualMachines/jdk1.8.0_20.jdk/Contents/Home/jre/lib/libzip.dylib
0x000000011c31a000 	/System/Library/Frameworks/JavaVM.framework/Frameworks/JavaRuntimeSupport.framework/JavaRuntimeSupport
0x000000011c335000 	/System/Library/Frameworks/JavaVM.framework/Versions/A/Frameworks/JavaNativeFoundation.framework/Versions/A/JavaNativeFoundation
0x000000011c34a000 	/System/Library/Frameworks/JavaVM.framework/Versions/A/JavaVM
0x000000000b746000 	/System/Library/Frameworks/Carbon.framework/Versions/A/Carbon
0x000000011c357000 	/System/Library/PrivateFrameworks/JavaLaunching.framework/Versions/A/JavaLaunching
0x000000000b746000 	/System/Library/Frameworks/Carbon.framework/Versions/A/Frameworks/CommonPanels.framework/Versions/A/CommonPanels
0x000000000b746000 	/System/Library/Frameworks/Carbon.framework/Versions/A/Frameworks/Help.framework/Versions/A/Help
0x000000000b746000 	/System/Library/Frameworks/Carbon.framework/Versions/A/Frameworks/ImageCapture.framework/Versions/A/ImageCapture
0x000000000b746000 	/System/Library/Frameworks/Carbon.framework/Versions/A/Frameworks/OpenScripting.framework/Versions/A/OpenScripting
0x000000000b746000 	/System/Library/Frameworks/Carbon.framework/Versions/A/Frameworks/Print.framework/Versions/A/Print
0x000000000b746000 	/System/Library/Frameworks/Carbon.framework/Versions/A/Frameworks/SecurityHI.framework/Versions/A/SecurityHI
0x000000011dcdc000 	/Library/Java/JavaVirtualMachines/jdk1.8.0_20.jdk/Contents/Home/jre/lib/libawt.dylib
0x000000011dd8b000 	/Library/Java/JavaVirtualMachines/jdk1.8.0_20.jdk/Contents/Home/jre/lib/./libmlib_image.dylib
0x000000011de57000 	/Library/Java/JavaVirtualMachines/jdk1.8.0_20.jdk/Contents/Home/jre/lib/libawt_lwawt.dylib
0x000000011df0a000 	/Library/Java/JavaVirtualMachines/jdk1.8.0_20.jdk/Contents/Home/jre/lib/./libosxapp.dylib
0x000000000b746000 	/System/Library/Frameworks/ExceptionHandling.framework/Versions/A/ExceptionHandling
0x000000000b746000 	/System/Library/PrivateFrameworks/CoreServicesInternal.framework/Versions/A/CoreServicesInternal
0x000000000b746000 	/System/Library/Frameworks/CoreGraphics.framework/Versions/A/Resources/libRIP.A.dylib
0x000000000b746000 	/System/Library/Frameworks/Accelerate.framework/Versions/A/Frameworks/vImage.framework/Versions/A/Libraries/libCGInterfaces.dylib
0x000000000b746000 	/System/Library/Frameworks/CoreGraphics.framework/Versions/A/Resources/libCGXType.A.dylib
0x000000000b746000 	/System/Library/Frameworks/OpenCL.framework/Versions/A/Libraries/libcldcpuengine.dylib
0x000000000b746000 	/System/Library/PrivateFrameworks/DiskImages.framework/Versions/A/DiskImages
0x000000000b746000 	/System/Library/Frameworks/DiscRecording.framework/Versions/A/DiscRecording
0x000000000b746000 	/usr/lib/libcsfde.dylib
0x000000000b746000 	/usr/lib/libcurl.4.dylib
0x000000000b746000 	/System/Library/PrivateFrameworks/MediaKit.framework/Versions/A/MediaKit
0x000000000b746000 	/System/Library/PrivateFrameworks/ProtectedCloudStorage.framework/Versions/A/ProtectedCloudStorage
0x000000000b746000 	/usr/lib/libCoreStorage.dylib
0x000000000b746000 	/System/Library/PrivateFrameworks/EFILogin.framework/Versions/A/EFILogin
0x000000000b746000 	/usr/lib/libutil.dylib
0x000000000b746000 	/System/Library/PrivateFrameworks/FindMyDevice.framework/Versions/A/FindMyDevice
0x000000000b746000 	/System/Library/Frameworks/LDAP.framework/Versions/A/LDAP
0x000000000b746000 	/usr/lib/libsasl2.2.dylib
0x000000000b746000 	/System/Library/PrivateFrameworks/CoreDaemon.framework/Versions/B/CoreDaemon
0x000000000b746000 	/usr/lib/libcrypto.0.9.8.dylib
0x000000000b746000 	/System/Library/PrivateFrameworks/AppleSRP.framework/Versions/A/AppleSRP
0x000000000b746000 	/System/Library/PrivateFrameworks/TrustEvaluationAgent.framework/Versions/A/TrustEvaluationAgent
0x000000011f877000 	cl_kernels
0x000000000b746000 	/System/Library/Frameworks/OpenCL.framework/Versions/A/Libraries/ImageFormats/unorm8_bgra.dylib
0x000000000b746000 	/System/Library/Frameworks/OpenCL.framework/Versions/A/Libraries/ImageFormats/unorm8_rgba.dylib
0x000000000b746000 	/System/Library/PrivateFrameworks/FamilyControls.framework/Versions/A/FamilyControls
0x000000000b746000 	/System/Library/PrivateFrameworks/CommerceKit.framework/Versions/A/Frameworks/CommerceCore.framework/Versions/A/CommerceCore
0x000000000b746000 	/System/Library/PrivateFrameworks/SystemAdministration.framework/Versions/A/SystemAdministration
0x000000000b746000 	/System/Library/PrivateFrameworks/AppContainer.framework/Versions/A/AppContainer
0x000000000b746000 	/System/Library/PrivateFrameworks/SecCodeWrapper.framework/Versions/A/SecCodeWrapper
0x000000000b746000 	/System/Library/Frameworks/DirectoryService.framework/Versions/A/DirectoryService
0x000000000b746000 	/System/Library/PrivateFrameworks/LoginUIKit.framework/Versions/A/Frameworks/LoginUICore.framework/Versions/A/LoginUICore
0x000000000b746000 	/usr/lib/libodfde.dylib
0x0000000120894000 	/Library/Java/JavaVirtualMachines/jdk1.8.0_20.jdk/Contents/Home/jre/lib/libfontmanager.dylib
0x00000001208fa000 	/Users/Ben/Desktop/workspace/SpaceAndy/slick/liblwjgl.dylib
0x000000011ed4f000 	/Library/Java/JavaVirtualMachines/jdk1.8.0_20.jdk/Contents/Home/jre/lib/libjawt.dylib
0x000000000b746000 	/System/Library/Frameworks/OpenGL.framework/Versions/A/Resources/GLEngine.bundle/GLEngine
0x000000000b746000 	/System/Library/Frameworks/OpenGL.framework/Versions/A/Libraries/libGLProgrammability.dylib
0x0000000120998000 	/System/Library/Extensions/AppleIntelHD4000GraphicsGLDriver.bundle/Contents/MacOS/AppleIntelHD4000GraphicsGLDriver
0x000000000b746000 	/System/Library/PrivateFrameworks/GPUSupport.framework/Versions/A/Libraries/libGPUSupportMercury.dylib
0x000000000b746000 	/System/Library/Frameworks/OpenGL.framework/Versions/A/Resources/GLRendererFloat.bundle/GLRendererFloat
0x000000012225c000 	/Users/Ben/Desktop/workspace/SpaceAndy/slick/openal.dylib
0x00000001222df000 	/System/Library/Components/CoreAudio.component/Contents/MacOS/CoreAudio
0x00000001224a1000 	/System/Library/Extensions/AppleHDA.kext/Contents/PlugIns/AppleHDAHALPlugIn.bundle/Contents/MacOS/AppleHDAHALPlugIn
0x00000001224ab000 	/Library/Audio/Plug-Ins/HAL/JackRouter.plugin/Contents/MacOS/JackRouter
0x00000001224ed000 	/System/Library/Frameworks/Jackmp.framework/Versions/A/Jackmp
0x0000000123856000 	/Library/Java/JavaVirtualMachines/jdk1.8.0_20.jdk/Contents/Home/jre/lib/libnet.dylib
0x000000012386d000 	/Library/Java/JavaVirtualMachines/jdk1.8.0_20.jdk/Contents/Home/jre/lib/libnio.dylib
0x000000000b746000 	/System/Library/Frameworks/ApplicationServices.framework/Versions/A/Frameworks/ATS.framework/Versions/A/Resources/libTrueTypeScaler.dylib
0x000000000b746000 	/System/Library/Frameworks/ApplicationServices.framework/Versions/A/Frameworks/ATS.framework/Versions/A/Resources/libType1Scaler.dylib
0x000000011f80f000 	/Library/Java/JavaVirtualMachines/jdk1.8.0_20.jdk/Contents/Home/jre/lib/libjpeg.dylib

VM Arguments:
jvm_args: -Djava.library.path=/Users/Ben/Desktop/workspace/SpaceAndy/slick:/Users/Ben/Desktop/workspace/SpaceAndy/slick:/Users/Ben/Desktop/workspace/SpaceAndy/slick:/Users/Ben/Desktop/workspace/SpaceAndy/slick -Dfile.encoding=UTF-8 
java_command: SpaceDriver
java_class_path (initial): /Users/Ben/Desktop/workspace/SpaceAndy/bin:/Users/Ben/Desktop/workspace/SpaceAndy/slick/lib/slick.jar:/Users/Ben/Desktop/workspace/SpaceAndy/slick/lib/lwjgl.jar
Launcher Type: SUN_STANDARD

Environment Variables:
PATH=/usr/bin:/bin:/usr/sbin:/sbin
SHELL=/bin/bash
DISPLAY=/private/tmp/com.apple.launchd.UbYJZ0LRLC/org.macosforge.xquartz:0

Signal Handlers:
SIGSEGV: [libjvm.dylib+0x578fd7], sa_mask[0]=11111111011111110111111111111111, sa_flags=SA_ONSTACK|SA_RESTART|SA_SIGINFO
SIGBUS: [libjvm.dylib+0x578fd7], sa_mask[0]=11111111011111110111111111111111, sa_flags=SA_RESTART|SA_SIGINFO
SIGFPE: [libjvm.dylib+0x45ab0c], sa_mask[0]=11111111011111110111111111111111, sa_flags=SA_RESTART|SA_SIGINFO
SIGPIPE: [libjvm.dylib+0x45ab0c], sa_mask[0]=11111111011111110111111111111111, sa_flags=SA_RESTART|SA_SIGINFO
SIGXFSZ: [libjvm.dylib+0x45ab0c], sa_mask[0]=11111111011111110111111111111111, sa_flags=SA_RESTART|SA_SIGINFO
SIGILL: [libjvm.dylib+0x45ab0c], sa_mask[0]=11111111011111110111111111111111, sa_flags=SA_RESTART|SA_SIGINFO
SIGUSR1: SIG_DFL, sa_mask[0]=00000000000000000000000000000000, sa_flags=none
SIGUSR2: [libjvm.dylib+0x45a62a], sa_mask[0]=00100000000000000000000000000000, sa_flags=SA_RESTART|SA_SIGINFO
SIGHUP: [libjvm.dylib+0x458bfd], sa_mask[0]=11111111011111110111111111111111, sa_flags=SA_RESTART|SA_SIGINFO
SIGINT: [libjvm.dylib+0x458bfd], sa_mask[0]=11111111011111110111111111111111, sa_flags=SA_RESTART|SA_SIGINFO
SIGTERM: [libjvm.dylib+0x458bfd], sa_mask[0]=11111111011111110111111111111111, sa_flags=SA_RESTART|SA_SIGINFO
SIGQUIT: [libjvm.dylib+0x458bfd], sa_mask[0]=11111111011111110111111111111111, sa_flags=SA_RESTART|SA_SIGINFO


---------------  S Y S T E M  ---------------

OS:Bsduname:Darwin 15.2.0 Darwin Kernel Version 15.2.0: Fri Nov 13 19:56:56 PST 2015; root:xnu-3248.20.55~2/RELEASE_X86_64 x86_64
rlimit: STACK 8192k, CORE 0k, NPROC 709, NOFILE 10240, AS infinity
load average:1.89 1.89 1.76

CPU:total 4 (2 cores per cpu, 2 threads per core) family 6 model 58 stepping 9, cmov, cx8, fxsr, mmx, sse, sse2, sse3, ssse3, sse4.1, sse4.2, popcnt, avx, aes, clmul, erms, ht, tsc, tscinvbit, tscinv

Memory: 4k page, physical 4194304k(130160k free)

/proc/meminfo:


vm_info: Java HotSpot(TM) 64-Bit Server VM (25.20-b23) for bsd-amd64 JRE (1.8.0_20-b26), built on Jul 30 2014 13:37:47 by "java_re" with gcc 4.2.1 (Based on Apple Inc. build 5658) (LLVM build 2336.9.00)

time: Fri Dec 18 23:57:41 2015
elapsed time: 39 seconds (0d 0h 0m 39s)

