#
# A fatal error has been detected by the Java Runtime Environment:
#
#  SIGSEGV (0xb) at pc=0x00007fff9a60de5d, pid=16244, tid=2571
#
# JRE version: Java(TM) SE Runtime Environment (8.0_20-b26) (build 1.8.0_20-b26)
# Java VM: Java HotSpot(TM) 64-Bit Server VM (25.20-b23 mixed mode bsd-amd64 compressed oops)
# Problematic frame:
# C  [libobjc.A.dylib+0x7e5d]  objc_msgSend+0x1d
#
# Failed to write core dump. Core dumps have been disabled. To enable core dumping, try "ulimit -c unlimited" before starting Java again
#
# If you would like to submit a bug report, please visit:
#   http://bugreport.sun.com/bugreport/crash.jsp
# The crash happened outside the Java Virtual Machine in native code.
# See problematic frame for where to report the bug.
#

---------------  T H R E A D  ---------------

Current thread (0x00007f81ca000800):  JavaThread "AppKit Thread" daemon [_thread_in_native, id=2571, stack(0x00007fff4fd21000,0x00007fff50521000)]

siginfo: si_signo: 11 (SIGSEGV), si_code: 1 (SEGV_MAPERR), si_addr: 0x000007f81c8e26b0

Registers:
RAX=0x0000000000000000, RBX=0x00007f81c8e20c90, RCX=0x0000000126ed8ce0, RDX=0x0000000000000000
RSP=0x00007fff5051c608, RBP=0x00007fff5051c630, RSI=0x00007fff9c6f59dd, RDI=0x00007f81c8e26220
R8 =0x00007f81c9063000, R9 =0xffffffffffffffff, R10=0x00007fff9c6f59dd, R11=0x000007f81c8e2698
R12=0x0000000000000094, R13=0x00007f81c8e11c80, R14=0x00007f81c8e26220, R15=0x0000000000000000
RIP=0x00007fff9a60de5d, EFLAGS=0x0000000000010202, ERR=0x0000000000000004
  TRAPNO=0x000000000000000e

Top of Stack: (sp=0x00007fff5051c608)
0x00007fff5051c608:   0000000128a92598 00007f81c8e20c90
0x00007fff5051c618:   0000000128ac6c60 00007f81c8e11c80
0x00007fff5051c628:   00007f81c8e20c90 00007fff5051cb10
0x00007fff5051c638:   00007fff9be17823 0000000000000000
0x00007fff5051c648:   0000000000000000 4094500000000000
0x00007fff5051c658:   4089000000000000 0000000000000000
0x00007fff5051c668:   0000000000000000 4094500000000000
0x00007fff5051c678:   4089000000000000 0000000000000000
0x00007fff5051c688:   0000000000000000 4094500000000000
0x00007fff5051c698:   4089b00000000000 401c000000000000
0x00007fff5051c6a8:   4089180000000000 0000000000000000
0x00007fff5051c6b8:   0000000000000000 00007fff9c6b4f3e
0x00007fff5051c6c8:   4089180000000000 402c000000000000
0x00007fff5051c6d8:   00007f81c8e22e70 0000000100000000
0x00007fff5051c6e8:   0000000000000000 00007f81c8e123c0
0x00007fff5051c6f8:   0000000000000000 0000000000000000
0x00007fff5051c708:   00007fff5051c800 00007fff5051c860
0x00007fff5051c718:   00007fff9bedaa22 401c000000000000
0x00007fff5051c728:   4089180000000000 00007fff5051c860
0x00007fff5051c738:   00007fff9bedc7f4 401c000000000000
0x00007fff5051c748:   4089180000000000 402c000000000000
0x00007fff5051c758:   4030000000000000 0000000000000000
0x00007fff5051c768:   0000000000000000 4094500000000000
0x00007fff5051c778:   4089b00000000000 401c000000000000
0x00007fff5051c788:   4089180000000000 402c000000000000
0x00007fff5051c798:   4030000000000000 0000000000000000
0x00007fff5051c7a8:   0000000000000000 000000010f6fde00
0x00007fff5051c7b8:   0000000000000006 00007f81cb4bcc20
0x00007fff5051c7c8:   0000000000000002 0000000000000bcc
0x00007fff5051c7d8:   000000010f6f9000 00007fff5051c880
0x00007fff5051c7e8:   00007fff9ced2ddc 0000000000000000
0x00007fff5051c7f8:   0000000000000000 0000000000000bcd 

Instructions: (pc=0x00007fff9a60de5d)
0x00007fff9a60de3d:   44 00 00 48 85 ff 2e 74 62 40 f6 c7 01 2e 75 66
0x00007fff9a60de4d:   49 bb f8 ff ff ff ff 7f 00 00 4c 23 1f 49 89 f2
0x00007fff9a60de5d:   45 23 53 18 49 c1 e2 04 4d 03 53 10 49 3b 32 75
0x00007fff9a60de6d:   04 41 ff 62 08 49 83 3a 01 76 0d 49 83 c2 10 49 

Register to memory mapping:

RAX=0x0000000000000000 is an unknown value
RBX=0x00007f81c8e20c90 is an unknown value
RCX=0x0000000126ed8ce0 is an unknown value
RDX=0x0000000000000000 is an unknown value
RSP=0x00007fff5051c608 is pointing into the stack for thread: 0x00007f81ca000800
RBP=0x00007fff5051c630 is pointing into the stack for thread: 0x00007f81ca000800
RSI=0x00007fff9c6f59dd: -[NSTitlebarContainerView transparent]+0x63053 in /System/Library/Frameworks/AppKit.framework/Versions/C/AppKit at 0x00007fff9bc6e000
RDI=0x00007f81c8e26220 is an unknown value
R8 =0x00007f81c9063000 is an unknown value
R9 =0xffffffffffffffff is an unknown value
R10=0x00007fff9c6f59dd: -[NSTitlebarContainerView transparent]+0x63053 in /System/Library/Frameworks/AppKit.framework/Versions/C/AppKit at 0x00007fff9bc6e000
R11=0x000007f81c8e2698 is an unknown value
R12=0x0000000000000094 is an unknown value
R13=0x00007f81c8e11c80 is an unknown value
R14=0x00007f81c8e26220 is an unknown value
R15=0x0000000000000000 is an unknown value


Stack: [0x00007fff4fd21000,0x00007fff50521000],  sp=0x00007fff5051c608,  free space=8173k
Native frames: (J=compiled Java code, j=interpreted, Vv=VM code, C=native code)
C  [libobjc.A.dylib+0x7e5d]  objc_msgSend+0x1d
C  [AppKit+0x1a9823]  -[NSView _recursiveDisplayRectIfNeededIgnoringOpacity:isVisibleRect:rectIsVisibleRectForView:topView:]+0x6e2
C  [AppKit+0x1aa811]  -[NSView _recursiveDisplayRectIfNeededIgnoringOpacity:isVisibleRect:rectIsVisibleRectForView:topView:]+0x16d0
C  [AppKit+0x1a8c6c]  -[NSThemeFrame _recursiveDisplayRectIfNeededIgnoringOpacity:isVisibleRect:rectIsVisibleRectForView:topView:]+0x14e
C  [AppKit+0x1a7077]  -[NSView _displayRectIgnoringOpacity:isVisibleRect:rectIsVisibleRectForView:]+0x991
C  [AppKit+0x1a2485]  -[NSView displayIfNeeded]+0x79e
C  [AppKit+0x1a1ccc]  -[NSWindow displayIfNeeded]+0xe8
C  [AppKit+0x820206]  ___NSWindowGetDisplayCycleObserver_block_invoke6323+0x1dc
C  [AppKit+0x1a1667]  __37+[NSDisplayCycle currentDisplayCycle]_block_invoke+0x2e2
C  [QuartzCore+0x1191d]  _ZN2CA11Transaction19run_commit_handlersE18CATransactionPhase+0x55
C  [QuartzCore+0x10dd8]  _ZN2CA7Context18commit_transactionEPNS_11TransactionE+0xa0
C  [QuartzCore+0x10a98]  _ZN2CA11Transaction6commitEv+0x1fc
C  [QuartzCore+0x1c28f]  _ZN2CA11Transaction17observer_callbackEP19__CFRunLoopObservermPv+0x47
C  [CoreFoundation+0xa9e07]  __CFRUNLOOP_IS_CALLING_OUT_TO_AN_OBSERVER_CALLBACK_FUNCTION__+0x17
C  [CoreFoundation+0xa9d77]  __CFRunLoopDoObservers+0x187
C  [CoreFoundation+0x88d58]  CFRunLoopRunSpecific+0x148
C  [HIToolbox+0x30d55]  RunCurrentEventLoopInMode+0xeb
C  [HIToolbox+0x30a97]  ReceiveNextEventCommon+0xb8
C  [HIToolbox+0x309cf]  _BlockUntilNextEventMatchingListInModeWithFilter+0x47
C  [AppKit+0x49f3a]  _DPSNextEvent+0x42b
C  [AppKit+0x49369]  -[NSApplication _nextEventMatchingEventMask:untilDate:inMode:dequeue:]+0x1c6
C  [libosxapp.dylib+0x242a]  -[NSApplicationAWT nextEventMatchingMask:untilDate:inMode:dequeue:]+0x7c
C  [AppKit+0x3decc]  -[NSApplication run]+0x2aa
C  [libosxapp.dylib+0x223e]  +[NSApplicationAWT runAWTLoopWithApp:]+0x9c
C  [libawt_lwawt.dylib+0x4494f]  -[AWTStarter starter:]+0x389
C  [Foundation+0x7754e]  __NSThreadPerformPerform+0x117
C  [CoreFoundation+0xaa621]  __CFRUNLOOP_IS_CALLING_OUT_TO_A_SOURCE0_PERFORM_FUNCTION__+0x11
C  [CoreFoundation+0x89e1c]  __CFRunLoopDoSources0+0x22c
C  [CoreFoundation+0x8933f]  __CFRunLoopRun+0x39f
C  [CoreFoundation+0x88d38]  CFRunLoopRunSpecific+0x128
C  [java+0x56cc]  CreateExecutionEnvironment+0x367
C  [java+0x165c]  JLI_Launch+0x7a0
C  [java+0x768a]  main+0x65
C  [java+0xeb4]  start+0x34
C  0x0000000000000006


---------------  P R O C E S S  ---------------

Java Threads: ( => current thread )
  0x00007f81c91de000 JavaThread "AWT-Shutdown" [_thread_blocked, id=29751, stack(0x00007000010cd000,0x00007000011cd000)]
  0x00007f81ca940800 JavaThread "Timer-0" [_thread_blocked, id=30107, stack(0x00007000015df000,0x00007000016df000)]
  0x00007f81ca19b800 JavaThread "Thread-2" [_thread_in_native, id=60147, stack(0x00007000014dc000,0x00007000015dc000)]
  0x00007f81ca90b800 JavaThread "Java2D Disposer" daemon [_thread_blocked, id=58631, stack(0x00007000013d9000,0x00007000014d9000)]
  0x00007f81c99cd000 JavaThread "Java2D Queue Flusher" daemon [_thread_blocked, id=58119, stack(0x00007000012d6000,0x00007000013d6000)]
=>0x00007f81ca000800 JavaThread "AppKit Thread" daemon [_thread_in_native, id=2571, stack(0x00007fff4fd21000,0x00007fff50521000)]
  0x00007f81c982a000 JavaThread "Service Thread" daemon [_thread_blocked, id=18435, stack(0x0000700000dc1000,0x0000700000ec1000)]
  0x00007f81c9017800 JavaThread "C1 CompilerThread2" daemon [_thread_blocked, id=17923, stack(0x0000700000cbe000,0x0000700000dbe000)]
  0x00007f81c9829000 JavaThread "C2 CompilerThread1" daemon [_thread_blocked, id=17411, stack(0x0000700000bbb000,0x0000700000cbb000)]
  0x00007f81c9016800 JavaThread "C2 CompilerThread0" daemon [_thread_blocked, id=16899, stack(0x0000700000ab8000,0x0000700000bb8000)]
  0x00007f81c9815000 JavaThread "Signal Dispatcher" daemon [_thread_blocked, id=12815, stack(0x00007000009b5000,0x0000700000ab5000)]
  0x00007f81c9011000 JavaThread "Finalizer" daemon [_thread_blocked, id=12291, stack(0x000070000082f000,0x000070000092f000)]
  0x00007f81c9010000 JavaThread "Reference Handler" daemon [_thread_blocked, id=11779, stack(0x000070000072c000,0x000070000082c000)]
  0x00007f81ca802800 JavaThread "main" [_thread_in_native, id=5891, stack(0x000070000011a000,0x000070000021a000)]

Other Threads:
  0x00007f81c9811800 VMThread [stack: 0x0000700000629000,0x0000700000729000] [id=11267]
  0x00007f81c9016000 WatcherThread [stack: 0x0000700000ec4000,0x0000700000fc4000] [id=18947]

VM state:not at safepoint (normal execution)

VM Mutex/Monitor currently owned by a thread: None

Heap:
 PSYoungGen      total 83456K, used 62747K [0x00000007aab00000, 0x00000007b1380000, 0x00000007c0000000)
  eden space 74240K, 84% used [0x00000007aab00000,0x00000007ae846d38,0x00000007af380000)
  from space 9216K, 0% used [0x00000007afe80000,0x00000007afe80000,0x00000007b0780000)
  to   space 11264K, 0% used [0x00000007af380000,0x00000007af380000,0x00000007afe80000)
 ParOldGen       total 110080K, used 28643K [0x0000000780000000, 0x0000000786b80000, 0x00000007aab00000)
  object space 110080K, 26% used [0x0000000780000000,0x0000000781bf8f40,0x0000000786b80000)
 Metaspace       used 10117K, capacity 10285K, committed 10368K, reserved 1058816K
  class space    used 1038K, capacity 1081K, committed 1152K, reserved 1048576K

Card table byte_map: [0x00000001205c0000,0x00000001207c1000] byte_map_base: 0x000000011c9c0000

Marking Bits: (ParMarkBitMap*) 0x00000001101f6330
 Begin Bits: [0x0000000120917000, 0x0000000121917000)
 End Bits:   [0x0000000121917000, 0x0000000122917000)

Polling page: 0x00000001108bb000

CodeCache: size=245760Kb used=4889Kb max_used=4900Kb free=240870Kb
 bounds [0x0000000111200000, 0x00000001116d0000, 0x0000000120200000]
 total_blobs=1803 nmethods=1280 adapters=438
 compilation: enabled

Compilation events (10 events):
Event: 34.134 Thread 0x00007f81c9016800 1276       4       java.util.ArrayList::clear (39 bytes)
Event: 34.137 Thread 0x00007f81c9016800 nmethod 1276 0x00000001116b8ad0 code [0x00000001116b8c20, 0x00000001116b8cd8]
Event: 34.535 Thread 0x00007f81c9829000 1277       4       java.nio.DirectByteBuffer::get (16 bytes)
Event: 34.537 Thread 0x00007f81c9829000 nmethod 1277 0x00000001116baa50 code [0x00000001116baba0, 0x00000001116bac38]
Event: 35.187 Thread 0x00007f81c9016800 1278       4       java.nio.DirectIntBufferU::put (18 bytes)
Event: 35.189 Thread 0x00007f81c9016800 nmethod 1278 0x00000001116c6490 code [0x00000001116c65e0, 0x00000001116c6678]
Event: 35.203 Thread 0x00007f81c9829000 1279   !   4       org.lwjgl.opengl.Display::isActive (38 bytes)
Event: 35.204 Thread 0x00007f81c9016800 1280       4       org.newdawn.slick.Color::multiply (44 bytes)
Event: 35.207 Thread 0x00007f81c9829000 nmethod 1279 0x00000001116c8390 code [0x00000001116c8520, 0x00000001116c88b8]
Event: 35.207 Thread 0x00007f81c9016800 nmethod 1280 0x00000001116cced0 code [0x00000001116cd040, 0x00000001116cd1f8]

GC Heap History (10 events):
Event: 4.565 GC heap before
{Heap before GC invocations=7 (full 2):
 PSYoungGen      total 35328K, used 160K [0x00000007aab00000, 0x00000007afb80000, 0x00000007c0000000)
  eden space 32768K, 0% used [0x00000007aab00000,0x00000007aab00000,0x00000007acb00000)
  from space 2560K, 6% used [0x00000007acb00000,0x00000007acb28000,0x00000007acd80000)
  to   space 9728K, 0% used [0x00000007af200000,0x00000007af200000,0x00000007afb80000)
 ParOldGen       total 57856K, used 53264K [0x0000000780000000, 0x0000000783880000, 0x00000007aab00000)
  object space 57856K, 92% used [0x0000000780000000,0x0000000783404280,0x0000000783880000)
 Metaspace       used 9277K, capacity 9389K, committed 9472K, reserved 1058816K
  class space    used 984K, capacity 1017K, committed 1024K, reserved 1048576K
Event: 4.575 GC heap after
Heap after GC invocations=7 (full 2):
 PSYoungGen      total 35328K, used 0K [0x00000007aab00000, 0x00000007afb80000, 0x00000007c0000000)
  eden space 32768K, 0% used [0x00000007aab00000,0x00000007aab00000,0x00000007acb00000)
  from space 2560K, 0% used [0x00000007acb00000,0x00000007acb00000,0x00000007acd80000)
  to   space 9728K, 0% used [0x00000007af200000,0x00000007af200000,0x00000007afb80000)
 ParOldGen       total 96768K, used 28691K [0x0000000780000000, 0x0000000785e80000, 0x00000007aab00000)
  object space 96768K, 29% used [0x0000000780000000,0x0000000781c04c78,0x0000000785e80000)
 Metaspace       used 9277K, capacity 9389K, committed 9472K, reserved 1058816K
  class space    used 984K, capacity 1017K, committed 1024K, reserved 1048576K
}
Event: 4.625 GC heap before
{Heap before GC invocations=8 (full 2):
 PSYoungGen      total 35328K, used 32768K [0x00000007aab00000, 0x00000007afb80000, 0x00000007c0000000)
  eden space 32768K, 100% used [0x00000007aab00000,0x00000007acb00000,0x00000007acb00000)
  from space 2560K, 0% used [0x00000007acb00000,0x00000007acb00000,0x00000007acd80000)
  to   space 9728K, 0% used [0x00000007af200000,0x00000007af200000,0x00000007afb80000)
 ParOldGen       total 96768K, used 28691K [0x0000000780000000, 0x0000000785e80000, 0x00000007aab00000)
  object space 96768K, 29% used [0x0000000780000000,0x0000000781c04c78,0x0000000785e80000)
 Metaspace       used 9277K, capacity 9389K, committed 9472K, reserved 1058816K
  class space    used 984K, capacity 1017K, committed 1024K, reserved 1048576K
Event: 4.626 GC heap after
Heap after GC invocations=8 (full 2):
 PSYoungGen      total 51712K, used 0K [0x00000007aab00000, 0x00000007af280000, 0x00000007c0000000)
  eden space 51200K, 0% used [0x00000007aab00000,0x00000007aab00000,0x00000007add00000)
  from space 512K, 0% used [0x00000007af200000,0x00000007af200000,0x00000007af280000)
  to   space 9728K, 0% used [0x00000007adf80000,0x00000007adf80000,0x00000007ae900000)
 ParOldGen       total 96768K, used 28691K [0x0000000780000000, 0x0000000785e80000, 0x00000007aab00000)
  object space 96768K, 29% used [0x0000000780000000,0x0000000781c04c78,0x0000000785e80000)
 Metaspace       used 9277K, capacity 9389K, committed 9472K, reserved 1058816K
  class space    used 984K, capacity 1017K, committed 1024K, reserved 1048576K
}
Event: 5.915 GC heap before
{Heap before GC invocations=9 (full 2):
 PSYoungGen      total 51712K, used 50419K [0x00000007aab00000, 0x00000007af280000, 0x00000007c0000000)
  eden space 51200K, 98% used [0x00000007aab00000,0x00000007adc3cd68,0x00000007add00000)
  from space 512K, 0% used [0x00000007af200000,0x00000007af200000,0x00000007af280000)
  to   space 9728K, 0% used [0x00000007adf80000,0x00000007adf80000,0x00000007ae900000)
 ParOldGen       total 96768K, used 28691K [0x0000000780000000, 0x0000000785e80000, 0x00000007aab00000)
  object space 96768K, 29% used [0x0000000780000000,0x0000000781c04c78,0x0000000785e80000)
 Metaspace       used 9387K, capacity 9549K, committed 9856K, reserved 1058816K
  class space    used 991K, capacity 1049K, committed 1152K, reserved 1048576K
Event: 5.917 GC heap after
Heap after GC invocations=9 (full 2):
 PSYoungGen      total 63488K, used 224K [0x00000007aab00000, 0x00000007b0780000, 0x00000007c0000000)
  eden space 53760K, 0% used [0x00000007aab00000,0x00000007aab00000,0x00000007adf80000)
  from space 9728K, 2% used [0x00000007adf80000,0x00000007adfb8000,0x00000007ae900000)
  to   space 9216K, 0% used [0x00000007afe80000,0x00000007afe80000,0x00000007b0780000)
 ParOldGen       total 96768K, used 28699K [0x0000000780000000, 0x0000000785e80000, 0x00000007aab00000)
  object space 96768K, 29% used [0x0000000780000000,0x0000000781c06c78,0x0000000785e80000)
 Metaspace       used 9387K, capacity 9549K, committed 9856K, reserved 1058816K
  class space    used 991K, capacity 1049K, committed 1152K, reserved 1048576K
}
Event: 6.109 GC heap before
{Heap before GC invocations=10 (full 2):
 PSYoungGen      total 63488K, used 53984K [0x00000007aab00000, 0x00000007b0780000, 0x00000007c0000000)
  eden space 53760K, 100% used [0x00000007aab00000,0x00000007adf80000,0x00000007adf80000)
  from space 9728K, 2% used [0x00000007adf80000,0x00000007adfb8000,0x00000007ae900000)
  to   space 9216K, 0% used [0x00000007afe80000,0x00000007afe80000,0x00000007b0780000)
 ParOldGen       total 96768K, used 28699K [0x0000000780000000, 0x0000000785e80000, 0x00000007aab00000)
  object space 96768K, 29% used [0x0000000780000000,0x0000000781c06c78,0x0000000785e80000)
 Metaspace       used 9387K, capacity 9549K, committed 9856K, reserved 1058816K
  class space    used 991K, capacity 1049K, committed 1152K, reserved 1048576K
Event: 6.127 GC heap after
Heap after GC invocations=10 (full 2):
 PSYoungGen      total 83456K, used 8260K [0x00000007aab00000, 0x00000007b1380000, 0x00000007c0000000)
  eden space 74240K, 0% used [0x00000007aab00000,0x00000007aab00000,0x00000007af380000)
  from space 9216K, 89% used [0x00000007afe80000,0x00000007b0691010,0x00000007b0780000)
  to   space 11264K, 0% used [0x00000007af380000,0x00000007af380000,0x00000007afe80000)
 ParOldGen       total 96768K, used 71500K [0x0000000780000000, 0x0000000785e80000, 0x00000007aab00000)
  object space 96768K, 73% used [0x0000000780000000,0x00000007845d30c8,0x0000000785e80000)
 Metaspace       used 9387K, capacity 9549K, committed 9856K, reserved 1058816K
  class space    used 991K, capacity 1049K, committed 1152K, reserved 1048576K
}
Event: 6.127 GC heap before
{Heap before GC invocations=11 (full 3):
 PSYoungGen      total 83456K, used 8260K [0x00000007aab00000, 0x00000007b1380000, 0x00000007c0000000)
  eden space 74240K, 0% used [0x00000007aab00000,0x00000007aab00000,0x00000007af380000)
  from space 9216K, 89% used [0x00000007afe80000,0x00000007b0691010,0x00000007b0780000)
  to   space 11264K, 0% used [0x00000007af380000,0x00000007af380000,0x00000007afe80000)
 ParOldGen       total 96768K, used 71500K [0x0000000780000000, 0x0000000785e80000, 0x00000007aab00000)
  object space 96768K, 73% used [0x0000000780000000,0x00000007845d30c8,0x0000000785e80000)
 Metaspace       used 9387K, capacity 9549K, committed 9856K, reserved 1058816K
  class space    used 991K, capacity 1049K, committed 1152K, reserved 1048576K
Event: 6.152 GC heap after
Heap after GC invocations=11 (full 3):
 PSYoungGen      total 83456K, used 0K [0x00000007aab00000, 0x00000007b1380000, 0x00000007c0000000)
  eden space 74240K, 0% used [0x00000007aab00000,0x00000007aab00000,0x00000007af380000)
  from space 9216K, 0% used [0x00000007afe80000,0x00000007afe80000,0x00000007b0780000)
  to   space 11264K, 0% used [0x00000007af380000,0x00000007af380000,0x00000007afe80000)
 ParOldGen       total 110080K, used 28643K [0x0000000780000000, 0x0000000786b80000, 0x00000007aab00000)
  object space 110080K, 26% used [0x0000000780000000,0x0000000781bf8f40,0x0000000786b80000)
 Metaspace       used 9387K, capacity 9549K, committed 9856K, reserved 1058816K
  class space    used 991K, capacity 1049K, committed 1152K, reserved 1048576K
}

Deoptimization events (1 events):
Event: 2.940 Thread 0x00007f81ca802800 Uncommon trap: reason=unreached action=reinterpret pc=0x000000011146ed94 method=sun.java2d.loops.GraphicsPrimitiveMgr.locate(Lsun/java2d/loops/GraphicsPrimitiveMgr$PrimitiveSpec;)Lsun/java2d/loops/GraphicsPrimitive; @ 85

Internal exceptions (10 events):
Event: 7.254 Thread 0x00007f81ca802800 Exception <a 'java/security/PrivilegedActionException'> (0x00000007ade536c8) thrown at [/HUDSON3/workspace/8-2-build-macosx-x86_64/jdk8u20/1074/hotspot/src/share/vm/prims/jvm.cpp, line 1275]
Event: 7.296 Thread 0x00007f81ca802800 Exception <a 'java/security/PrivilegedActionException'> (0x00000007ade5ab08) thrown at [/HUDSON3/workspace/8-2-build-macosx-x86_64/jdk8u20/1074/hotspot/src/share/vm/prims/jvm.cpp, line 1275]
Event: 7.296 Thread 0x00007f81ca802800 Exception <a 'java/security/PrivilegedActionException'> (0x00000007ade5f288) thrown at [/HUDSON3/workspace/8-2-build-macosx-x86_64/jdk8u20/1074/hotspot/src/share/vm/prims/jvm.cpp, line 1275]
Event: 7.297 Thread 0x00007f81ca802800 Exception <a 'java/security/PrivilegedActionException'> (0x00000007ade632f0) thrown at [/HUDSON3/workspace/8-2-build-macosx-x86_64/jdk8u20/1074/hotspot/src/share/vm/prims/jvm.cpp, line 1275]
Event: 7.300 Thread 0x00007f81ca802800 Exception <a 'java/security/PrivilegedActionException'> (0x00000007ade67620) thrown at [/HUDSON3/workspace/8-2-build-macosx-x86_64/jdk8u20/1074/hotspot/src/share/vm/prims/jvm.cpp, line 1275]
Event: 7.301 Thread 0x00007f81ca802800 Exception <a 'java/security/PrivilegedActionException'> (0x00000007ade6d568) thrown at [/HUDSON3/workspace/8-2-build-macosx-x86_64/jdk8u20/1074/hotspot/src/share/vm/prims/jvm.cpp, line 1275]
Event: 7.302 Thread 0x00007f81ca802800 Exception <a 'java/security/PrivilegedActionException'> (0x00000007ade73450) thrown at [/HUDSON3/workspace/8-2-build-macosx-x86_64/jdk8u20/1074/hotspot/src/share/vm/prims/jvm.cpp, line 1275]
Event: 7.305 Thread 0x00007f81ca802800 Exception <a 'java/security/PrivilegedActionException'> (0x00000007adfc0de0) thrown at [/HUDSON3/workspace/8-2-build-macosx-x86_64/jdk8u20/1074/hotspot/src/share/vm/prims/jvm.cpp, line 1275]
Event: 7.317 Thread 0x00007f81ca802800 Exception <a 'java/security/PrivilegedActionException'> (0x00000007adff0a98) thrown at [/HUDSON3/workspace/8-2-build-macosx-x86_64/jdk8u20/1074/hotspot/src/share/vm/prims/jvm.cpp, line 1275]
Event: 37.937 Thread 0x00007f81ca802800 Exception <a 'java/security/PrivilegedActionException'> (0x00000007ae6d38c0) thrown at [/HUDSON3/workspace/8-2-build-macosx-x86_64/jdk8u20/1074/hotspot/src/share/vm/prims/jvm.cpp, line 1275]

Events (10 events):
Event: 22.173 Executing VM operation: RevokeBias
Event: 22.174 Executing VM operation: RevokeBias done
Event: 22.174 Thread 0x00007f81c91de000 Thread exited: 0x00007f81c91de000
Event: 22.209 Thread 0x00007f81c91de000 Thread added: 0x00007f81c91de000
Event: 35.648 Executing VM operation: RevokeBias
Event: 35.648 Executing VM operation: RevokeBias done
Event: 35.648 Thread 0x00007f81c91de000 Thread exited: 0x00007f81c91de000
Event: 36.133 Thread 0x00007f81c91de000 Thread added: 0x00007f81c91de000
Event: 37.937 loading class org/lwjgl/opengl/CallbackUtil
Event: 37.937 loading class org/lwjgl/opengl/CallbackUtil done


Dynamic libraries:
0x000000000a04e000 	/System/Library/Frameworks/Cocoa.framework/Versions/A/Cocoa
0x000000000a04e000 	/System/Library/Frameworks/Security.framework/Versions/A/Security
0x000000000a04e000 	/System/Library/Frameworks/ApplicationServices.framework/Versions/A/ApplicationServices
0x000000000a04e000 	/usr/lib/libz.1.dylib
0x000000000a04e000 	/usr/lib/libSystem.B.dylib
0x000000000a04e000 	/usr/lib/libobjc.A.dylib
0x000000000a04e000 	/System/Library/Frameworks/CoreFoundation.framework/Versions/A/CoreFoundation
0x000000000a04e000 	/System/Library/Frameworks/Foundation.framework/Versions/C/Foundation
0x000000000a04e000 	/System/Library/Frameworks/AppKit.framework/Versions/C/AppKit
0x000000000a04e000 	/System/Library/Frameworks/CoreData.framework/Versions/A/CoreData
0x000000000a04e000 	/System/Library/PrivateFrameworks/RemoteViewServices.framework/Versions/A/RemoteViewServices
0x000000000a04e000 	/System/Library/PrivateFrameworks/UIFoundation.framework/Versions/A/UIFoundation
0x000000000a04e000 	/usr/lib/libScreenReader.dylib
0x000000000a04e000 	/System/Library/Frameworks/Accelerate.framework/Versions/A/Accelerate
0x000000000a04e000 	/System/Library/Frameworks/IOSurface.framework/Versions/A/IOSurface
0x000000000a04e000 	/System/Library/Frameworks/AudioToolbox.framework/Versions/A/AudioToolbox
0x000000000a04e000 	/System/Library/Frameworks/AudioUnit.framework/Versions/A/AudioUnit
0x000000000a04e000 	/System/Library/PrivateFrameworks/DataDetectorsCore.framework/Versions/A/DataDetectorsCore
0x000000000a04e000 	/System/Library/PrivateFrameworks/DesktopServicesPriv.framework/Versions/A/DesktopServicesPriv
0x000000000a04e000 	/System/Library/Frameworks/Carbon.framework/Versions/A/Frameworks/HIToolbox.framework/Versions/A/HIToolbox
0x000000000a04e000 	/System/Library/Frameworks/QuartzCore.framework/Versions/A/QuartzCore
0x000000000a04e000 	/System/Library/Frameworks/Carbon.framework/Versions/A/Frameworks/SpeechRecognition.framework/Versions/A/SpeechRecognition
0x000000000a04e000 	/usr/lib/libauto.dylib
0x000000000a04e000 	/usr/lib/libicucore.A.dylib
0x000000000a04e000 	/usr/lib/libxml2.2.dylib
0x000000000a04e000 	/System/Library/PrivateFrameworks/CoreUI.framework/Versions/A/CoreUI
0x000000000a04e000 	/System/Library/Frameworks/CoreAudio.framework/Versions/A/CoreAudio
0x000000000a04e000 	/System/Library/Frameworks/DiskArbitration.framework/Versions/A/DiskArbitration
0x000000000a04e000 	/usr/lib/liblangid.dylib
0x000000000a04e000 	/System/Library/PrivateFrameworks/MultitouchSupport.framework/Versions/A/MultitouchSupport
0x000000000a04e000 	/System/Library/Frameworks/IOKit.framework/Versions/A/IOKit
0x000000000a04e000 	/usr/lib/libDiagnosticMessagesClient.dylib
0x000000000a04e000 	/System/Library/Frameworks/CoreServices.framework/Versions/A/CoreServices
0x000000000a04e000 	/System/Library/PrivateFrameworks/PerformanceAnalysis.framework/Versions/A/PerformanceAnalysis
0x000000000a04e000 	/System/Library/PrivateFrameworks/GenerationalStorage.framework/Versions/A/GenerationalStorage
0x000000000a04e000 	/System/Library/Frameworks/OpenGL.framework/Versions/A/OpenGL
0x000000000a04e000 	/System/Library/PrivateFrameworks/Sharing.framework/Versions/A/Sharing
0x000000000a04e000 	/System/Library/Frameworks/CoreGraphics.framework/Versions/A/CoreGraphics
0x000000000a04e000 	/System/Library/Frameworks/CoreImage.framework/Versions/A/CoreImage
0x000000000a04e000 	/System/Library/Frameworks/CoreText.framework/Versions/A/CoreText
0x000000000a04e000 	/System/Library/Frameworks/ImageIO.framework/Versions/A/ImageIO
0x000000000a04e000 	/System/Library/PrivateFrameworks/Backup.framework/Versions/A/Backup
0x000000000a04e000 	/usr/lib/libextension.dylib
0x000000000a04e000 	/usr/lib/libarchive.2.dylib
0x000000000a04e000 	/System/Library/Frameworks/CFNetwork.framework/Versions/A/CFNetwork
0x000000000a04e000 	/System/Library/Frameworks/SystemConfiguration.framework/Versions/A/SystemConfiguration
0x000000000a04e000 	/usr/lib/libCRFSuite.dylib
0x000000000a04e000 	/usr/lib/libc++.1.dylib
0x000000000a04e000 	/usr/lib/libc++abi.dylib
0x000000000a04e000 	/usr/lib/system/libcache.dylib
0x000000000a04e000 	/usr/lib/system/libcommonCrypto.dylib
0x000000000a04e000 	/usr/lib/system/libcompiler_rt.dylib
0x000000000a04e000 	/usr/lib/system/libcopyfile.dylib
0x000000000a04e000 	/usr/lib/system/libcorecrypto.dylib
0x000000000a04e000 	/usr/lib/system/libdispatch.dylib
0x000000000a04e000 	/usr/lib/system/libdyld.dylib
0x000000000a04e000 	/usr/lib/system/libkeymgr.dylib
0x000000000a04e000 	/usr/lib/system/liblaunch.dylib
0x000000000a04e000 	/usr/lib/system/libmacho.dylib
0x000000000a04e000 	/usr/lib/system/libquarantine.dylib
0x000000000a04e000 	/usr/lib/system/libremovefile.dylib
0x000000000a04e000 	/usr/lib/system/libsystem_asl.dylib
0x000000000a04e000 	/usr/lib/system/libsystem_blocks.dylib
0x000000000a04e000 	/usr/lib/system/libsystem_c.dylib
0x000000000a04e000 	/usr/lib/system/libsystem_configuration.dylib
0x000000000a04e000 	/usr/lib/system/libsystem_coreservices.dylib
0x000000000a04e000 	/usr/lib/system/libsystem_coretls.dylib
0x000000000a04e000 	/usr/lib/system/libsystem_dnssd.dylib
0x000000000a04e000 	/usr/lib/system/libsystem_info.dylib
0x000000000a04e000 	/usr/lib/system/libsystem_kernel.dylib
0x000000000a04e000 	/usr/lib/system/libsystem_m.dylib
0x000000000a04e000 	/usr/lib/system/libsystem_malloc.dylib
0x000000000a04e000 	/usr/lib/system/libsystem_network.dylib
0x000000000a04e000 	/usr/lib/system/libsystem_networkextension.dylib
0x000000000a04e000 	/usr/lib/system/libsystem_notify.dylib
0x000000000a04e000 	/usr/lib/system/libsystem_platform.dylib
0x000000000a04e000 	/usr/lib/system/libsystem_pthread.dylib
0x000000000a04e000 	/usr/lib/system/libsystem_sandbox.dylib
0x000000000a04e000 	/usr/lib/system/libsystem_secinit.dylib
0x000000000a04e000 	/usr/lib/system/libsystem_trace.dylib
0x000000000a04e000 	/usr/lib/system/libunc.dylib
0x000000000a04e000 	/usr/lib/system/libunwind.dylib
0x000000000a04e000 	/usr/lib/system/libxpc.dylib
0x000000000a04e000 	/usr/lib/libenergytrace.dylib
0x000000000a04e000 	/usr/lib/libbsm.0.dylib
0x000000000a04e000 	/usr/lib/system/libkxld.dylib
0x000000000a04e000 	/usr/lib/libxar.1.dylib
0x000000000a04e000 	/usr/lib/libsqlite3.dylib
0x000000000a04e000 	/usr/lib/libpam.2.dylib
0x000000000a04e000 	/usr/lib/libOpenScriptingUtil.dylib
0x000000000a04e000 	/usr/lib/libbz2.1.0.dylib
0x000000000a04e000 	/usr/lib/liblzma.5.dylib
0x000000000a04e000 	/System/Library/Frameworks/CoreServices.framework/Versions/A/Frameworks/FSEvents.framework/Versions/A/FSEvents
0x000000000a04e000 	/System/Library/Frameworks/CoreServices.framework/Versions/A/Frameworks/CarbonCore.framework/Versions/A/CarbonCore
0x000000000a04e000 	/System/Library/Frameworks/CoreServices.framework/Versions/A/Frameworks/Metadata.framework/Versions/A/Metadata
0x000000000a04e000 	/System/Library/Frameworks/CoreServices.framework/Versions/A/Frameworks/OSServices.framework/Versions/A/OSServices
0x000000000a04e000 	/System/Library/Frameworks/CoreServices.framework/Versions/A/Frameworks/SearchKit.framework/Versions/A/SearchKit
0x000000000a04e000 	/System/Library/Frameworks/CoreServices.framework/Versions/A/Frameworks/AE.framework/Versions/A/AE
0x000000000a04e000 	/System/Library/Frameworks/CoreServices.framework/Versions/A/Frameworks/LaunchServices.framework/Versions/A/LaunchServices
0x000000000a04e000 	/System/Library/Frameworks/CoreServices.framework/Versions/A/Frameworks/DictionaryServices.framework/Versions/A/DictionaryServices
0x000000000a04e000 	/System/Library/Frameworks/CoreServices.framework/Versions/A/Frameworks/SharedFileList.framework/Versions/A/SharedFileList
0x000000000a04e000 	/System/Library/Frameworks/NetFS.framework/Versions/A/NetFS
0x000000000a04e000 	/System/Library/PrivateFrameworks/NetAuth.framework/Versions/A/NetAuth
0x000000000a04e000 	/System/Library/PrivateFrameworks/login.framework/Versions/A/Frameworks/loginsupport.framework/Versions/A/loginsupport
0x000000000a04e000 	/System/Library/PrivateFrameworks/TCC.framework/Versions/A/TCC
0x000000000a04e000 	/usr/lib/libmecabra.dylib
0x000000000a04e000 	/System/Library/Frameworks/ApplicationServices.framework/Versions/A/Frameworks/ATS.framework/Versions/A/ATS
0x000000000a04e000 	/System/Library/Frameworks/ApplicationServices.framework/Versions/A/Frameworks/ColorSync.framework/Versions/A/ColorSync
0x000000000a04e000 	/System/Library/Frameworks/ApplicationServices.framework/Versions/A/Frameworks/HIServices.framework/Versions/A/HIServices
0x000000000a04e000 	/System/Library/Frameworks/ApplicationServices.framework/Versions/A/Frameworks/LangAnalysis.framework/Versions/A/LangAnalysis
0x000000000a04e000 	/System/Library/Frameworks/ApplicationServices.framework/Versions/A/Frameworks/PrintCore.framework/Versions/A/PrintCore
0x000000000a04e000 	/System/Library/Frameworks/ApplicationServices.framework/Versions/A/Frameworks/QD.framework/Versions/A/QD
0x000000000a04e000 	/System/Library/Frameworks/ApplicationServices.framework/Versions/A/Frameworks/SpeechSynthesis.framework/Versions/A/SpeechSynthesis
0x000000000a04e000 	/System/Library/Frameworks/Metal.framework/Versions/A/Metal
0x000000000a04e000 	/System/Library/Frameworks/Accelerate.framework/Versions/A/Frameworks/vImage.framework/Versions/A/vImage
0x000000000a04e000 	/System/Library/Frameworks/Accelerate.framework/Versions/A/Frameworks/vecLib.framework/Versions/A/vecLib
0x000000000a04e000 	/System/Library/Frameworks/Accelerate.framework/Versions/A/Frameworks/vecLib.framework/Versions/A/libvDSP.dylib
0x000000000a04e000 	/System/Library/Frameworks/Accelerate.framework/Versions/A/Frameworks/vecLib.framework/Versions/A/libvMisc.dylib
0x000000000a04e000 	/System/Library/Frameworks/Accelerate.framework/Versions/A/Frameworks/vecLib.framework/Versions/A/libLAPACK.dylib
0x000000000a04e000 	/System/Library/Frameworks/Accelerate.framework/Versions/A/Frameworks/vecLib.framework/Versions/A/libBLAS.dylib
0x000000000a04e000 	/System/Library/Frameworks/Accelerate.framework/Versions/A/Frameworks/vecLib.framework/Versions/A/libLinearAlgebra.dylib
0x000000000a04e000 	/System/Library/Frameworks/Accelerate.framework/Versions/A/Frameworks/vecLib.framework/Versions/A/libSparseBLAS.dylib
0x000000000a04e000 	/System/Library/PrivateFrameworks/GPUCompiler.framework/libmetal_timestamp.dylib
0x000000000a04e000 	/System/Library/Frameworks/OpenGL.framework/Versions/A/Libraries/libCoreFSCache.dylib
0x000000000a04e000 	/System/Library/PrivateFrameworks/IOAccelerator.framework/Versions/A/IOAccelerator
0x000000000a04e000 	/System/Library/Frameworks/ApplicationServices.framework/Versions/A/Frameworks/ATS.framework/Versions/A/Resources/libFontParser.dylib
0x000000000a04e000 	/System/Library/Frameworks/ApplicationServices.framework/Versions/A/Frameworks/ATS.framework/Versions/A/Resources/libFontRegistry.dylib
0x000000000a04e000 	/System/Library/PrivateFrameworks/AppleVPA.framework/Versions/A/AppleVPA
0x000000000a04e000 	/System/Library/PrivateFrameworks/AppleJPEG.framework/Versions/A/AppleJPEG
0x000000000a04e000 	/System/Library/Frameworks/ImageIO.framework/Versions/A/Resources/libJPEG.dylib
0x000000000a04e000 	/System/Library/Frameworks/ImageIO.framework/Versions/A/Resources/libTIFF.dylib
0x000000000a04e000 	/System/Library/Frameworks/ImageIO.framework/Versions/A/Resources/libPng.dylib
0x000000000a04e000 	/System/Library/Frameworks/ImageIO.framework/Versions/A/Resources/libGIF.dylib
0x000000000a04e000 	/System/Library/Frameworks/ImageIO.framework/Versions/A/Resources/libJP2.dylib
0x000000000a04e000 	/System/Library/Frameworks/ImageIO.framework/Versions/A/Resources/libRadiance.dylib
0x000000000a04e000 	/System/Library/Frameworks/CoreVideo.framework/Versions/A/CoreVideo
0x000000000a04e000 	/System/Library/Frameworks/OpenGL.framework/Versions/A/Libraries/libGLU.dylib
0x000000000a04e000 	/System/Library/Frameworks/OpenGL.framework/Versions/A/Libraries/libGFXShared.dylib
0x000000000a04e000 	/System/Library/Frameworks/OpenGL.framework/Versions/A/Libraries/libGL.dylib
0x000000000a04e000 	/System/Library/Frameworks/OpenGL.framework/Versions/A/Libraries/libGLImage.dylib
0x000000000a04e000 	/System/Library/Frameworks/OpenGL.framework/Versions/A/Libraries/libCVMSPluginSupport.dylib
0x000000000a04e000 	/System/Library/Frameworks/OpenGL.framework/Versions/A/Libraries/libCoreVMClient.dylib
0x000000000a04e000 	/usr/lib/libcups.2.dylib
0x000000000a04e000 	/System/Library/Frameworks/Kerberos.framework/Versions/A/Kerberos
0x000000000a04e000 	/System/Library/Frameworks/GSS.framework/Versions/A/GSS
0x000000000a04e000 	/usr/lib/libresolv.9.dylib
0x000000000a04e000 	/usr/lib/libiconv.2.dylib
0x000000000a04e000 	/System/Library/PrivateFrameworks/Heimdal.framework/Versions/A/Heimdal
0x000000000a04e000 	/usr/lib/libheimdal-asn1.dylib
0x000000000a04e000 	/System/Library/Frameworks/OpenDirectory.framework/Versions/A/OpenDirectory
0x000000000a04e000 	/System/Library/PrivateFrameworks/CommonAuth.framework/Versions/A/CommonAuth
0x000000000a04e000 	/System/Library/Frameworks/OpenDirectory.framework/Versions/A/Frameworks/CFOpenDirectory.framework/Versions/A/CFOpenDirectory
0x000000000a04e000 	/System/Library/Frameworks/SecurityFoundation.framework/Versions/A/SecurityFoundation
0x000000000a04e000 	/System/Library/PrivateFrameworks/LanguageModeling.framework/Versions/A/LanguageModeling
0x000000000a04e000 	/usr/lib/libmarisa.dylib
0x000000000a04e000 	/usr/lib/libChineseTokenizer.dylib
0x000000000a04e000 	/usr/lib/libcmph.dylib
0x000000000a04e000 	/usr/lib/libcompression.dylib
0x000000000a04e000 	/System/Library/Frameworks/ServiceManagement.framework/Versions/A/ServiceManagement
0x000000000a04e000 	/usr/lib/libxslt.1.dylib
0x000000000a04e000 	/System/Library/Frameworks/Carbon.framework/Versions/A/Frameworks/Ink.framework/Versions/A/Ink
0x000000000a04e000 	/usr/lib/libFosl_dynamic.dylib
0x000000000a04e000 	/System/Library/PrivateFrameworks/FaceCore.framework/Versions/A/FaceCore
0x000000000a04e000 	/System/Library/Frameworks/OpenCL.framework/Versions/A/OpenCL
0x000000000a04e000 	/System/Library/PrivateFrameworks/CrashReporterSupport.framework/Versions/A/CrashReporterSupport
0x000000000a04e000 	/System/Library/PrivateFrameworks/IconServices.framework/Versions/A/IconServices
0x000000000a04e000 	/System/Library/PrivateFrameworks/Apple80211.framework/Versions/A/Apple80211
0x000000000a04e000 	/System/Library/Frameworks/CoreWLAN.framework/Versions/A/CoreWLAN
0x000000000a04e000 	/System/Library/Frameworks/IOBluetooth.framework/Versions/A/IOBluetooth
0x000000000a04e000 	/System/Library/PrivateFrameworks/CoreWiFi.framework/Versions/A/CoreWiFi
0x000000000a04e000 	/System/Library/Frameworks/CoreBluetooth.framework/Versions/A/CoreBluetooth
0x000000000a04e000 	/System/Library/PrivateFrameworks/ChunkingLibrary.framework/Versions/A/ChunkingLibrary
0x000000000a04e000 	/System/Library/PrivateFrameworks/DebugSymbols.framework/Versions/A/DebugSymbols
0x000000000a04e000 	/System/Library/PrivateFrameworks/CoreSymbolication.framework/Versions/A/CoreSymbolication
0x000000000a04e000 	/System/Library/PrivateFrameworks/Symbolication.framework/Versions/A/Symbolication
0x000000000a04e000 	/System/Library/PrivateFrameworks/SpeechRecognitionCore.framework/Versions/A/SpeechRecognitionCore
0x000000010f95a000 	/Library/Java/JavaVirtualMachines/jdk1.8.0_20.jdk/Contents/Home/jre/lib/server/libjvm.dylib
0x000000000a04e000 	/usr/lib/libstdc++.6.dylib
0x0000000110879000 	/Library/Java/JavaVirtualMachines/jdk1.8.0_20.jdk/Contents/Home/jre/lib/libverify.dylib
0x0000000110887000 	/Library/Java/JavaVirtualMachines/jdk1.8.0_20.jdk/Contents/Home/jre/lib/libjava.dylib
0x00000001108c5000 	/Library/Java/JavaVirtualMachines/jdk1.8.0_20.jdk/Contents/Home/jre/lib/libzip.dylib
0x00000001244c9000 	/System/Library/Frameworks/JavaVM.framework/Frameworks/JavaRuntimeSupport.framework/JavaRuntimeSupport
0x00000001244e4000 	/System/Library/Frameworks/JavaVM.framework/Versions/A/Frameworks/JavaNativeFoundation.framework/Versions/A/JavaNativeFoundation
0x00000001244f9000 	/System/Library/Frameworks/JavaVM.framework/Versions/A/JavaVM
0x000000000a04e000 	/System/Library/Frameworks/Carbon.framework/Versions/A/Carbon
0x0000000124506000 	/System/Library/PrivateFrameworks/JavaLaunching.framework/Versions/A/JavaLaunching
0x000000000a04e000 	/System/Library/Frameworks/Carbon.framework/Versions/A/Frameworks/CommonPanels.framework/Versions/A/CommonPanels
0x000000000a04e000 	/System/Library/Frameworks/Carbon.framework/Versions/A/Frameworks/Help.framework/Versions/A/Help
0x000000000a04e000 	/System/Library/Frameworks/Carbon.framework/Versions/A/Frameworks/ImageCapture.framework/Versions/A/ImageCapture
0x000000000a04e000 	/System/Library/Frameworks/Carbon.framework/Versions/A/Frameworks/OpenScripting.framework/Versions/A/OpenScripting
0x000000000a04e000 	/System/Library/Frameworks/Carbon.framework/Versions/A/Frameworks/Print.framework/Versions/A/Print
0x000000000a04e000 	/System/Library/Frameworks/Carbon.framework/Versions/A/Frameworks/SecurityHI.framework/Versions/A/SecurityHI
0x0000000125e86000 	/Library/Java/JavaVirtualMachines/jdk1.8.0_20.jdk/Contents/Home/jre/lib/libawt.dylib
0x0000000125f35000 	/Library/Java/JavaVirtualMachines/jdk1.8.0_20.jdk/Contents/Home/jre/lib/./libmlib_image.dylib
0x0000000126001000 	/Library/Java/JavaVirtualMachines/jdk1.8.0_20.jdk/Contents/Home/jre/lib/libawt_lwawt.dylib
0x00000001260b4000 	/Library/Java/JavaVirtualMachines/jdk1.8.0_20.jdk/Contents/Home/jre/lib/./libosxapp.dylib
0x000000000a04e000 	/System/Library/Frameworks/ExceptionHandling.framework/Versions/A/ExceptionHandling
0x000000000a04e000 	/System/Library/PrivateFrameworks/CoreServicesInternal.framework/Versions/A/CoreServicesInternal
0x000000000a04e000 	/System/Library/Frameworks/CoreGraphics.framework/Versions/A/Resources/libRIP.A.dylib
0x000000000a04e000 	/System/Library/Frameworks/Accelerate.framework/Versions/A/Frameworks/vImage.framework/Versions/A/Libraries/libCGInterfaces.dylib
0x000000000a04e000 	/System/Library/Frameworks/CoreGraphics.framework/Versions/A/Resources/libCGXType.A.dylib
0x000000000a04e000 	/System/Library/Frameworks/OpenCL.framework/Versions/A/Libraries/libcldcpuengine.dylib
0x000000000a04e000 	/System/Library/PrivateFrameworks/DiskImages.framework/Versions/A/DiskImages
0x000000000a04e000 	/System/Library/Frameworks/DiscRecording.framework/Versions/A/DiscRecording
0x000000000a04e000 	/usr/lib/libcsfde.dylib
0x000000000a04e000 	/usr/lib/libcurl.4.dylib
0x000000000a04e000 	/System/Library/PrivateFrameworks/MediaKit.framework/Versions/A/MediaKit
0x000000000a04e000 	/System/Library/PrivateFrameworks/ProtectedCloudStorage.framework/Versions/A/ProtectedCloudStorage
0x000000000a04e000 	/usr/lib/libCoreStorage.dylib
0x000000000a04e000 	/System/Library/PrivateFrameworks/EFILogin.framework/Versions/A/EFILogin
0x000000000a04e000 	/usr/lib/libutil.dylib
0x000000000a04e000 	/System/Library/PrivateFrameworks/FindMyDevice.framework/Versions/A/FindMyDevice
0x000000000a04e000 	/System/Library/Frameworks/LDAP.framework/Versions/A/LDAP
0x000000000a04e000 	/usr/lib/libsasl2.2.dylib
0x000000000a04e000 	/System/Library/PrivateFrameworks/CoreDaemon.framework/Versions/B/CoreDaemon
0x000000000a04e000 	/usr/lib/libcrypto.0.9.8.dylib
0x000000000a04e000 	/System/Library/PrivateFrameworks/AppleSRP.framework/Versions/A/AppleSRP
0x000000000a04e000 	/System/Library/PrivateFrameworks/TrustEvaluationAgent.framework/Versions/A/TrustEvaluationAgent
0x0000000127a05000 	cl_kernels
0x000000000a04e000 	/System/Library/Frameworks/OpenCL.framework/Versions/A/Libraries/ImageFormats/unorm8_bgra.dylib
0x000000000a04e000 	/System/Library/Frameworks/OpenCL.framework/Versions/A/Libraries/ImageFormats/unorm8_rgba.dylib
0x000000000a04e000 	/System/Library/PrivateFrameworks/FamilyControls.framework/Versions/A/FamilyControls
0x000000000a04e000 	/System/Library/PrivateFrameworks/CommerceKit.framework/Versions/A/Frameworks/CommerceCore.framework/Versions/A/CommerceCore
0x000000000a04e000 	/System/Library/PrivateFrameworks/SystemAdministration.framework/Versions/A/SystemAdministration
0x000000000a04e000 	/System/Library/PrivateFrameworks/AppContainer.framework/Versions/A/AppContainer
0x000000000a04e000 	/System/Library/PrivateFrameworks/SecCodeWrapper.framework/Versions/A/SecCodeWrapper
0x000000000a04e000 	/System/Library/Frameworks/DirectoryService.framework/Versions/A/DirectoryService
0x000000000a04e000 	/System/Library/PrivateFrameworks/LoginUIKit.framework/Versions/A/Frameworks/LoginUICore.framework/Versions/A/LoginUICore
0x000000000a04e000 	/usr/lib/libodfde.dylib
0x0000000128a22000 	/Library/Java/JavaVirtualMachines/jdk1.8.0_20.jdk/Contents/Home/jre/lib/libfontmanager.dylib
0x0000000128a88000 	/Users/Ben/Desktop/workspace/SpaceAndy/slick/liblwjgl.dylib
0x0000000126ed9000 	/Library/Java/JavaVirtualMachines/jdk1.8.0_20.jdk/Contents/Home/jre/lib/libjawt.dylib
0x000000000a04e000 	/System/Library/Frameworks/OpenGL.framework/Versions/A/Resources/GLEngine.bundle/GLEngine
0x000000000a04e000 	/System/Library/Frameworks/OpenGL.framework/Versions/A/Libraries/libGLProgrammability.dylib
0x0000000128b26000 	/System/Library/Extensions/AppleIntelHD4000GraphicsGLDriver.bundle/Contents/MacOS/AppleIntelHD4000GraphicsGLDriver
0x000000000a04e000 	/System/Library/PrivateFrameworks/GPUSupport.framework/Versions/A/Libraries/libGPUSupportMercury.dylib
0x000000000a04e000 	/System/Library/Frameworks/OpenGL.framework/Versions/A/Resources/GLRendererFloat.bundle/GLRendererFloat
0x000000012acd5000 	/Library/Java/JavaVirtualMachines/jdk1.8.0_20.jdk/Contents/Home/jre/lib/libnet.dylib
0x000000012af3e000 	/Library/Java/JavaVirtualMachines/jdk1.8.0_20.jdk/Contents/Home/jre/lib/libnio.dylib
0x000000000a04e000 	/System/Library/Frameworks/ApplicationServices.framework/Versions/A/Frameworks/ATS.framework/Versions/A/Resources/libTrueTypeScaler.dylib
0x000000000a04e000 	/System/Library/Frameworks/ApplicationServices.framework/Versions/A/Frameworks/ATS.framework/Versions/A/Resources/libType1Scaler.dylib
0x000000012789d000 	/Library/Java/JavaVirtualMachines/jdk1.8.0_20.jdk/Contents/Home/jre/lib/libjpeg.dylib
0x000000012c5d8000 	/Users/Ben/Desktop/workspace/SpaceAndy/slick/openal.dylib
0x000000012c703000 	/System/Library/Components/CoreAudio.component/Contents/MacOS/CoreAudio
0x000000012c3e1000 	/System/Library/Extensions/AppleHDA.kext/Contents/PlugIns/AppleHDAHALPlugIn.bundle/Contents/MacOS/AppleHDAHALPlugIn
0x000000012c634000 	/Library/Audio/Plug-Ins/HAL/JackRouter.plugin/Contents/MacOS/JackRouter
0x000000012ca2d000 	/System/Library/Frameworks/Jackmp.framework/Versions/A/Jackmp

VM Arguments:
jvm_args: -Djava.library.path=/Users/Ben/Desktop/workspace/SpaceAndy/slick:/Users/Ben/Desktop/workspace/SpaceAndy/slick:/Users/Ben/Desktop/workspace/SpaceAndy/slick:/Users/Ben/Desktop/workspace/SpaceAndy/slick -Dfile.encoding=UTF-8 
java_command: SpaceDriver
java_class_path (initial): /Users/Ben/Desktop/workspace/SpaceAndy/bin:/Users/Ben/Desktop/workspace/SpaceAndy/slick/lib/slick.jar:/Users/Ben/Desktop/workspace/SpaceAndy/slick/lib/lwjgl.jar
Launcher Type: SUN_STANDARD

Environment Variables:
PATH=/usr/bin:/bin:/usr/sbin:/sbin
SHELL=/bin/bash
DISPLAY=/private/tmp/com.apple.launchd.MQKSsJfnJu/org.macosforge.xquartz:0

Signal Handlers:
SIGSEGV: [libjvm.dylib+0x578fd7], sa_mask[0]=11111111011111110111111111111111, sa_flags=SA_ONSTACK|SA_RESTART|SA_SIGINFO
SIGBUS: [libjvm.dylib+0x578fd7], sa_mask[0]=11111111011111110111111111111111, sa_flags=SA_RESTART|SA_SIGINFO
SIGFPE: [libjvm.dylib+0x45ab0c], sa_mask[0]=11111111011111110111111111111111, sa_flags=SA_RESTART|SA_SIGINFO
SIGPIPE: [libjvm.dylib+0x45ab0c], sa_mask[0]=11111111011111110111111111111111, sa_flags=SA_RESTART|SA_SIGINFO
SIGXFSZ: [libjvm.dylib+0x45ab0c], sa_mask[0]=11111111011111110111111111111111, sa_flags=SA_RESTART|SA_SIGINFO
SIGILL: [libjvm.dylib+0x45ab0c], sa_mask[0]=11111111011111110111111111111111, sa_flags=SA_RESTART|SA_SIGINFO
SIGUSR1: SIG_DFL, sa_mask[0]=00000000000000000000000000000000, sa_flags=none
SIGUSR2: [libjvm.dylib+0x45a62a], sa_mask[0]=00100000000000000000000000000000, sa_flags=SA_RESTART|SA_SIGINFO
SIGHUP: [libjvm.dylib+0x458bfd], sa_mask[0]=11111111011111110111111111111111, sa_flags=SA_RESTART|SA_SIGINFO
SIGINT: [libjvm.dylib+0x458bfd], sa_mask[0]=11111111011111110111111111111111, sa_flags=SA_RESTART|SA_SIGINFO
SIGTERM: [libjvm.dylib+0x458bfd], sa_mask[0]=11111111011111110111111111111111, sa_flags=SA_RESTART|SA_SIGINFO
SIGQUIT: [libjvm.dylib+0x458bfd], sa_mask[0]=11111111011111110111111111111111, sa_flags=SA_RESTART|SA_SIGINFO


---------------  S Y S T E M  ---------------

OS:Bsduname:Darwin 15.0.0 Darwin Kernel Version 15.0.0: Wed Aug 26 16:57:32 PDT 2015; root:xnu-3247.1.106~1/RELEASE_X86_64 x86_64
rlimit: STACK 8192k, CORE 0k, NPROC 709, NOFILE 10240, AS infinity
load average:1.69 1.89 1.78

CPU:total 4 (2 cores per cpu, 2 threads per core) family 6 model 58 stepping 9, cmov, cx8, fxsr, mmx, sse, sse2, sse3, ssse3, sse4.1, sse4.2, popcnt, avx, aes, clmul, erms, ht, tsc, tscinvbit, tscinv

Memory: 4k page, physical 4194304k(126924k free)

/proc/meminfo:


vm_info: Java HotSpot(TM) 64-Bit Server VM (25.20-b23) for bsd-amd64 JRE (1.8.0_20-b26), built on Jul 30 2014 13:37:47 by "java_re" with gcc 4.2.1 (Based on Apple Inc. build 5658) (LLVM build 2336.9.00)

time: Sat Dec 12 03:51:11 2015
elapsed time: 37 seconds (0d 0h 0m 37s)

