#
# A fatal error has been detected by the Java Runtime Environment:
#
#  SIGILL (0x4) at pc=0x00007fff9a61eb1f, pid=15784, tid=2571
#
# JRE version: Java(TM) SE Runtime Environment (8.0_20-b26) (build 1.8.0_20-b26)
# Java VM: Java HotSpot(TM) 64-Bit Server VM (25.20-b23 mixed mode bsd-amd64 compressed oops)
# Problematic frame:
# C  [libobjc.A.dylib+0x18b1f]  _ZL10_objc_trapv+0x0
#
# Failed to write core dump. Core dumps have been disabled. To enable core dumping, try "ulimit -c unlimited" before starting Java again
#
# If you would like to submit a bug report, please visit:
#   http://bugreport.sun.com/bugreport/crash.jsp
# The crash happened outside the Java Virtual Machine in native code.
# See problematic frame for where to report the bug.
#

---------------  T H R E A D  ---------------

Current thread (0x00007ff4f3831800):  JavaThread "AppKit Thread" daemon [_thread_in_native, id=2571, stack(0x00007fff5ec28000,0x00007fff5f428000)]

siginfo: si_signo: 4 (SIGILL), si_code: 1 (ILL_ILLOPC), si_addr: 0x00007fff9a61eb1f

Registers:
RAX=0x0000000000000000, RBX=0x00007ff4f269f830, RCX=0x0000000000000000, RDX=0x00007fff7c530c30
RSP=0x00007fff5f423308, RBP=0x00007fff5f4233f0, RSI=0x0000010000000100, RDI=0x00007fff7c530c10
R8 =0x00000000fffffffc, R9 =0x00007fff7c530c28, R10=0x00000000ffffffff, R11=0xffffffffffffde90
R12=0x0000000000000001, R13=0x0000000000000000, R14=0x00007fff7c536e28, R15=0x00007ff4f26a5e28
RIP=0x00007fff9a61eb1f, EFLAGS=0x0000000000010206, ERR=0x0000000000000000
  TRAPNO=0x0000000000000006

Top of Stack: (sp=0x00007fff5f423308)
0x00007fff5f423308:   00007fff9a61ec5f 0000000000000000
0x00007fff5f423318:   00007ff4f269f830 00007fff9c801640
0x00007fff5f423328:   00007fff9c801640 000000000000005f
0x00007fff5f423338:   00007ff4f269f830 00007fff5f423370
0x00007fff5f423348:   00007fff9a61069f 00007fff5f4233b0
0x00007fff5f423358:   00007fff9a613595 00007fff7c536e10
0x00007fff5f423368:   0000000000000001 00007fff5f4233d0
0x00007fff5f423378:   00007ff4f26a5e28 00007fff5f4233b0
0x00007fff5f423388:   00007fff9c801640 00007fff9c801640
0x00007fff5f423398:   0000000000000000 00007fff7c9ccae0
0x00007fff5f4233a8:   00007ff4f26a5e28 00007fff5f4233f0
0x00007fff5f4233b8:   00007fff9a613500 00007ff4f4bc2fc0
0x00007fff5f4233c8:   00007ff4f4bc50c0 0000003000000018
0x00007fff5f4233d8:   00007fff5f423400 00007fff5f423310
0x00007fff5f4233e8:   00007ff4f26a5e28 00007fff5f423450
0x00007fff5f4233f8:   00007fff9a612da4 00007fff7c534e80
0x00007fff5f423408:   00007fff7c535180 00007fff5f423490
0x00007fff5f423418:   00007fff9a612b7e 00007fff9c6f5a89
0x00007fff5f423428:   00007fff7c534e80 00007ff4f26a5e28
0x00007fff5f423438:   0000000000000000 00007fff7c536e00
0x00007fff5f423448:   0000000000000000 00007fff5f4234d0
0x00007fff5f423458:   00007fff9a612af6 ffff800b0d984660
0x00007fff5f423468:   00007ff4f26a5c40 0000000000001f80
0x00007fff5f423478:   0000000000000000 0000000000000000
0x00007fff5f423488:   0000000000000000 00007ff4f269f830
0x00007fff5f423498:   000000000000003f 0000000000000007
0x00007fff5f4234a8:   00007ff4f267b9a0 0000000000000000
0x00007fff5f4234b8:   00007ff4f24466a0 00007ff4f26a5c40
0x00007fff5f4234c8:   00007ff4f269f830 00007fff5f423510
0x00007fff5f4234d8:   00007fff9d75ab13 00007ff4f267b9a0
0x00007fff5f4234e8:   0000000000000000 00007ff4f269f830
0x00007fff5f4234f8:   00007fff9a60de40 00007ff4f267b9a0 

Instructions: (pc=0x00007fff9a61eb1f)
0x00007fff9a61eaff:   df e8 f9 a2 00 00 bf 02 00 00 00 48 89 de 48 89
0x00007fff9a61eb0f:   c2 e8 49 a3 00 00 48 81 c4 98 00 00 00 5b 5d c3
0x00007fff9a61eb1f:   0f 0b 55 48 89 e5 48 81 ec d0 00 00 00 84 c0 74
0x00007fff9a61eb2f:   26 0f 29 85 60 ff ff ff 0f 29 8d 70 ff ff ff 0f 

Register to memory mapping:

RAX=0x0000000000000000 is an unknown value
RBX=0x00007ff4f269f830 is an unknown value
RCX=0x0000000000000000 is an unknown value
RDX=0x00007fff7c530c30: _ZZL14_objc_crashlogPKcE13crashlog_lock+0x20 in /usr/lib/libobjc.A.dylib at 0x00007fff9a606000
RSP=0x00007fff5f423308 is pointing into the stack for thread: 0x00007ff4f3831800
RBP=0x00007fff5f4233f0 is pointing into the stack for thread: 0x00007ff4f3831800
RSI=0x0000010000000100 is an unknown value
RDI=0x00007fff7c530c10: _ZZL14_objc_crashlogPKcE13crashlog_lock+0 in /usr/lib/libobjc.A.dylib at 0x00007fff9a606000
R8 =0x00000000fffffffc is an unknown value
R9 =0x00007fff7c530c28: _ZZL14_objc_crashlogPKcE13crashlog_lock+0x18 in /usr/lib/libobjc.A.dylib at 0x00007fff9a606000
R10=0x00000000ffffffff is an unknown value
R11=0xffffffffffffde90 is an unknown value
R12=0x0000000000000001 is an unknown value
R13=0x0000000000000000 is an unknown value
R14=0x00007fff7c536e28: _ZN12_GLOBAL__N_1L12SideTableBufE+0x1fa8 in /usr/lib/libobjc.A.dylib at 0x00007fff9a606000
R15=0x00007ff4f26a5e28 is an unknown value


Stack: [0x00007fff5ec28000,0x00007fff5f428000],  sp=0x00007fff5f423308,  free space=8172k
Native frames: (J=compiled Java code, j=interpreted, Vv=VM code, C=native code)
C  [libobjc.A.dylib+0x18b1f]  _ZL10_objc_trapv+0x0
C  [libobjc.A.dylib+0xcda4]  weak_register_no_lock+0xde
C  [libobjc.A.dylib+0xcaf6]  objc_storeWeak+0x18b
C  [Foundation+0x19b13]  -[NSConcreteMapTable setObject:forKey:]+0x6e
C  [AppKit+0x347e2e]  -[NSView(NSOpenGLContextAssociation) _setOpenGLContext:]+0xf2
C  [AppKit+0x681791]  __27-[NSOpenGLContext setView:]_block_invoke+0xd6
C  [AppKit+0x1840a9]  NSPerformVisuallyAtomicChange+0x93
C  [AppKit+0x347ad1]  -[NSOpenGLContext setView:]+0x77
C  [liblwjgl.dylib+0xa586]  -[MacOSXOpenGLView lockFocus]+0x76
C  [AppKit+0x1a9823]  -[NSView _recursiveDisplayRectIfNeededIgnoringOpacity:isVisibleRect:rectIsVisibleRectForView:topView:]+0x6e2
C  [AppKit+0x1aa811]  -[NSView _recursiveDisplayRectIfNeededIgnoringOpacity:isVisibleRect:rectIsVisibleRectForView:topView:]+0x16d0
C  [AppKit+0x1a8c6c]  -[NSThemeFrame _recursiveDisplayRectIfNeededIgnoringOpacity:isVisibleRect:rectIsVisibleRectForView:topView:]+0x14e
C  [AppKit+0x1a7077]  -[NSView _displayRectIgnoringOpacity:isVisibleRect:rectIsVisibleRectForView:]+0x991
C  [AppKit+0x1a2485]  -[NSView displayIfNeeded]+0x79e
C  [AppKit+0x1a1ccc]  -[NSWindow displayIfNeeded]+0xe8
C  [AppKit+0x820206]  ___NSWindowGetDisplayCycleObserver_block_invoke6323+0x1dc
C  [AppKit+0x1a1667]  __37+[NSDisplayCycle currentDisplayCycle]_block_invoke+0x2e2
C  [QuartzCore+0x1191d]  _ZN2CA11Transaction19run_commit_handlersE18CATransactionPhase+0x55
C  [QuartzCore+0x10dd8]  _ZN2CA7Context18commit_transactionEPNS_11TransactionE+0xa0
C  [QuartzCore+0x10a98]  _ZN2CA11Transaction6commitEv+0x1fc
C  [QuartzCore+0x1c28f]  _ZN2CA11Transaction17observer_callbackEP19__CFRunLoopObservermPv+0x47
C  [CoreFoundation+0xa9e07]  __CFRUNLOOP_IS_CALLING_OUT_TO_AN_OBSERVER_CALLBACK_FUNCTION__+0x17
C  [CoreFoundation+0xa9d77]  __CFRunLoopDoObservers+0x187
C  [CoreFoundation+0x88d58]  CFRunLoopRunSpecific+0x148
C  [HIToolbox+0x30d55]  RunCurrentEventLoopInMode+0xeb
C  [HIToolbox+0x30a97]  ReceiveNextEventCommon+0xb8
C  [HIToolbox+0x309cf]  _BlockUntilNextEventMatchingListInModeWithFilter+0x47
C  [AppKit+0x49f3a]  _DPSNextEvent+0x42b
C  [AppKit+0x49369]  -[NSApplication _nextEventMatchingEventMask:untilDate:inMode:dequeue:]+0x1c6
C  [libosxapp.dylib+0x242a]  -[NSApplicationAWT nextEventMatchingMask:untilDate:inMode:dequeue:]+0x7c
C  [AppKit+0x3decc]  -[NSApplication run]+0x2aa
C  [libosxapp.dylib+0x223e]  +[NSApplicationAWT runAWTLoopWithApp:]+0x9c
C  [libawt_lwawt.dylib+0x4494f]  -[AWTStarter starter:]+0x389
C  [Foundation+0x7754e]  __NSThreadPerformPerform+0x117
C  [CoreFoundation+0xaa621]  __CFRUNLOOP_IS_CALLING_OUT_TO_A_SOURCE0_PERFORM_FUNCTION__+0x11
C  [CoreFoundation+0x89e1c]  __CFRunLoopDoSources0+0x22c
C  [CoreFoundation+0x8933f]  __CFRunLoopRun+0x39f
C  [CoreFoundation+0x88d38]  CFRunLoopRunSpecific+0x128
C  [java+0x56cc]  CreateExecutionEnvironment+0x367
C  [java+0x165c]  JLI_Launch+0x7a0
C  [java+0x768a]  main+0x65
C  [java+0xeb4]  start+0x34
C  0x0000000000000006


---------------  P R O C E S S  ---------------

Java Threads: ( => current thread )
  0x00007ff4f2cef000 JavaThread "AWT-Shutdown" [_thread_blocked, id=27707, stack(0x0000700001150000,0x0000700001250000)]
  0x00007ff4f3071800 JavaThread "Timer-0" [_thread_blocked, id=29811, stack(0x00007000015df000,0x00007000016df000)]
  0x00007ff4f39bc000 JavaThread "Thread-2" [_thread_in_native, id=56095, stack(0x00007000014dc000,0x00007000015dc000)]
  0x00007ff4f399f000 JavaThread "Java2D Disposer" daemon [_thread_blocked, id=53019, stack(0x00007000013d9000,0x00007000014d9000)]
  0x00007ff4f2aaa800 JavaThread "Java2D Queue Flusher" daemon [_thread_blocked, id=53767, stack(0x00007000012d6000,0x00007000013d6000)]
=>0x00007ff4f3831800 JavaThread "AppKit Thread" daemon [_thread_in_native, id=2571, stack(0x00007fff5ec28000,0x00007fff5f428000)]
  0x00007ff4f4005000 JavaThread "Service Thread" daemon [_thread_blocked, id=18435, stack(0x0000700000dc1000,0x0000700000ec1000)]
  0x00007ff4f2852800 JavaThread "C1 CompilerThread2" daemon [_thread_blocked, id=17923, stack(0x0000700000cbe000,0x0000700000dbe000)]
  0x00007ff4f2852000 JavaThread "C2 CompilerThread1" daemon [_thread_blocked, id=17411, stack(0x0000700000bbb000,0x0000700000cbb000)]
  0x00007ff4f382d000 JavaThread "C2 CompilerThread0" daemon [_thread_blocked, id=16899, stack(0x0000700000ab8000,0x0000700000bb8000)]
  0x00007ff4f382c000 JavaThread "Signal Dispatcher" daemon [_thread_blocked, id=12815, stack(0x00007000009b5000,0x0000700000ab5000)]
  0x00007ff4f381f800 JavaThread "Finalizer" daemon [_thread_blocked, id=12291, stack(0x000070000082f000,0x000070000092f000)]
  0x00007ff4f3802000 JavaThread "Reference Handler" daemon [_thread_blocked, id=11779, stack(0x000070000072c000,0x000070000082c000)]
  0x00007ff4f3004800 JavaThread "main" [_thread_in_native, id=5891, stack(0x000070000011a000,0x000070000021a000)]

Other Threads:
  0x00007ff4f283e800 VMThread [stack: 0x0000700000629000,0x0000700000729000] [id=11267]
  0x00007ff4f302a800 WatcherThread [stack: 0x0000700000ec4000,0x0000700000fc4000] [id=18947]

VM state:not at safepoint (normal execution)

VM Mutex/Monitor currently owned by a thread: None

Heap:
 PSYoungGen      total 68096K, used 32382K [0x00000007aab00000, 0x00000007af900000, 0x00000007c0000000)
  eden space 62464K, 51% used [0x00000007aab00000,0x00000007aca9f8c8,0x00000007ae800000)
  from space 5632K, 0% used [0x00000007af380000,0x00000007af380000,0x00000007af900000)
  to   space 8704K, 0% used [0x00000007ae800000,0x00000007ae800000,0x00000007af080000)
 ParOldGen       total 88576K, used 28671K [0x0000000780000000, 0x0000000785680000, 0x00000007aab00000)
  object space 88576K, 32% used [0x0000000780000000,0x0000000781bfff48,0x0000000785680000)
 Metaspace       used 9675K, capacity 9805K, committed 10112K, reserved 1058816K
  class space    used 1007K, capacity 1049K, committed 1152K, reserved 1048576K

Card table byte_map: [0x00000001116db000,0x00000001118dc000] byte_map_base: 0x000000010dadb000

Marking Bits: (ParMarkBitMap*) 0x0000000101c9c330
 Begin Bits: [0x0000000111a32000, 0x0000000112a32000)
 End Bits:   [0x0000000112a32000, 0x0000000113a32000)

Polling page: 0x0000000100a99000

CodeCache: size=245760Kb used=4240Kb max_used=4252Kb free=241519Kb
 bounds [0x000000010231b000, 0x000000010274b000, 0x000000011131b000]
 total_blobs=1581 nmethods=1071 adapters=425
 compilation: enabled

Compilation events (10 events):
Event: 16.916 Thread 0x00007ff4f2852800 1067       1       org.newdawn.slick.util.InputAdapter::inputStarted (1 bytes)
Event: 16.916 Thread 0x00007ff4f2852800 nmethod 1067 0x000000010273b6d0 code [0x000000010273b820, 0x000000010273b930]
Event: 16.916 Thread 0x00007ff4f2852800 1068       1       org.newdawn.slick.util.InputAdapter::inputEnded (1 bytes)
Event: 16.916 Thread 0x00007ff4f2852800 nmethod 1068 0x000000010273b410 code [0x000000010273b560, 0x000000010273b670]
Event: 17.021 Thread 0x00007ff4f2852800 1070       3       util.ChatBox::render (140 bytes)
Event: 17.023 Thread 0x00007ff4f2852800 nmethod 1070 0x000000010273c7d0 code [0x000000010273cb60, 0x000000010273e038]
Event: 17.024 Thread 0x00007ff4f2852800 1069       3       entities.EntityManager::render (129 bytes)
Event: 17.025 Thread 0x00007ff4f2852800 nmethod 1069 0x000000010273f210 code [0x000000010273f500, 0x0000000102740cf8]
Event: 17.372 Thread 0x00007ff4f2852000 1071       4       java.lang.StringBuilder::append (8 bytes)
Event: 17.379 Thread 0x00007ff4f2852000 nmethod 1071 0x000000010273aad0 code [0x000000010273ac40, 0x000000010273b058]

GC Heap History (10 events):
Event: 4.322 GC heap before
{Heap before GC invocations=3 (full 0):
 PSYoungGen      total 18944K, used 17872K [0x00000007aab00000, 0x00000007ad000000, 0x00000007c0000000)
  eden space 16384K, 100% used [0x00000007aab00000,0x00000007abb00000,0x00000007abb00000)
  from space 2560K, 58% used [0x00000007abd80000,0x00000007abef4010,0x00000007ac000000)
  to   space 2560K, 0% used [0x00000007abb00000,0x00000007abb00000,0x00000007abd80000)
 ParOldGen       total 44032K, used 3649K [0x0000000780000000, 0x0000000782b00000, 0x00000007aab00000)
  object space 44032K, 8% used [0x0000000780000000,0x0000000780390518,0x0000000782b00000)
 Metaspace       used 8888K, capacity 9007K, committed 9216K, reserved 1056768K
  class space    used 933K, capacity 954K, committed 1024K, reserved 1048576K
Event: 4.328 GC heap after
Heap after GC invocations=3 (full 0):
 PSYoungGen      total 18944K, used 2528K [0x00000007aab00000, 0x00000007ad000000, 0x00000007c0000000)
  eden space 16384K, 0% used [0x00000007aab00000,0x00000007aab00000,0x00000007abb00000)
  from space 2560K, 98% used [0x00000007abb00000,0x00000007abd78030,0x00000007abd80000)
  to   space 2560K, 0% used [0x00000007acd80000,0x00000007acd80000,0x00000007ad000000)
 ParOldGen       total 44032K, used 7849K [0x0000000780000000, 0x0000000782b00000, 0x00000007aab00000)
  object space 44032K, 17% used [0x0000000780000000,0x00000007807aa558,0x0000000782b00000)
 Metaspace       used 8888K, capacity 9007K, committed 9216K, reserved 1056768K
  class space    used 933K, capacity 954K, committed 1024K, reserved 1048576K
}
Event: 4.418 GC heap before
{Heap before GC invocations=4 (full 0):
 PSYoungGen      total 18944K, used 18912K [0x00000007aab00000, 0x00000007ad000000, 0x00000007c0000000)
  eden space 16384K, 100% used [0x00000007aab00000,0x00000007abb00000,0x00000007abb00000)
  from space 2560K, 98% used [0x00000007abb00000,0x00000007abd78030,0x00000007abd80000)
  to   space 2560K, 0% used [0x00000007acd80000,0x00000007acd80000,0x00000007ad000000)
 ParOldGen       total 44032K, used 7849K [0x0000000780000000, 0x0000000782b00000, 0x00000007aab00000)
  object space 44032K, 17% used [0x0000000780000000,0x00000007807aa558,0x0000000782b00000)
 Metaspace       used 9275K, capacity 9391K, committed 9472K, reserved 1058816K
  class space    used 983K, capacity 1018K, committed 1024K, reserved 1048576K
Event: 4.429 GC heap after
Heap after GC invocations=4 (full 0):
 PSYoungGen      total 35328K, used 1552K [0x00000007aab00000, 0x00000007ad000000, 0x00000007c0000000)
  eden space 32768K, 0% used [0x00000007aab00000,0x00000007aab00000,0x00000007acb00000)
  from space 2560K, 60% used [0x00000007acd80000,0x00000007acf04010,0x00000007ad000000)
  to   space 2560K, 0% used [0x00000007acb00000,0x00000007acb00000,0x00000007acd80000)
 ParOldGen       total 44032K, used 26074K [0x0000000780000000, 0x0000000782b00000, 0x00000007aab00000)
  object space 44032K, 59% used [0x0000000780000000,0x0000000781976988,0x0000000782b00000)
 Metaspace       used 9275K, capacity 9391K, committed 9472K, reserved 1058816K
  class space    used 983K, capacity 1018K, committed 1024K, reserved 1048576K
}
Event: 4.582 GC heap before
{Heap before GC invocations=5 (full 0):
 PSYoungGen      total 35328K, used 34320K [0x00000007aab00000, 0x00000007ad000000, 0x00000007c0000000)
  eden space 32768K, 100% used [0x00000007aab00000,0x00000007acb00000,0x00000007acb00000)
  from space 2560K, 60% used [0x00000007acd80000,0x00000007acf04010,0x00000007ad000000)
  to   space 2560K, 0% used [0x00000007acb00000,0x00000007acb00000,0x00000007acd80000)
 ParOldGen       total 44032K, used 26074K [0x0000000780000000, 0x0000000782b00000, 0x00000007aab00000)
  object space 44032K, 59% used [0x0000000780000000,0x0000000781976988,0x0000000782b00000)
 Metaspace       used 9277K, capacity 9391K, committed 9472K, reserved 1058816K
  class space    used 984K, capacity 1018K, committed 1024K, reserved 1048576K
Event: 4.602 GC heap after
Heap after GC invocations=5 (full 0):
 PSYoungGen      total 35328K, used 1536K [0x00000007aab00000, 0x00000007afc00000, 0x00000007c0000000)
  eden space 32768K, 0% used [0x00000007aab00000,0x00000007aab00000,0x00000007acb00000)
  from space 2560K, 60% used [0x00000007acb00000,0x00000007acc80000,0x00000007acd80000)
  to   space 8704K, 0% used [0x00000007af380000,0x00000007af380000,0x00000007afc00000)
 ParOldGen       total 82432K, used 71046K [0x0000000780000000, 0x0000000785080000, 0x00000007aab00000)
  object space 82432K, 86% used [0x0000000780000000,0x00000007845619c8,0x0000000785080000)
 Metaspace       used 9277K, capacity 9391K, committed 9472K, reserved 1058816K
  class space    used 984K, capacity 1018K, committed 1024K, reserved 1048576K
}
Event: 4.602 GC heap before
{Heap before GC invocations=6 (full 1):
 PSYoungGen      total 35328K, used 1536K [0x00000007aab00000, 0x00000007afc00000, 0x00000007c0000000)
  eden space 32768K, 0% used [0x00000007aab00000,0x00000007aab00000,0x00000007acb00000)
  from space 2560K, 60% used [0x00000007acb00000,0x00000007acc80000,0x00000007acd80000)
  to   space 8704K, 0% used [0x00000007af380000,0x00000007af380000,0x00000007afc00000)
 ParOldGen       total 82432K, used 71046K [0x0000000780000000, 0x0000000785080000, 0x00000007aab00000)
  object space 82432K, 86% used [0x0000000780000000,0x00000007845619c8,0x0000000785080000)
 Metaspace       used 9277K, capacity 9391K, committed 9472K, reserved 1058816K
  class space    used 984K, capacity 1018K, committed 1024K, reserved 1048576K
Event: 4.627 GC heap after
Heap after GC invocations=6 (full 1):
 PSYoungGen      total 35328K, used 0K [0x00000007aab00000, 0x00000007afc00000, 0x00000007c0000000)
  eden space 32768K, 0% used [0x00000007aab00000,0x00000007aab00000,0x00000007acb00000)
  from space 2560K, 0% used [0x00000007acb00000,0x00000007acb00000,0x00000007acd80000)
  to   space 8704K, 0% used [0x00000007af380000,0x00000007af380000,0x00000007afc00000)
 ParOldGen       total 88576K, used 28671K [0x0000000780000000, 0x0000000785680000, 0x00000007aab00000)
  object space 88576K, 32% used [0x0000000780000000,0x0000000781bfff48,0x0000000785680000)
 Metaspace       used 9275K, capacity 9389K, committed 9472K, reserved 1058816K
  class space    used 983K, capacity 1017K, committed 1024K, reserved 1048576K
}
Event: 4.682 GC heap before
{Heap before GC invocations=7 (full 1):
 PSYoungGen      total 35328K, used 32768K [0x00000007aab00000, 0x00000007afc00000, 0x00000007c0000000)
  eden space 32768K, 100% used [0x00000007aab00000,0x00000007acb00000,0x00000007acb00000)
  from space 2560K, 0% used [0x00000007acb00000,0x00000007acb00000,0x00000007acd80000)
  to   space 8704K, 0% used [0x00000007af380000,0x00000007af380000,0x00000007afc00000)
 ParOldGen       total 88576K, used 28671K [0x0000000780000000, 0x0000000785680000, 0x00000007aab00000)
  object space 88576K, 32% used [0x0000000780000000,0x0000000781bfff48,0x0000000785680000)
 Metaspace       used 9275K, capacity 9389K, committed 9472K, reserved 1058816K
  class space    used 983K, capacity 1017K, committed 1024K, reserved 1048576K
Event: 4.682 GC heap after
Heap after GC invocations=7 (full 1):
 PSYoungGen      total 68096K, used 0K [0x00000007aab00000, 0x00000007af900000, 0x00000007c0000000)
  eden space 62464K, 0% used [0x00000007aab00000,0x00000007aab00000,0x00000007ae800000)
  from space 5632K, 0% used [0x00000007af380000,0x00000007af380000,0x00000007af900000)
  to   space 8704K, 0% used [0x00000007ae800000,0x00000007ae800000,0x00000007af080000)
 ParOldGen       total 88576K, used 28671K [0x0000000780000000, 0x0000000785680000, 0x00000007aab00000)
  object space 88576K, 32% used [0x0000000780000000,0x0000000781bfff48,0x0000000785680000)
 Metaspace       used 9275K, capacity 9389K, committed 9472K, reserved 1058816K
  class space    used 983K, capacity 1017K, committed 1024K, reserved 1048576K
}

Deoptimization events (1 events):
Event: 2.917 Thread 0x00007ff4f3004800 Uncommon trap: reason=unreached action=reinterpret pc=0x000000010258a554 method=sun.java2d.loops.GraphicsPrimitiveMgr.locate(Lsun/java2d/loops/GraphicsPrimitiveMgr$PrimitiveSpec;)Lsun/java2d/loops/GraphicsPrimitive; @ 85

Internal exceptions (10 events):
Event: 6.054 Thread 0x00007ff4f3004800 Exception <a 'java/security/PrivilegedActionException'> (0x00000007ac6f9be8) thrown at [/HUDSON3/workspace/8-2-build-macosx-x86_64/jdk8u20/1074/hotspot/src/share/vm/prims/jvm.cpp, line 1275]
Event: 6.054 Thread 0x00007ff4f3004800 Exception <a 'java/security/PrivilegedActionException'> (0x00000007ac6fcd48) thrown at [/HUDSON3/workspace/8-2-build-macosx-x86_64/jdk8u20/1074/hotspot/src/share/vm/prims/jvm.cpp, line 1275]
Event: 6.055 Thread 0x00007ff4f3004800 Exception <a 'java/security/PrivilegedActionException'> (0x00000007ac6ffc68) thrown at [/HUDSON3/workspace/8-2-build-macosx-x86_64/jdk8u20/1074/hotspot/src/share/vm/prims/jvm.cpp, line 1275]
Event: 6.055 Thread 0x00007ff4f3004800 Exception <a 'java/security/PrivilegedActionException'> (0x00000007ac702c40) thrown at [/HUDSON3/workspace/8-2-build-macosx-x86_64/jdk8u20/1074/hotspot/src/share/vm/prims/jvm.cpp, line 1275]
Event: 6.055 Thread 0x00007ff4f3004800 Exception <a 'java/security/PrivilegedActionException'> (0x00000007ac706020) thrown at [/HUDSON3/workspace/8-2-build-macosx-x86_64/jdk8u20/1074/hotspot/src/share/vm/prims/jvm.cpp, line 1275]
Event: 6.056 Thread 0x00007ff4f3004800 Exception <a 'java/security/PrivilegedActionException'> (0x00000007ac709000) thrown at [/HUDSON3/workspace/8-2-build-macosx-x86_64/jdk8u20/1074/hotspot/src/share/vm/prims/jvm.cpp, line 1275]
Event: 6.056 Thread 0x00007ff4f3004800 Exception <a 'java/security/PrivilegedActionException'> (0x00000007ac70be68) thrown at [/HUDSON3/workspace/8-2-build-macosx-x86_64/jdk8u20/1074/hotspot/src/share/vm/prims/jvm.cpp, line 1275]
Event: 6.059 Thread 0x00007ff4f3004800 Exception <a 'java/security/PrivilegedActionException'> (0x00000007ac718880) thrown at [/HUDSON3/workspace/8-2-build-macosx-x86_64/jdk8u20/1074/hotspot/src/share/vm/prims/jvm.cpp, line 1275]
Event: 6.061 Thread 0x00007ff4f3004800 Exception <a 'java/security/PrivilegedActionException'> (0x00000007ac71c700) thrown at [/HUDSON3/workspace/8-2-build-macosx-x86_64/jdk8u20/1074/hotspot/src/share/vm/prims/jvm.cpp, line 1275]
Event: 12.075 Thread 0x00007ff4f3004800 Exception <a 'java/security/PrivilegedActionException'> (0x00000007ac754b08) thrown at [/HUDSON3/workspace/8-2-build-macosx-x86_64/jdk8u20/1074/hotspot/src/share/vm/prims/jvm.cpp, line 1275]

Events (10 events):
Event: 8.120 loading class sun/awt/AWTAutoShutdown$1
Event: 8.120 loading class sun/awt/AWTAutoShutdown$1 done
Event: 8.120 Thread 0x00007ff4f2ba1800 Thread exited: 0x00007ff4f2ba1800
Event: 8.577 Thread 0x00007ff4f3004800 DEOPT PACKING pc=0x000000010268c096 sp=0x0000700000219670
Event: 8.577 Thread 0x00007ff4f3004800 DEOPT UNPACKING pc=0x0000000102362373 sp=0x00007000002193b0 mode 0
Event: 10.933 Thread 0x00007ff4f2cef000 Thread added: 0x00007ff4f2cef000
Event: 12.075 loading class org/newdawn/slick/geom/Vector2f
Event: 12.075 loading class org/newdawn/slick/geom/Vector2f done
Event: 12.076 loading class sun/misc/FDBigInteger
Event: 12.077 loading class sun/misc/FDBigInteger done


Dynamic libraries:
0x000000000a04e000 	/System/Library/Frameworks/Cocoa.framework/Versions/A/Cocoa
0x000000000a04e000 	/System/Library/Frameworks/Security.framework/Versions/A/Security
0x000000000a04e000 	/System/Library/Frameworks/ApplicationServices.framework/Versions/A/ApplicationServices
0x000000000a04e000 	/usr/lib/libz.1.dylib
0x000000000a04e000 	/usr/lib/libSystem.B.dylib
0x000000000a04e000 	/usr/lib/libobjc.A.dylib
0x000000000a04e000 	/System/Library/Frameworks/CoreFoundation.framework/Versions/A/CoreFoundation
0x000000000a04e000 	/System/Library/Frameworks/Foundation.framework/Versions/C/Foundation
0x000000000a04e000 	/System/Library/Frameworks/AppKit.framework/Versions/C/AppKit
0x000000000a04e000 	/System/Library/Frameworks/CoreData.framework/Versions/A/CoreData
0x000000000a04e000 	/System/Library/PrivateFrameworks/RemoteViewServices.framework/Versions/A/RemoteViewServices
0x000000000a04e000 	/System/Library/PrivateFrameworks/UIFoundation.framework/Versions/A/UIFoundation
0x000000000a04e000 	/usr/lib/libScreenReader.dylib
0x000000000a04e000 	/System/Library/Frameworks/Accelerate.framework/Versions/A/Accelerate
0x000000000a04e000 	/System/Library/Frameworks/IOSurface.framework/Versions/A/IOSurface
0x000000000a04e000 	/System/Library/Frameworks/AudioToolbox.framework/Versions/A/AudioToolbox
0x000000000a04e000 	/System/Library/Frameworks/AudioUnit.framework/Versions/A/AudioUnit
0x000000000a04e000 	/System/Library/PrivateFrameworks/DataDetectorsCore.framework/Versions/A/DataDetectorsCore
0x000000000a04e000 	/System/Library/PrivateFrameworks/DesktopServicesPriv.framework/Versions/A/DesktopServicesPriv
0x000000000a04e000 	/System/Library/Frameworks/Carbon.framework/Versions/A/Frameworks/HIToolbox.framework/Versions/A/HIToolbox
0x000000000a04e000 	/System/Library/Frameworks/QuartzCore.framework/Versions/A/QuartzCore
0x000000000a04e000 	/System/Library/Frameworks/Carbon.framework/Versions/A/Frameworks/SpeechRecognition.framework/Versions/A/SpeechRecognition
0x000000000a04e000 	/usr/lib/libauto.dylib
0x000000000a04e000 	/usr/lib/libicucore.A.dylib
0x000000000a04e000 	/usr/lib/libxml2.2.dylib
0x000000000a04e000 	/System/Library/PrivateFrameworks/CoreUI.framework/Versions/A/CoreUI
0x000000000a04e000 	/System/Library/Frameworks/CoreAudio.framework/Versions/A/CoreAudio
0x000000000a04e000 	/System/Library/Frameworks/DiskArbitration.framework/Versions/A/DiskArbitration
0x000000000a04e000 	/usr/lib/liblangid.dylib
0x000000000a04e000 	/System/Library/PrivateFrameworks/MultitouchSupport.framework/Versions/A/MultitouchSupport
0x000000000a04e000 	/System/Library/Frameworks/IOKit.framework/Versions/A/IOKit
0x000000000a04e000 	/usr/lib/libDiagnosticMessagesClient.dylib
0x000000000a04e000 	/System/Library/Frameworks/CoreServices.framework/Versions/A/CoreServices
0x000000000a04e000 	/System/Library/PrivateFrameworks/PerformanceAnalysis.framework/Versions/A/PerformanceAnalysis
0x000000000a04e000 	/System/Library/PrivateFrameworks/GenerationalStorage.framework/Versions/A/GenerationalStorage
0x000000000a04e000 	/System/Library/Frameworks/OpenGL.framework/Versions/A/OpenGL
0x000000000a04e000 	/System/Library/PrivateFrameworks/Sharing.framework/Versions/A/Sharing
0x000000000a04e000 	/System/Library/Frameworks/CoreGraphics.framework/Versions/A/CoreGraphics
0x000000000a04e000 	/System/Library/Frameworks/CoreImage.framework/Versions/A/CoreImage
0x000000000a04e000 	/System/Library/Frameworks/CoreText.framework/Versions/A/CoreText
0x000000000a04e000 	/System/Library/Frameworks/ImageIO.framework/Versions/A/ImageIO
0x000000000a04e000 	/System/Library/PrivateFrameworks/Backup.framework/Versions/A/Backup
0x000000000a04e000 	/usr/lib/libextension.dylib
0x000000000a04e000 	/usr/lib/libarchive.2.dylib
0x000000000a04e000 	/System/Library/Frameworks/CFNetwork.framework/Versions/A/CFNetwork
0x000000000a04e000 	/System/Library/Frameworks/SystemConfiguration.framework/Versions/A/SystemConfiguration
0x000000000a04e000 	/usr/lib/libCRFSuite.dylib
0x000000000a04e000 	/usr/lib/libc++.1.dylib
0x000000000a04e000 	/usr/lib/libc++abi.dylib
0x000000000a04e000 	/usr/lib/system/libcache.dylib
0x000000000a04e000 	/usr/lib/system/libcommonCrypto.dylib
0x000000000a04e000 	/usr/lib/system/libcompiler_rt.dylib
0x000000000a04e000 	/usr/lib/system/libcopyfile.dylib
0x000000000a04e000 	/usr/lib/system/libcorecrypto.dylib
0x000000000a04e000 	/usr/lib/system/libdispatch.dylib
0x000000000a04e000 	/usr/lib/system/libdyld.dylib
0x000000000a04e000 	/usr/lib/system/libkeymgr.dylib
0x000000000a04e000 	/usr/lib/system/liblaunch.dylib
0x000000000a04e000 	/usr/lib/system/libmacho.dylib
0x000000000a04e000 	/usr/lib/system/libquarantine.dylib
0x000000000a04e000 	/usr/lib/system/libremovefile.dylib
0x000000000a04e000 	/usr/lib/system/libsystem_asl.dylib
0x000000000a04e000 	/usr/lib/system/libsystem_blocks.dylib
0x000000000a04e000 	/usr/lib/system/libsystem_c.dylib
0x000000000a04e000 	/usr/lib/system/libsystem_configuration.dylib
0x000000000a04e000 	/usr/lib/system/libsystem_coreservices.dylib
0x000000000a04e000 	/usr/lib/system/libsystem_coretls.dylib
0x000000000a04e000 	/usr/lib/system/libsystem_dnssd.dylib
0x000000000a04e000 	/usr/lib/system/libsystem_info.dylib
0x000000000a04e000 	/usr/lib/system/libsystem_kernel.dylib
0x000000000a04e000 	/usr/lib/system/libsystem_m.dylib
0x000000000a04e000 	/usr/lib/system/libsystem_malloc.dylib
0x000000000a04e000 	/usr/lib/system/libsystem_network.dylib
0x000000000a04e000 	/usr/lib/system/libsystem_networkextension.dylib
0x000000000a04e000 	/usr/lib/system/libsystem_notify.dylib
0x000000000a04e000 	/usr/lib/system/libsystem_platform.dylib
0x000000000a04e000 	/usr/lib/system/libsystem_pthread.dylib
0x000000000a04e000 	/usr/lib/system/libsystem_sandbox.dylib
0x000000000a04e000 	/usr/lib/system/libsystem_secinit.dylib
0x000000000a04e000 	/usr/lib/system/libsystem_trace.dylib
0x000000000a04e000 	/usr/lib/system/libunc.dylib
0x000000000a04e000 	/usr/lib/system/libunwind.dylib
0x000000000a04e000 	/usr/lib/system/libxpc.dylib
0x000000000a04e000 	/usr/lib/libenergytrace.dylib
0x000000000a04e000 	/usr/lib/libbsm.0.dylib
0x000000000a04e000 	/usr/lib/system/libkxld.dylib
0x000000000a04e000 	/usr/lib/libxar.1.dylib
0x000000000a04e000 	/usr/lib/libsqlite3.dylib
0x000000000a04e000 	/usr/lib/libpam.2.dylib
0x000000000a04e000 	/usr/lib/libOpenScriptingUtil.dylib
0x000000000a04e000 	/usr/lib/libbz2.1.0.dylib
0x000000000a04e000 	/usr/lib/liblzma.5.dylib
0x000000000a04e000 	/System/Library/Frameworks/CoreServices.framework/Versions/A/Frameworks/FSEvents.framework/Versions/A/FSEvents
0x000000000a04e000 	/System/Library/Frameworks/CoreServices.framework/Versions/A/Frameworks/CarbonCore.framework/Versions/A/CarbonCore
0x000000000a04e000 	/System/Library/Frameworks/CoreServices.framework/Versions/A/Frameworks/Metadata.framework/Versions/A/Metadata
0x000000000a04e000 	/System/Library/Frameworks/CoreServices.framework/Versions/A/Frameworks/OSServices.framework/Versions/A/OSServices
0x000000000a04e000 	/System/Library/Frameworks/CoreServices.framework/Versions/A/Frameworks/SearchKit.framework/Versions/A/SearchKit
0x000000000a04e000 	/System/Library/Frameworks/CoreServices.framework/Versions/A/Frameworks/AE.framework/Versions/A/AE
0x000000000a04e000 	/System/Library/Frameworks/CoreServices.framework/Versions/A/Frameworks/LaunchServices.framework/Versions/A/LaunchServices
0x000000000a04e000 	/System/Library/Frameworks/CoreServices.framework/Versions/A/Frameworks/DictionaryServices.framework/Versions/A/DictionaryServices
0x000000000a04e000 	/System/Library/Frameworks/CoreServices.framework/Versions/A/Frameworks/SharedFileList.framework/Versions/A/SharedFileList
0x000000000a04e000 	/System/Library/Frameworks/NetFS.framework/Versions/A/NetFS
0x000000000a04e000 	/System/Library/PrivateFrameworks/NetAuth.framework/Versions/A/NetAuth
0x000000000a04e000 	/System/Library/PrivateFrameworks/login.framework/Versions/A/Frameworks/loginsupport.framework/Versions/A/loginsupport
0x000000000a04e000 	/System/Library/PrivateFrameworks/TCC.framework/Versions/A/TCC
0x000000000a04e000 	/usr/lib/libmecabra.dylib
0x000000000a04e000 	/System/Library/Frameworks/ApplicationServices.framework/Versions/A/Frameworks/ATS.framework/Versions/A/ATS
0x000000000a04e000 	/System/Library/Frameworks/ApplicationServices.framework/Versions/A/Frameworks/ColorSync.framework/Versions/A/ColorSync
0x000000000a04e000 	/System/Library/Frameworks/ApplicationServices.framework/Versions/A/Frameworks/HIServices.framework/Versions/A/HIServices
0x000000000a04e000 	/System/Library/Frameworks/ApplicationServices.framework/Versions/A/Frameworks/LangAnalysis.framework/Versions/A/LangAnalysis
0x000000000a04e000 	/System/Library/Frameworks/ApplicationServices.framework/Versions/A/Frameworks/PrintCore.framework/Versions/A/PrintCore
0x000000000a04e000 	/System/Library/Frameworks/ApplicationServices.framework/Versions/A/Frameworks/QD.framework/Versions/A/QD
0x000000000a04e000 	/System/Library/Frameworks/ApplicationServices.framework/Versions/A/Frameworks/SpeechSynthesis.framework/Versions/A/SpeechSynthesis
0x000000000a04e000 	/System/Library/Frameworks/Metal.framework/Versions/A/Metal
0x000000000a04e000 	/System/Library/Frameworks/Accelerate.framework/Versions/A/Frameworks/vImage.framework/Versions/A/vImage
0x000000000a04e000 	/System/Library/Frameworks/Accelerate.framework/Versions/A/Frameworks/vecLib.framework/Versions/A/vecLib
0x000000000a04e000 	/System/Library/Frameworks/Accelerate.framework/Versions/A/Frameworks/vecLib.framework/Versions/A/libvDSP.dylib
0x000000000a04e000 	/System/Library/Frameworks/Accelerate.framework/Versions/A/Frameworks/vecLib.framework/Versions/A/libvMisc.dylib
0x000000000a04e000 	/System/Library/Frameworks/Accelerate.framework/Versions/A/Frameworks/vecLib.framework/Versions/A/libLAPACK.dylib
0x000000000a04e000 	/System/Library/Frameworks/Accelerate.framework/Versions/A/Frameworks/vecLib.framework/Versions/A/libBLAS.dylib
0x000000000a04e000 	/System/Library/Frameworks/Accelerate.framework/Versions/A/Frameworks/vecLib.framework/Versions/A/libLinearAlgebra.dylib
0x000000000a04e000 	/System/Library/Frameworks/Accelerate.framework/Versions/A/Frameworks/vecLib.framework/Versions/A/libSparseBLAS.dylib
0x000000000a04e000 	/System/Library/PrivateFrameworks/GPUCompiler.framework/libmetal_timestamp.dylib
0x000000000a04e000 	/System/Library/Frameworks/OpenGL.framework/Versions/A/Libraries/libCoreFSCache.dylib
0x000000000a04e000 	/System/Library/PrivateFrameworks/IOAccelerator.framework/Versions/A/IOAccelerator
0x000000000a04e000 	/System/Library/Frameworks/ApplicationServices.framework/Versions/A/Frameworks/ATS.framework/Versions/A/Resources/libFontParser.dylib
0x000000000a04e000 	/System/Library/Frameworks/ApplicationServices.framework/Versions/A/Frameworks/ATS.framework/Versions/A/Resources/libFontRegistry.dylib
0x000000000a04e000 	/System/Library/PrivateFrameworks/AppleVPA.framework/Versions/A/AppleVPA
0x000000000a04e000 	/System/Library/PrivateFrameworks/AppleJPEG.framework/Versions/A/AppleJPEG
0x000000000a04e000 	/System/Library/Frameworks/ImageIO.framework/Versions/A/Resources/libJPEG.dylib
0x000000000a04e000 	/System/Library/Frameworks/ImageIO.framework/Versions/A/Resources/libTIFF.dylib
0x000000000a04e000 	/System/Library/Frameworks/ImageIO.framework/Versions/A/Resources/libPng.dylib
0x000000000a04e000 	/System/Library/Frameworks/ImageIO.framework/Versions/A/Resources/libGIF.dylib
0x000000000a04e000 	/System/Library/Frameworks/ImageIO.framework/Versions/A/Resources/libJP2.dylib
0x000000000a04e000 	/System/Library/Frameworks/ImageIO.framework/Versions/A/Resources/libRadiance.dylib
0x000000000a04e000 	/System/Library/Frameworks/CoreVideo.framework/Versions/A/CoreVideo
0x000000000a04e000 	/System/Library/Frameworks/OpenGL.framework/Versions/A/Libraries/libGLU.dylib
0x000000000a04e000 	/System/Library/Frameworks/OpenGL.framework/Versions/A/Libraries/libGFXShared.dylib
0x000000000a04e000 	/System/Library/Frameworks/OpenGL.framework/Versions/A/Libraries/libGL.dylib
0x000000000a04e000 	/System/Library/Frameworks/OpenGL.framework/Versions/A/Libraries/libGLImage.dylib
0x000000000a04e000 	/System/Library/Frameworks/OpenGL.framework/Versions/A/Libraries/libCVMSPluginSupport.dylib
0x000000000a04e000 	/System/Library/Frameworks/OpenGL.framework/Versions/A/Libraries/libCoreVMClient.dylib
0x000000000a04e000 	/usr/lib/libcups.2.dylib
0x000000000a04e000 	/System/Library/Frameworks/Kerberos.framework/Versions/A/Kerberos
0x000000000a04e000 	/System/Library/Frameworks/GSS.framework/Versions/A/GSS
0x000000000a04e000 	/usr/lib/libresolv.9.dylib
0x000000000a04e000 	/usr/lib/libiconv.2.dylib
0x000000000a04e000 	/System/Library/PrivateFrameworks/Heimdal.framework/Versions/A/Heimdal
0x000000000a04e000 	/usr/lib/libheimdal-asn1.dylib
0x000000000a04e000 	/System/Library/Frameworks/OpenDirectory.framework/Versions/A/OpenDirectory
0x000000000a04e000 	/System/Library/PrivateFrameworks/CommonAuth.framework/Versions/A/CommonAuth
0x000000000a04e000 	/System/Library/Frameworks/OpenDirectory.framework/Versions/A/Frameworks/CFOpenDirectory.framework/Versions/A/CFOpenDirectory
0x000000000a04e000 	/System/Library/Frameworks/SecurityFoundation.framework/Versions/A/SecurityFoundation
0x000000000a04e000 	/System/Library/PrivateFrameworks/LanguageModeling.framework/Versions/A/LanguageModeling
0x000000000a04e000 	/usr/lib/libmarisa.dylib
0x000000000a04e000 	/usr/lib/libChineseTokenizer.dylib
0x000000000a04e000 	/usr/lib/libcmph.dylib
0x000000000a04e000 	/usr/lib/libcompression.dylib
0x000000000a04e000 	/System/Library/Frameworks/ServiceManagement.framework/Versions/A/ServiceManagement
0x000000000a04e000 	/usr/lib/libxslt.1.dylib
0x000000000a04e000 	/System/Library/Frameworks/Carbon.framework/Versions/A/Frameworks/Ink.framework/Versions/A/Ink
0x000000000a04e000 	/usr/lib/libFosl_dynamic.dylib
0x000000000a04e000 	/System/Library/PrivateFrameworks/FaceCore.framework/Versions/A/FaceCore
0x000000000a04e000 	/System/Library/Frameworks/OpenCL.framework/Versions/A/OpenCL
0x000000000a04e000 	/System/Library/PrivateFrameworks/CrashReporterSupport.framework/Versions/A/CrashReporterSupport
0x000000000a04e000 	/System/Library/PrivateFrameworks/IconServices.framework/Versions/A/IconServices
0x000000000a04e000 	/System/Library/PrivateFrameworks/Apple80211.framework/Versions/A/Apple80211
0x000000000a04e000 	/System/Library/Frameworks/CoreWLAN.framework/Versions/A/CoreWLAN
0x000000000a04e000 	/System/Library/Frameworks/IOBluetooth.framework/Versions/A/IOBluetooth
0x000000000a04e000 	/System/Library/PrivateFrameworks/CoreWiFi.framework/Versions/A/CoreWiFi
0x000000000a04e000 	/System/Library/Frameworks/CoreBluetooth.framework/Versions/A/CoreBluetooth
0x000000000a04e000 	/System/Library/PrivateFrameworks/ChunkingLibrary.framework/Versions/A/ChunkingLibrary
0x000000000a04e000 	/System/Library/PrivateFrameworks/DebugSymbols.framework/Versions/A/DebugSymbols
0x000000000a04e000 	/System/Library/PrivateFrameworks/CoreSymbolication.framework/Versions/A/CoreSymbolication
0x000000000a04e000 	/System/Library/PrivateFrameworks/Symbolication.framework/Versions/A/Symbolication
0x000000000a04e000 	/System/Library/PrivateFrameworks/SpeechRecognitionCore.framework/Versions/A/SpeechRecognitionCore
0x0000000101400000 	/Library/Java/JavaVirtualMachines/jdk1.8.0_20.jdk/Contents/Home/jre/lib/server/libjvm.dylib
0x000000000a04e000 	/usr/lib/libstdc++.6.dylib
0x0000000100a57000 	/Library/Java/JavaVirtualMachines/jdk1.8.0_20.jdk/Contents/Home/jre/lib/libverify.dylib
0x0000000100a65000 	/Library/Java/JavaVirtualMachines/jdk1.8.0_20.jdk/Contents/Home/jre/lib/libjava.dylib
0x0000000100aa3000 	/Library/Java/JavaVirtualMachines/jdk1.8.0_20.jdk/Contents/Home/jre/lib/libzip.dylib
0x00000001155c4000 	/System/Library/Frameworks/JavaVM.framework/Frameworks/JavaRuntimeSupport.framework/JavaRuntimeSupport
0x00000001155df000 	/System/Library/Frameworks/JavaVM.framework/Versions/A/Frameworks/JavaNativeFoundation.framework/Versions/A/JavaNativeFoundation
0x00000001155f4000 	/System/Library/Frameworks/JavaVM.framework/Versions/A/JavaVM
0x000000000a04e000 	/System/Library/Frameworks/Carbon.framework/Versions/A/Carbon
0x0000000115601000 	/System/Library/PrivateFrameworks/JavaLaunching.framework/Versions/A/JavaLaunching
0x000000000a04e000 	/System/Library/Frameworks/Carbon.framework/Versions/A/Frameworks/CommonPanels.framework/Versions/A/CommonPanels
0x000000000a04e000 	/System/Library/Frameworks/Carbon.framework/Versions/A/Frameworks/Help.framework/Versions/A/Help
0x000000000a04e000 	/System/Library/Frameworks/Carbon.framework/Versions/A/Frameworks/ImageCapture.framework/Versions/A/ImageCapture
0x000000000a04e000 	/System/Library/Frameworks/Carbon.framework/Versions/A/Frameworks/OpenScripting.framework/Versions/A/OpenScripting
0x000000000a04e000 	/System/Library/Frameworks/Carbon.framework/Versions/A/Frameworks/Print.framework/Versions/A/Print
0x000000000a04e000 	/System/Library/Frameworks/Carbon.framework/Versions/A/Frameworks/SecurityHI.framework/Versions/A/SecurityHI
0x0000000116f80000 	/Library/Java/JavaVirtualMachines/jdk1.8.0_20.jdk/Contents/Home/jre/lib/libawt.dylib
0x000000011702f000 	/Library/Java/JavaVirtualMachines/jdk1.8.0_20.jdk/Contents/Home/jre/lib/./libmlib_image.dylib
0x00000001170fb000 	/Library/Java/JavaVirtualMachines/jdk1.8.0_20.jdk/Contents/Home/jre/lib/libawt_lwawt.dylib
0x00000001171ae000 	/Library/Java/JavaVirtualMachines/jdk1.8.0_20.jdk/Contents/Home/jre/lib/./libosxapp.dylib
0x000000000a04e000 	/System/Library/Frameworks/ExceptionHandling.framework/Versions/A/ExceptionHandling
0x000000000a04e000 	/System/Library/PrivateFrameworks/CoreServicesInternal.framework/Versions/A/CoreServicesInternal
0x000000000a04e000 	/System/Library/Frameworks/CoreGraphics.framework/Versions/A/Resources/libRIP.A.dylib
0x000000000a04e000 	/System/Library/Frameworks/Accelerate.framework/Versions/A/Frameworks/vImage.framework/Versions/A/Libraries/libCGInterfaces.dylib
0x000000000a04e000 	/System/Library/Frameworks/CoreGraphics.framework/Versions/A/Resources/libCGXType.A.dylib
0x000000000a04e000 	/System/Library/Frameworks/OpenCL.framework/Versions/A/Libraries/libcldcpuengine.dylib
0x000000000a04e000 	/System/Library/PrivateFrameworks/DiskImages.framework/Versions/A/DiskImages
0x000000000a04e000 	/System/Library/Frameworks/DiscRecording.framework/Versions/A/DiscRecording
0x000000000a04e000 	/usr/lib/libcsfde.dylib
0x000000000a04e000 	/usr/lib/libcurl.4.dylib
0x000000000a04e000 	/System/Library/PrivateFrameworks/MediaKit.framework/Versions/A/MediaKit
0x000000000a04e000 	/System/Library/PrivateFrameworks/ProtectedCloudStorage.framework/Versions/A/ProtectedCloudStorage
0x000000000a04e000 	/usr/lib/libCoreStorage.dylib
0x000000000a04e000 	/System/Library/PrivateFrameworks/EFILogin.framework/Versions/A/EFILogin
0x000000000a04e000 	/usr/lib/libutil.dylib
0x000000000a04e000 	/System/Library/PrivateFrameworks/FindMyDevice.framework/Versions/A/FindMyDevice
0x000000000a04e000 	/System/Library/Frameworks/LDAP.framework/Versions/A/LDAP
0x000000000a04e000 	/usr/lib/libsasl2.2.dylib
0x000000000a04e000 	/System/Library/PrivateFrameworks/CoreDaemon.framework/Versions/B/CoreDaemon
0x000000000a04e000 	/usr/lib/libcrypto.0.9.8.dylib
0x000000000a04e000 	/System/Library/PrivateFrameworks/AppleSRP.framework/Versions/A/AppleSRP
0x000000000a04e000 	/System/Library/PrivateFrameworks/TrustEvaluationAgent.framework/Versions/A/TrustEvaluationAgent
0x0000000117da8000 	cl_kernels
0x000000000a04e000 	/System/Library/Frameworks/OpenCL.framework/Versions/A/Libraries/ImageFormats/unorm8_bgra.dylib
0x000000000a04e000 	/System/Library/Frameworks/OpenCL.framework/Versions/A/Libraries/ImageFormats/unorm8_rgba.dylib
0x000000000a04e000 	/System/Library/PrivateFrameworks/FamilyControls.framework/Versions/A/FamilyControls
0x000000000a04e000 	/System/Library/PrivateFrameworks/CommerceKit.framework/Versions/A/Frameworks/CommerceCore.framework/Versions/A/CommerceCore
0x000000000a04e000 	/System/Library/PrivateFrameworks/SystemAdministration.framework/Versions/A/SystemAdministration
0x000000000a04e000 	/System/Library/PrivateFrameworks/AppContainer.framework/Versions/A/AppContainer
0x000000000a04e000 	/System/Library/PrivateFrameworks/SecCodeWrapper.framework/Versions/A/SecCodeWrapper
0x000000000a04e000 	/System/Library/Frameworks/DirectoryService.framework/Versions/A/DirectoryService
0x000000000a04e000 	/System/Library/PrivateFrameworks/LoginUIKit.framework/Versions/A/Frameworks/LoginUICore.framework/Versions/A/LoginUICore
0x000000000a04e000 	/usr/lib/libodfde.dylib
0x0000000117dc9000 	/Library/Java/JavaVirtualMachines/jdk1.8.0_20.jdk/Contents/Home/jre/lib/libfontmanager.dylib
0x0000000119bdc000 	/Users/Ben/Desktop/workspace/SpaceAndy/slick/liblwjgl.dylib
0x0000000117bc1000 	/Library/Java/JavaVirtualMachines/jdk1.8.0_20.jdk/Contents/Home/jre/lib/libjawt.dylib
0x000000000a04e000 	/System/Library/Frameworks/OpenGL.framework/Versions/A/Resources/GLEngine.bundle/GLEngine
0x000000000a04e000 	/System/Library/Frameworks/OpenGL.framework/Versions/A/Libraries/libGLProgrammability.dylib
0x0000000119c5e000 	/System/Library/Extensions/AppleIntelHD4000GraphicsGLDriver.bundle/Contents/MacOS/AppleIntelHD4000GraphicsGLDriver
0x000000000a04e000 	/System/Library/PrivateFrameworks/GPUSupport.framework/Versions/A/Libraries/libGPUSupportMercury.dylib
0x000000000a04e000 	/System/Library/Frameworks/OpenGL.framework/Versions/A/Resources/GLRendererFloat.bundle/GLRendererFloat
0x000000011c028000 	/Library/Java/JavaVirtualMachines/jdk1.8.0_20.jdk/Contents/Home/jre/lib/libnet.dylib
0x000000011bd6e000 	/Library/Java/JavaVirtualMachines/jdk1.8.0_20.jdk/Contents/Home/jre/lib/libnio.dylib
0x000000000a04e000 	/System/Library/Frameworks/ApplicationServices.framework/Versions/A/Frameworks/ATS.framework/Versions/A/Resources/libTrueTypeScaler.dylib
0x000000000a04e000 	/System/Library/Frameworks/ApplicationServices.framework/Versions/A/Frameworks/ATS.framework/Versions/A/Resources/libType1Scaler.dylib
0x0000000117d58000 	/Library/Java/JavaVirtualMachines/jdk1.8.0_20.jdk/Contents/Home/jre/lib/libjpeg.dylib

VM Arguments:
jvm_args: -Djava.library.path=/Users/Ben/Desktop/workspace/SpaceAndy/slick:/Users/Ben/Desktop/workspace/SpaceAndy/slick:/Users/Ben/Desktop/workspace/SpaceAndy/slick:/Users/Ben/Desktop/workspace/SpaceAndy/slick -Dfile.encoding=UTF-8 
java_command: SpaceDriver
java_class_path (initial): /Users/Ben/Desktop/workspace/SpaceAndy/bin:/Users/Ben/Desktop/workspace/SpaceAndy/slick/lib/slick.jar:/Users/Ben/Desktop/workspace/SpaceAndy/slick/lib/lwjgl.jar
Launcher Type: SUN_STANDARD

Environment Variables:
PATH=/usr/bin:/bin:/usr/sbin:/sbin
SHELL=/bin/bash
DISPLAY=/private/tmp/com.apple.launchd.MQKSsJfnJu/org.macosforge.xquartz:0

Signal Handlers:
SIGSEGV: [libjvm.dylib+0x578fd7], sa_mask[0]=11111111011111110111111111111111, sa_flags=SA_ONSTACK|SA_RESTART|SA_SIGINFO
SIGBUS: [libjvm.dylib+0x578fd7], sa_mask[0]=11111111011111110111111111111111, sa_flags=SA_RESTART|SA_SIGINFO
SIGFPE: [libjvm.dylib+0x45ab0c], sa_mask[0]=11111111011111110111111111111111, sa_flags=SA_RESTART|SA_SIGINFO
SIGPIPE: [libjvm.dylib+0x45ab0c], sa_mask[0]=11111111011111110111111111111111, sa_flags=SA_RESTART|SA_SIGINFO
SIGXFSZ: [libjvm.dylib+0x45ab0c], sa_mask[0]=11111111011111110111111111111111, sa_flags=SA_RESTART|SA_SIGINFO
SIGILL: [libjvm.dylib+0x45ab0c], sa_mask[0]=11111111011111110111111111111111, sa_flags=SA_RESTART|SA_SIGINFO
SIGUSR1: SIG_DFL, sa_mask[0]=00000000000000000000000000000000, sa_flags=none
SIGUSR2: [libjvm.dylib+0x45a62a], sa_mask[0]=00100000000000000000000000000000, sa_flags=SA_RESTART|SA_SIGINFO
SIGHUP: [libjvm.dylib+0x458bfd], sa_mask[0]=11111111011111110111111111111111, sa_flags=SA_RESTART|SA_SIGINFO
SIGINT: [libjvm.dylib+0x458bfd], sa_mask[0]=11111111011111110111111111111111, sa_flags=SA_RESTART|SA_SIGINFO
SIGTERM: [libjvm.dylib+0x458bfd], sa_mask[0]=11111111011111110111111111111111, sa_flags=SA_RESTART|SA_SIGINFO
SIGQUIT: [libjvm.dylib+0x458bfd], sa_mask[0]=11111111011111110111111111111111, sa_flags=SA_RESTART|SA_SIGINFO


---------------  S Y S T E M  ---------------

OS:Bsduname:Darwin 15.0.0 Darwin Kernel Version 15.0.0: Wed Aug 26 16:57:32 PDT 2015; root:xnu-3247.1.106~1/RELEASE_X86_64 x86_64
rlimit: STACK 8192k, CORE 0k, NPROC 709, NOFILE 10240, AS infinity
load average:1.67 1.71 1.72

CPU:total 4 (2 cores per cpu, 2 threads per core) family 6 model 58 stepping 9, cmov, cx8, fxsr, mmx, sse, sse2, sse3, ssse3, sse4.1, sse4.2, popcnt, avx, aes, clmul, erms, ht, tsc, tscinvbit, tscinv

Memory: 4k page, physical 4194304k(145252k free)

/proc/meminfo:


vm_info: Java HotSpot(TM) 64-Bit Server VM (25.20-b23) for bsd-amd64 JRE (1.8.0_20-b26), built on Jul 30 2014 13:37:47 by "java_re" with gcc 4.2.1 (Based on Apple Inc. build 5658) (LLVM build 2336.9.00)

time: Fri Dec 11 23:10:17 2015
elapsed time: 17 seconds (0d 0h 0m 17s)

